ERROR - 2022-06-19 20:37:18 --> Duplicate entry '' for key 'username'
CRITICAL - 2022-06-19 20:37:18 --> Duplicate entry '' for key 'username'
#0 A:\xampp\htdocs\app-sip\vendor\codeigniter4\framework\system\Database\MySQLi\Connection.php(292): mysqli->query('INSERT INTO `tb...', 0)
#1 A:\xampp\htdocs\app-sip\vendor\codeigniter4\framework\system\Database\BaseConnection.php(670): CodeIgniter\Database\MySQLi\Connection->execute('INSERT INTO `tb...')
#2 A:\xampp\htdocs\app-sip\vendor\codeigniter4\framework\system\Database\BaseConnection.php(598): CodeIgniter\Database\BaseConnection->simpleQuery('INSERT INTO `tb...')
#3 A:\xampp\htdocs\app-sip\vendor\codeigniter4\framework\system\Database\BaseBuilder.php(1771): CodeIgniter\Database\BaseConnection->query('INSERT INTO `tb...', Array, false)
#4 A:\xampp\htdocs\app-sip\app\Models\AdminModel.php(67): CodeIgniter\Database\BaseBuilder->insert(Array)
#5 A:\xampp\htdocs\app-sip\app\Controllers\DataAdmin.php(90): App\Models\AdminModel->save_admin_in_admin(Array)
#6 A:\xampp\htdocs\app-sip\vendor\codeigniter4\framework\system\CodeIgniter.php(832): App\Controllers\DataAdmin->add()
#7 A:\xampp\htdocs\app-sip\vendor\codeigniter4\framework\system\CodeIgniter.php(419): CodeIgniter\CodeIgniter->runController(Object(App\Controllers\DataAdmin))
#8 A:\xampp\htdocs\app-sip\vendor\codeigniter4\framework\system\CodeIgniter.php(326): CodeIgniter\CodeIgniter->handleRequest(NULL, Object(Config\Cache), false)
#9 A:\xampp\htdocs\app-sip\public\index.php(37): CodeIgniter\CodeIgniter->run()
#10 A:\xampp\htdocs\app-sip\vendor\codeigniter4\framework\system\Commands\Server\rewrite.php(43): require_once('A:\\xampp\\htdocs...')
#11 {main}
ERROR - 2022-06-19 20:37:19 --> Duplicate entry '' for key 'username'
CRITICAL - 2022-06-19 20:37:19 --> Duplicate entry '' for key 'username'
#0 A:\xampp\htdocs\app-sip\vendor\codeigniter4\framework\system\Database\MySQLi\Connection.php(292): mysqli->query('INSERT INTO `tb...', 0)
#1 A:\xampp\htdocs\app-sip\vendor\codeigniter4\framework\system\Database\BaseConnection.php(670): CodeIgniter\Database\MySQLi\Connection->execute('INSERT INTO `tb...')
#2 A:\xampp\htdocs\app-sip\vendor\codeigniter4\framework\system\Database\BaseConnection.php(598): CodeIgniter\Database\BaseConnection->simpleQuery('INSERT INTO `tb...')
#3 A:\xampp\htdocs\app-sip\vendor\codeigniter4\framework\system\Database\BaseBuilder.php(1771): CodeIgniter\Database\BaseConnection->query('INSERT INTO `tb...', Array, false)
#4 A:\xampp\htdocs\app-sip\app\Models\AdminModel.php(67): CodeIgniter\Database\BaseBuilder->insert(Array)
#5 A:\xampp\htdocs\app-sip\app\Controllers\DataAdmin.php(90): App\Models\AdminModel->save_admin_in_admin(Array)
#6 A:\xampp\htdocs\app-sip\vendor\codeigniter4\framework\system\CodeIgniter.php(832): App\Controllers\DataAdmin->add()
#7 A:\xampp\htdocs\app-sip\vendor\codeigniter4\framework\system\CodeIgniter.php(419): CodeIgniter\CodeIgniter->runController(Object(App\Controllers\DataAdmin))
#8 A:\xampp\htdocs\app-sip\vendor\codeigniter4\framework\system\CodeIgniter.php(326): CodeIgniter\CodeIgniter->handleRequest(NULL, Object(Config\Cache), false)
#9 A:\xampp\htdocs\app-sip\public\index.php(37): CodeIgniter\CodeIgniter->run()
#10 A:\xampp\htdocs\app-sip\vendor\codeigniter4\framework\system\Commands\Server\rewrite.php(43): require_once('A:\\xampp\\htdocs...')
#11 {main}
CRITICAL - 2022-06-19 23:37:03 --> Undefined offset: 0
#0 A:\xampp\htdocs\app-sip\app\Controllers\Opd\DataUsulan.php(55): CodeIgniter\Debug\Exceptions->errorHandler(8, 'Undefined offse...', 'A:\\xampp\\htdocs...', 55, Array)
#1 A:\xampp\htdocs\app-sip\vendor\codeigniter4\framework\system\CodeIgniter.php(832): App\Controllers\Opd\DataUsulan->index()
#2 A:\xampp\htdocs\app-sip\vendor\codeigniter4\framework\system\CodeIgniter.php(419): CodeIgniter\CodeIgniter->runController(Object(App\Controllers\Opd\DataUsulan))
#3 A:\xampp\htdocs\app-sip\vendor\codeigniter4\framework\system\CodeIgniter.php(326): CodeIgniter\CodeIgniter->handleRequest(NULL, Object(Config\Cache), false)
#4 A:\xampp\htdocs\app-sip\public\index.php(37): CodeIgniter\CodeIgniter->run()
#5 A:\xampp\htdocs\app-sip\vendor\codeigniter4\framework\system\Commands\Server\rewrite.php(43): require_once('A:\\xampp\\htdocs...')
#6 {main}
ERROR - 2022-06-19 23:37:42 --> Duplicate entry '' for key 'username'
CRITICAL - 2022-06-19 23:37:42 --> Duplicate entry '' for key 'username'
#0 A:\xampp\htdocs\app-sip\vendor\codeigniter4\framework\system\Database\MySQLi\Connection.php(292): mysqli->query('INSERT INTO `tb...', 0)
#1 A:\xampp\htdocs\app-sip\vendor\codeigniter4\framework\system\Database\BaseConnection.php(670): CodeIgniter\Database\MySQLi\Connection->execute('INSERT INTO `tb...')
#2 A:\xampp\htdocs\app-sip\vendor\codeigniter4\framework\system\Database\BaseConnection.php(598): CodeIgniter\Database\BaseConnection->simpleQuery('INSERT INTO `tb...')
#3 A:\xampp\htdocs\app-sip\vendor\codeigniter4\framework\system\Database\BaseBuilder.php(1771): CodeIgniter\Database\BaseConnection->query('INSERT INTO `tb...', Array, false)
#4 A:\xampp\htdocs\app-sip\app\Models\AdminModel.php(67): CodeIgniter\Database\BaseBuilder->insert(Array)
#5 A:\xampp\htdocs\app-sip\app\Controllers\DataAdmin.php(90): App\Models\AdminModel->save_admin_in_admin(Array)
#6 A:\xampp\htdocs\app-sip\vendor\codeigniter4\framework\system\CodeIgniter.php(832): App\Controllers\DataAdmin->add()
#7 A:\xampp\htdocs\app-sip\vendor\codeigniter4\framework\system\CodeIgniter.php(419): CodeIgniter\CodeIgniter->runController(Object(App\Controllers\DataAdmin))
#8 A:\xampp\htdocs\app-sip\vendor\codeigniter4\framework\system\CodeIgniter.php(326): CodeIgniter\CodeIgniter->handleRequest(NULL, Object(Config\Cache), false)
#9 A:\xampp\htdocs\app-sip\public\index.php(37): CodeIgniter\CodeIgniter->run()
#10 A:\xampp\htdocs\app-sip\vendor\codeigniter4\framework\system\Commands\Server\rewrite.php(43): require_once('A:\\xampp\\htdocs...')
#11 {main}
ERROR - 2022-06-19 23:38:28 --> Duplicate entry '' for key 'username'
CRITICAL - 2022-06-19 23:38:28 --> Duplicate entry '' for key 'username'
#0 A:\xampp\htdocs\app-sip\vendor\codeigniter4\framework\system\Database\MySQLi\Connection.php(292): mysqli->query('INSERT INTO `tb...', 0)
#1 A:\xampp\htdocs\app-sip\vendor\codeigniter4\framework\system\Database\BaseConnection.php(670): CodeIgniter\Database\MySQLi\Connection->execute('INSERT INTO `tb...')
#2 A:\xampp\htdocs\app-sip\vendor\codeigniter4\framework\system\Database\BaseConnection.php(598): CodeIgniter\Database\BaseConnection->simpleQuery('INSERT INTO `tb...')
#3 A:\xampp\htdocs\app-sip\vendor\codeigniter4\framework\system\Database\BaseBuilder.php(1771): CodeIgniter\Database\BaseConnection->query('INSERT INTO `tb...', Array, false)
#4 A:\xampp\htdocs\app-sip\app\Models\AdminModel.php(67): CodeIgniter\Database\BaseBuilder->insert(Array)
#5 A:\xampp\htdocs\app-sip\app\Controllers\DataAdmin.php(90): App\Models\AdminModel->save_admin_in_admin(Array)
#6 A:\xampp\htdocs\app-sip\vendor\codeigniter4\framework\system\CodeIgniter.php(832): App\Controllers\DataAdmin->add()
#7 A:\xampp\htdocs\app-sip\vendor\codeigniter4\framework\system\CodeIgniter.php(419): CodeIgniter\CodeIgniter->runController(Object(App\Controllers\DataAdmin))
#8 A:\xampp\htdocs\app-sip\vendor\codeigniter4\framework\system\CodeIgniter.php(326): CodeIgniter\CodeIgniter->handleRequest(NULL, Object(Config\Cache), false)
#9 A:\xampp\htdocs\app-sip\public\index.php(37): CodeIgniter\CodeIgniter->run()
#10 A:\xampp\htdocs\app-sip\vendor\codeigniter4\framework\system\Commands\Server\rewrite.php(43): require_once('A:\\xampp\\htdocs...')
#11 {main}
ERROR - 2022-06-19 23:38:30 --> Duplicate entry '' for key 'username'
CRITICAL - 2022-06-19 23:38:30 --> Duplicate entry '' for key 'username'
#0 A:\xampp\htdocs\app-sip\vendor\codeigniter4\framework\system\Database\MySQLi\Connection.php(292): mysqli->query('INSERT INTO `tb...', 0)
#1 A:\xampp\htdocs\app-sip\vendor\codeigniter4\framework\system\Database\BaseConnection.php(670): CodeIgniter\Database\MySQLi\Connection->execute('INSERT INTO `tb...')
#2 A:\xampp\htdocs\app-sip\vendor\codeigniter4\framework\system\Database\BaseConnection.php(598): CodeIgniter\Database\BaseConnection->simpleQuery('INSERT INTO `tb...')
#3 A:\xampp\htdocs\app-sip\vendor\codeigniter4\framework\system\Database\BaseBuilder.php(1771): CodeIgniter\Database\BaseConnection->query('INSERT INTO `tb...', Array, false)
#4 A:\xampp\htdocs\app-sip\app\Models\AdminModel.php(67): CodeIgniter\Database\BaseBuilder->insert(Array)
#5 A:\xampp\htdocs\app-sip\app\Controllers\DataAdmin.php(90): App\Models\AdminModel->save_admin_in_admin(Array)
#6 A:\xampp\htdocs\app-sip\vendor\codeigniter4\framework\system\CodeIgniter.php(832): App\Controllers\DataAdmin->add()
#7 A:\xampp\htdocs\app-sip\vendor\codeigniter4\framework\system\CodeIgniter.php(419): CodeIgniter\CodeIgniter->runController(Object(App\Controllers\DataAdmin))
#8 A:\xampp\htdocs\app-sip\vendor\codeigniter4\framework\system\CodeIgniter.php(326): CodeIgniter\CodeIgniter->handleRequest(NULL, Object(Config\Cache), false)
#9 A:\xampp\htdocs\app-sip\public\index.php(37): CodeIgniter\CodeIgniter->run()
#10 A:\xampp\htdocs\app-sip\vendor\codeigniter4\framework\system\Commands\Server\rewrite.php(43): require_once('A:\\xampp\\htdocs...')
#11 {main}
ERROR - 2022-06-19 23:39:04 --> Duplicate entry '' for key 'username'
CRITICAL - 2022-06-19 23:39:04 --> Duplicate entry '' for key 'username'
#0 A:\xampp\htdocs\app-sip\vendor\codeigniter4\framework\system\Database\MySQLi\Connection.php(292): mysqli->query('INSERT INTO `tb...', 0)
#1 A:\xampp\htdocs\app-sip\vendor\codeigniter4\framework\system\Database\BaseConnection.php(670): CodeIgniter\Database\MySQLi\Connection->execute('INSERT INTO `tb...')
#2 A:\xampp\htdocs\app-sip\vendor\codeigniter4\framework\system\Database\BaseConnection.php(598): CodeIgniter\Database\BaseConnection->simpleQuery('INSERT INTO `tb...')
#3 A:\xampp\htdocs\app-sip\vendor\codeigniter4\framework\system\Database\BaseBuilder.php(1771): CodeIgniter\Database\BaseConnection->query('INSERT INTO `tb...', Array, false)
#4 A:\xampp\htdocs\app-sip\app\Models\AdminModel.php(67): CodeIgniter\Database\BaseBuilder->insert(Array)
#5 A:\xampp\htdocs\app-sip\app\Controllers\DataAdmin.php(90): App\Models\AdminModel->save_admin_in_admin(Array)
#6 A:\xampp\htdocs\app-sip\vendor\codeigniter4\framework\system\CodeIgniter.php(832): App\Controllers\DataAdmin->add()
#7 A:\xampp\htdocs\app-sip\vendor\codeigniter4\framework\system\CodeIgniter.php(419): CodeIgniter\CodeIgniter->runController(Object(App\Controllers\DataAdmin))
#8 A:\xampp\htdocs\app-sip\vendor\codeigniter4\framework\system\CodeIgniter.php(326): CodeIgniter\CodeIgniter->handleRequest(NULL, Object(Config\Cache), false)
#9 A:\xampp\htdocs\app-sip\public\index.php(37): CodeIgniter\CodeIgniter->run()
#10 A:\xampp\htdocs\app-sip\vendor\codeigniter4\framework\system\Commands\Server\rewrite.php(43): require_once('A:\\xampp\\htdocs...')
#11 {main}
ERROR - 2022-06-19 23:39:06 --> Duplicate entry '' for key 'username'
CRITICAL - 2022-06-19 23:39:06 --> Duplicate entry '' for key 'username'
#0 A:\xampp\htdocs\app-sip\vendor\codeigniter4\framework\system\Database\MySQLi\Connection.php(292): mysqli->query('INSERT INTO `tb...', 0)
#1 A:\xampp\htdocs\app-sip\vendor\codeigniter4\framework\system\Database\BaseConnection.php(670): CodeIgniter\Database\MySQLi\Connection->execute('INSERT INTO `tb...')
#2 A:\xampp\htdocs\app-sip\vendor\codeigniter4\framework\system\Database\BaseConnection.php(598): CodeIgniter\Database\BaseConnection->simpleQuery('INSERT INTO `tb...')
#3 A:\xampp\htdocs\app-sip\vendor\codeigniter4\framework\system\Database\BaseBuilder.php(1771): CodeIgniter\Database\BaseConnection->query('INSERT INTO `tb...', Array, false)
#4 A:\xampp\htdocs\app-sip\app\Models\AdminModel.php(67): CodeIgniter\Database\BaseBuilder->insert(Array)
#5 A:\xampp\htdocs\app-sip\app\Controllers\DataAdmin.php(90): App\Models\AdminModel->save_admin_in_admin(Array)
#6 A:\xampp\htdocs\app-sip\vendor\codeigniter4\framework\system\CodeIgniter.php(832): App\Controllers\DataAdmin->add()
#7 A:\xampp\htdocs\app-sip\vendor\codeigniter4\framework\system\CodeIgniter.php(419): CodeIgniter\CodeIgniter->runController(Object(App\Controllers\DataAdmin))
#8 A:\xampp\htdocs\app-sip\vendor\codeigniter4\framework\system\CodeIgniter.php(326): CodeIgniter\CodeIgniter->handleRequest(NULL, Object(Config\Cache), false)
#9 A:\xampp\htdocs\app-sip\public\index.php(37): CodeIgniter\CodeIgniter->run()
#10 A:\xampp\htdocs\app-sip\vendor\codeigniter4\framework\system\Commands\Server\rewrite.php(43): require_once('A:\\xampp\\htdocs...')
#11 {main}
ERROR - 2022-06-19 23:39:06 --> Duplicate entry '' for key 'username'
CRITICAL - 2022-06-19 23:39:06 --> Duplicate entry '' for key 'username'
#0 A:\xampp\htdocs\app-sip\vendor\codeigniter4\framework\system\Database\MySQLi\Connection.php(292): mysqli->query('INSERT INTO `tb...', 0)
#1 A:\xampp\htdocs\app-sip\vendor\codeigniter4\framework\system\Database\BaseConnection.php(670): CodeIgniter\Database\MySQLi\Connection->execute('INSERT INTO `tb...')
#2 A:\xampp\htdocs\app-sip\vendor\codeigniter4\framework\system\Database\BaseConnection.php(598): CodeIgniter\Database\BaseConnection->simpleQuery('INSERT INTO `tb...')
#3 A:\xampp\htdocs\app-sip\vendor\codeigniter4\framework\system\Database\BaseBuilder.php(1771): CodeIgniter\Database\BaseConnection->query('INSERT INTO `tb...', Array, false)
#4 A:\xampp\htdocs\app-sip\app\Models\AdminModel.php(67): CodeIgniter\Database\BaseBuilder->insert(Array)
#5 A:\xampp\htdocs\app-sip\app\Controllers\DataAdmin.php(90): App\Models\AdminModel->save_admin_in_admin(Array)
#6 A:\xampp\htdocs\app-sip\vendor\codeigniter4\framework\system\CodeIgniter.php(832): App\Controllers\DataAdmin->add()
#7 A:\xampp\htdocs\app-sip\vendor\codeigniter4\framework\system\CodeIgniter.php(419): CodeIgniter\CodeIgniter->runController(Object(App\Controllers\DataAdmin))
#8 A:\xampp\htdocs\app-sip\vendor\codeigniter4\framework\system\CodeIgniter.php(326): CodeIgniter\CodeIgniter->handleRequest(NULL, Object(Config\Cache), false)
#9 A:\xampp\htdocs\app-sip\public\index.php(37): CodeIgniter\CodeIgniter->run()
#10 A:\xampp\htdocs\app-sip\vendor\codeigniter4\framework\system\Commands\Server\rewrite.php(43): require_once('A:\\xampp\\htdocs...')
#11 {main}
ERROR - 2022-06-19 23:39:06 --> Duplicate entry '' for key 'username'
CRITICAL - 2022-06-19 23:39:06 --> Duplicate entry '' for key 'username'
#0 A:\xampp\htdocs\app-sip\vendor\codeigniter4\framework\system\Database\MySQLi\Connection.php(292): mysqli->query('INSERT INTO `tb...', 0)
#1 A:\xampp\htdocs\app-sip\vendor\codeigniter4\framework\system\Database\BaseConnection.php(670): CodeIgniter\Database\MySQLi\Connection->execute('INSERT INTO `tb...')
#2 A:\xampp\htdocs\app-sip\vendor\codeigniter4\framework\system\Database\BaseConnection.php(598): CodeIgniter\Database\BaseConnection->simpleQuery('INSERT INTO `tb...')
#3 A:\xampp\htdocs\app-sip\vendor\codeigniter4\framework\system\Database\BaseBuilder.php(1771): CodeIgniter\Database\BaseConnection->query('INSERT INTO `tb...', Array, false)
#4 A:\xampp\htdocs\app-sip\app\Models\AdminModel.php(67): CodeIgniter\Database\BaseBuilder->insert(Array)
#5 A:\xampp\htdocs\app-sip\app\Controllers\DataAdmin.php(90): App\Models\AdminModel->save_admin_in_admin(Array)
#6 A:\xampp\htdocs\app-sip\vendor\codeigniter4\framework\system\CodeIgniter.php(832): App\Controllers\DataAdmin->add()
#7 A:\xampp\htdocs\app-sip\vendor\codeigniter4\framework\system\CodeIgniter.php(419): CodeIgniter\CodeIgniter->runController(Object(App\Controllers\DataAdmin))
#8 A:\xampp\htdocs\app-sip\vendor\codeigniter4\framework\system\CodeIgniter.php(326): CodeIgniter\CodeIgniter->handleRequest(NULL, Object(Config\Cache), false)
#9 A:\xampp\htdocs\app-sip\public\index.php(37): CodeIgniter\CodeIgniter->run()
#10 A:\xampp\htdocs\app-sip\vendor\codeigniter4\framework\system\Commands\Server\rewrite.php(43): require_once('A:\\xampp\\htdocs...')
#11 {main}
ERROR - 2022-06-19 23:39:07 --> Duplicate entry '' for key 'username'
CRITICAL - 2022-06-19 23:39:07 --> Duplicate entry '' for key 'username'
#0 A:\xampp\htdocs\app-sip\vendor\codeigniter4\framework\system\Database\MySQLi\Connection.php(292): mysqli->query('INSERT INTO `tb...', 0)
#1 A:\xampp\htdocs\app-sip\vendor\codeigniter4\framework\system\Database\BaseConnection.php(670): CodeIgniter\Database\MySQLi\Connection->execute('INSERT INTO `tb...')
#2 A:\xampp\htdocs\app-sip\vendor\codeigniter4\framework\system\Database\BaseConnection.php(598): CodeIgniter\Database\BaseConnection->simpleQuery('INSERT INTO `tb...')
#3 A:\xampp\htdocs\app-sip\vendor\codeigniter4\framework\system\Database\BaseBuilder.php(1771): CodeIgniter\Database\BaseConnection->query('INSERT INTO `tb...', Array, false)
#4 A:\xampp\htdocs\app-sip\app\Models\AdminModel.php(67): CodeIgniter\Database\BaseBuilder->insert(Array)
#5 A:\xampp\htdocs\app-sip\app\Controllers\DataAdmin.php(90): App\Models\AdminModel->save_admin_in_admin(Array)
#6 A:\xampp\htdocs\app-sip\vendor\codeigniter4\framework\system\CodeIgniter.php(832): App\Controllers\DataAdmin->add()
#7 A:\xampp\htdocs\app-sip\vendor\codeigniter4\framework\system\CodeIgniter.php(419): CodeIgniter\CodeIgniter->runController(Object(App\Controllers\DataAdmin))
#8 A:\xampp\htdocs\app-sip\vendor\codeigniter4\framework\system\CodeIgniter.php(326): CodeIgniter\CodeIgniter->handleRequest(NULL, Object(Config\Cache), false)
#9 A:\xampp\htdocs\app-sip\public\index.php(37): CodeIgniter\CodeIgniter->run()
#10 A:\xampp\htdocs\app-sip\vendor\codeigniter4\framework\system\Commands\Server\rewrite.php(43): require_once('A:\\xampp\\htdocs...')
#11 {main}
ERROR - 2022-06-19 23:40:03 --> Duplicate entry '' for key 'PRIMARY'
CRITICAL - 2022-06-19 23:40:03 --> Duplicate entry '' for key 'PRIMARY'
#0 A:\xampp\htdocs\app-sip\vendor\codeigniter4\framework\system\Database\MySQLi\Connection.php(292): mysqli->query('INSERT INTO `tb...', 0)
#1 A:\xampp\htdocs\app-sip\vendor\codeigniter4\framework\system\Database\BaseConnection.php(670): CodeIgniter\Database\MySQLi\Connection->execute('INSERT INTO `tb...')
#2 A:\xampp\htdocs\app-sip\vendor\codeigniter4\framework\system\Database\BaseConnection.php(598): CodeIgniter\Database\BaseConnection->simpleQuery('INSERT INTO `tb...')
#3 A:\xampp\htdocs\app-sip\vendor\codeigniter4\framework\system\Database\BaseBuilder.php(1771): CodeIgniter\Database\BaseConnection->query('INSERT INTO `tb...', Array, false)
#4 A:\xampp\htdocs\app-sip\app\Models\AdminModel.php(73): CodeIgniter\Database\BaseBuilder->insert(Array)
#5 A:\xampp\htdocs\app-sip\app\Controllers\DataAdmin.php(91): App\Models\AdminModel->save_admin_in_login(Array)
#6 A:\xampp\htdocs\app-sip\vendor\codeigniter4\framework\system\CodeIgniter.php(832): App\Controllers\DataAdmin->add()
#7 A:\xampp\htdocs\app-sip\vendor\codeigniter4\framework\system\CodeIgniter.php(419): CodeIgniter\CodeIgniter->runController(Object(App\Controllers\DataAdmin))
#8 A:\xampp\htdocs\app-sip\vendor\codeigniter4\framework\system\CodeIgniter.php(326): CodeIgniter\CodeIgniter->handleRequest(NULL, Object(Config\Cache), false)
#9 A:\xampp\htdocs\app-sip\public\index.php(37): CodeIgniter\CodeIgniter->run()
#10 A:\xampp\htdocs\app-sip\vendor\codeigniter4\framework\system\Commands\Server\rewrite.php(43): require_once('A:\\xampp\\htdocs...')
#11 {main}
ERROR - 2022-06-19 23:43:12 --> Duplicate entry 'aaa' for key 'PRIMARY'
CRITICAL - 2022-06-19 23:43:12 --> Duplicate entry 'aaa' for key 'PRIMARY'
#0 A:\xampp\htdocs\app-sip\vendor\codeigniter4\framework\system\Database\MySQLi\Connection.php(292): mysqli->query('INSERT INTO `tb...', 0)
#1 A:\xampp\htdocs\app-sip\vendor\codeigniter4\framework\system\Database\BaseConnection.php(670): CodeIgniter\Database\MySQLi\Connection->execute('INSERT INTO `tb...')
#2 A:\xampp\htdocs\app-sip\vendor\codeigniter4\framework\system\Database\BaseConnection.php(598): CodeIgniter\Database\BaseConnection->simpleQuery('INSERT INTO `tb...')
#3 A:\xampp\htdocs\app-sip\vendor\codeigniter4\framework\system\Database\BaseBuilder.php(1771): CodeIgniter\Database\BaseConnection->query('INSERT INTO `tb...', Array, false)
#4 A:\xampp\htdocs\app-sip\app\Models\AdminModel.php(73): CodeIgniter\Database\BaseBuilder->insert(Array)
#5 A:\xampp\htdocs\app-sip\app\Controllers\DataAdmin.php(91): App\Models\AdminModel->save_admin_in_login(Array)
#6 A:\xampp\htdocs\app-sip\vendor\codeigniter4\framework\system\CodeIgniter.php(832): App\Controllers\DataAdmin->add()
#7 A:\xampp\htdocs\app-sip\vendor\codeigniter4\framework\system\CodeIgniter.php(419): CodeIgniter\CodeIgniter->runController(Object(App\Controllers\DataAdmin))
#8 A:\xampp\htdocs\app-sip\vendor\codeigniter4\framework\system\CodeIgniter.php(326): CodeIgniter\CodeIgniter->handleRequest(NULL, Object(Config\Cache), false)
#9 A:\xampp\htdocs\app-sip\public\index.php(37): CodeIgniter\CodeIgniter->run()
#10 A:\xampp\htdocs\app-sip\vendor\codeigniter4\framework\system\Commands\Server\rewrite.php(43): require_once('A:\\xampp\\htdocs...')
#11 {main}
