CRITICAL - 2022-08-29 01:39:17 --> Undefined variable: get_petugas_by_login
#0 A:\xampp\htdocs\app-sip\app\Views\layouts_petugas\navbar.php(23): CodeIgniter\Debug\Exceptions->errorHandler(8, 'Undefined varia...', 'A:\\xampp\\htdocs...', 23, Array)
#1 A:\xampp\htdocs\app-sip\vendor\codeigniter4\framework\system\View\View.php(210): include('A:\\xampp\\htdocs...')
#2 A:\xampp\htdocs\app-sip\vendor\codeigniter4\framework\system\View\View.php(213): CodeIgniter\View\View->CodeIgniter\View\{closure}()
#3 A:\xampp\htdocs\app-sip\vendor\codeigniter4\framework\system\View\View.php(424): CodeIgniter\View\View->render('layouts_petugas...', NULL, true)
#4 A:\xampp\htdocs\app-sip\app\Views\layouts_petugas\template_petugas.php(48): CodeIgniter\View\View->include('layouts_petugas...')
#5 A:\xampp\htdocs\app-sip\vendor\codeigniter4\framework\system\View\View.php(210): include('A:\\xampp\\htdocs...')
#6 A:\xampp\htdocs\app-sip\vendor\codeigniter4\framework\system\View\View.php(213): CodeIgniter\View\View->CodeIgniter\View\{closure}()
#7 A:\xampp\htdocs\app-sip\vendor\codeigniter4\framework\system\View\View.php(226): CodeIgniter\View\View->render('layouts_petugas...', Array, true)
#8 A:\xampp\htdocs\app-sip\vendor\codeigniter4\framework\system\Common.php(1089): CodeIgniter\View\View->render('v_dataUsulan_pe...', Array, true)
#9 A:\xampp\htdocs\app-sip\app\Controllers\Opd\DataUsulan.php(303): view('v_dataUsulan_pe...', Array)
#10 A:\xampp\htdocs\app-sip\vendor\codeigniter4\framework\system\CodeIgniter.php(832): App\Controllers\Opd\DataUsulan->cetakdatausulan()
#11 A:\xampp\htdocs\app-sip\vendor\codeigniter4\framework\system\CodeIgniter.php(419): CodeIgniter\CodeIgniter->runController(Object(App\Controllers\Opd\DataUsulan))
#12 A:\xampp\htdocs\app-sip\vendor\codeigniter4\framework\system\CodeIgniter.php(326): CodeIgniter\CodeIgniter->handleRequest(NULL, Object(Config\Cache), false)
#13 A:\xampp\htdocs\app-sip\public\index.php(37): CodeIgniter\CodeIgniter->run()
#14 A:\xampp\htdocs\app-sip\vendor\codeigniter4\framework\system\Commands\Server\rewrite.php(43): require_once('A:\\xampp\\htdocs...')
#15 {main}
CRITICAL - 2022-08-29 20:06:43 --> syntax error, unexpected '}', expecting end of file
#0 A:\xampp\htdocs\app-sip\vendor\codeigniter4\framework\system\View\View.php(213): CodeIgniter\View\View->CodeIgniter\View\{closure}()
#1 A:\xampp\htdocs\app-sip\vendor\codeigniter4\framework\system\Common.php(1089): CodeIgniter\View\View->render('v_data_ajuan_ab...', Array, true)
#2 A:\xampp\htdocs\app-sip\app\Controllers\Opd\DataAjuanABK.php(48): view('v_data_ajuan_ab...', Array)
#3 A:\xampp\htdocs\app-sip\vendor\codeigniter4\framework\system\CodeIgniter.php(832): App\Controllers\Opd\DataAjuanABK->index()
#4 A:\xampp\htdocs\app-sip\vendor\codeigniter4\framework\system\CodeIgniter.php(419): CodeIgniter\CodeIgniter->runController(Object(App\Controllers\Opd\DataAjuanABK))
#5 A:\xampp\htdocs\app-sip\vendor\codeigniter4\framework\system\CodeIgniter.php(326): CodeIgniter\CodeIgniter->handleRequest(NULL, Object(Config\Cache), false)
#6 A:\xampp\htdocs\app-sip\public\index.php(37): CodeIgniter\CodeIgniter->run()
#7 A:\xampp\htdocs\app-sip\vendor\codeigniter4\framework\system\Commands\Server\rewrite.php(43): require_once('A:\\xampp\\htdocs...')
#8 {main}
CRITICAL - 2022-08-29 20:07:02 --> syntax error, unexpected '}', expecting end of file
#0 A:\xampp\htdocs\app-sip\vendor\codeigniter4\framework\system\View\View.php(213): CodeIgniter\View\View->CodeIgniter\View\{closure}()
#1 A:\xampp\htdocs\app-sip\vendor\codeigniter4\framework\system\Common.php(1089): CodeIgniter\View\View->render('v_data_ajuan_ab...', Array, true)
#2 A:\xampp\htdocs\app-sip\app\Controllers\Opd\DataAjuanABK.php(48): view('v_data_ajuan_ab...', Array)
#3 A:\xampp\htdocs\app-sip\vendor\codeigniter4\framework\system\CodeIgniter.php(832): App\Controllers\Opd\DataAjuanABK->index()
#4 A:\xampp\htdocs\app-sip\vendor\codeigniter4\framework\system\CodeIgniter.php(419): CodeIgniter\CodeIgniter->runController(Object(App\Controllers\Opd\DataAjuanABK))
#5 A:\xampp\htdocs\app-sip\vendor\codeigniter4\framework\system\CodeIgniter.php(326): CodeIgniter\CodeIgniter->handleRequest(NULL, Object(Config\Cache), false)
#6 A:\xampp\htdocs\app-sip\public\index.php(37): CodeIgniter\CodeIgniter->run()
#7 A:\xampp\htdocs\app-sip\vendor\codeigniter4\framework\system\Commands\Server\rewrite.php(43): require_once('A:\\xampp\\htdocs...')
#8 {main}
CRITICAL - 2022-08-29 22:15:38 --> Undefined property: stdClass::$jumlah_usulan
#0 A:\xampp\htdocs\app-sip\app\Views\v_datausulan_petugas\detail_usulan_by_year.php(53): CodeIgniter\Debug\Exceptions->errorHandler(8, 'Undefined prope...', 'A:\\xampp\\htdocs...', 53, Array)
#1 A:\xampp\htdocs\app-sip\vendor\codeigniter4\framework\system\View\View.php(210): include('A:\\xampp\\htdocs...')
#2 A:\xampp\htdocs\app-sip\vendor\codeigniter4\framework\system\View\View.php(213): CodeIgniter\View\View->CodeIgniter\View\{closure}()
#3 A:\xampp\htdocs\app-sip\vendor\codeigniter4\framework\system\Common.php(1089): CodeIgniter\View\View->render('v_datausulan_pe...', Array, true)
#4 A:\xampp\htdocs\app-sip\app\Controllers\Opd\DataUsulan.php(258): view('v_datausulan_pe...', Array)
#5 A:\xampp\htdocs\app-sip\vendor\codeigniter4\framework\system\CodeIgniter.php(832): App\Controllers\Opd\DataUsulan->detail_usulan_by_year_and_opd('2022')
#6 A:\xampp\htdocs\app-sip\vendor\codeigniter4\framework\system\CodeIgniter.php(419): CodeIgniter\CodeIgniter->runController(Object(App\Controllers\Opd\DataUsulan))
#7 A:\xampp\htdocs\app-sip\vendor\codeigniter4\framework\system\CodeIgniter.php(326): CodeIgniter\CodeIgniter->handleRequest(NULL, Object(Config\Cache), false)
#8 A:\xampp\htdocs\app-sip\public\index.php(37): CodeIgniter\CodeIgniter->run()
#9 A:\xampp\htdocs\app-sip\vendor\codeigniter4\framework\system\Commands\Server\rewrite.php(43): require_once('A:\\xampp\\htdocs...')
#10 {main}
CRITICAL - 2022-08-29 22:26:03 --> Undefined property: stdClass::$jumlah_usulan
#0 A:\xampp\htdocs\app-sip\app\Controllers\Opd\DataUsulan.php(211): CodeIgniter\Debug\Exceptions->errorHandler(8, 'Undefined prope...', 'A:\\xampp\\htdocs...', 211, Array)
#1 A:\xampp\htdocs\app-sip\vendor\codeigniter4\framework\system\CodeIgniter.php(832): App\Controllers\Opd\DataUsulan->aksi_kirimdatausulanopd('CB')
#2 A:\xampp\htdocs\app-sip\vendor\codeigniter4\framework\system\CodeIgniter.php(419): CodeIgniter\CodeIgniter->runController(Object(App\Controllers\Opd\DataUsulan))
#3 A:\xampp\htdocs\app-sip\vendor\codeigniter4\framework\system\CodeIgniter.php(326): CodeIgniter\CodeIgniter->handleRequest(NULL, Object(Config\Cache), false)
#4 A:\xampp\htdocs\app-sip\public\index.php(37): CodeIgniter\CodeIgniter->run()
#5 A:\xampp\htdocs\app-sip\vendor\codeigniter4\framework\system\Commands\Server\rewrite.php(43): require_once('A:\\xampp\\htdocs...')
#6 {main}
CRITICAL - 2022-08-29 22:30:00 --> Undefined property: stdClass::$jumlah_usulan
#0 A:\xampp\htdocs\app-sip\app\Views\v_datausulan_petugas\cetak.php(51): CodeIgniter\Debug\Exceptions->errorHandler(8, 'Undefined prope...', 'A:\\xampp\\htdocs...', 51, Array)
#1 A:\xampp\htdocs\app-sip\vendor\codeigniter4\framework\system\View\View.php(210): include('A:\\xampp\\htdocs...')
#2 A:\xampp\htdocs\app-sip\vendor\codeigniter4\framework\system\View\View.php(213): CodeIgniter\View\View->CodeIgniter\View\{closure}()
#3 A:\xampp\htdocs\app-sip\vendor\codeigniter4\framework\system\Common.php(1089): CodeIgniter\View\View->render('v_dataUsulan_pe...', Array, true)
#4 A:\xampp\htdocs\app-sip\app\Controllers\Opd\DataUsulan.php(312): view('v_dataUsulan_pe...', Array)
#5 A:\xampp\htdocs\app-sip\vendor\codeigniter4\framework\system\CodeIgniter.php(832): App\Controllers\Opd\DataUsulan->cetakdatausulan()
#6 A:\xampp\htdocs\app-sip\vendor\codeigniter4\framework\system\CodeIgniter.php(419): CodeIgniter\CodeIgniter->runController(Object(App\Controllers\Opd\DataUsulan))
#7 A:\xampp\htdocs\app-sip\vendor\codeigniter4\framework\system\CodeIgniter.php(326): CodeIgniter\CodeIgniter->handleRequest(NULL, Object(Config\Cache), false)
#8 A:\xampp\htdocs\app-sip\public\index.php(37): CodeIgniter\CodeIgniter->run()
#9 A:\xampp\htdocs\app-sip\vendor\codeigniter4\framework\system\Commands\Server\rewrite.php(43): require_once('A:\\xampp\\htdocs...')
#10 {main}
CRITICAL - 2022-08-29 22:31:30 --> Undefined property: stdClass::$jumlah_usulan
#0 A:\xampp\htdocs\app-sip\app\Views\v_datausulan_petugas\rekap_usulan_opd.php(54): CodeIgniter\Debug\Exceptions->errorHandler(8, 'Undefined prope...', 'A:\\xampp\\htdocs...', 54, Array)
#1 A:\xampp\htdocs\app-sip\vendor\codeigniter4\framework\system\View\View.php(210): include('A:\\xampp\\htdocs...')
#2 A:\xampp\htdocs\app-sip\vendor\codeigniter4\framework\system\View\View.php(213): CodeIgniter\View\View->CodeIgniter\View\{closure}()
#3 A:\xampp\htdocs\app-sip\vendor\codeigniter4\framework\system\Common.php(1089): CodeIgniter\View\View->render('v_datausulan_pe...', Array, true)
#4 A:\xampp\htdocs\app-sip\app\Controllers\Opd\DataUsulan.php(397): view('v_datausulan_pe...', Array)
#5 A:\xampp\htdocs\app-sip\vendor\codeigniter4\framework\system\CodeIgniter.php(832): App\Controllers\Opd\DataUsulan->rekapusulanopd()
#6 A:\xampp\htdocs\app-sip\vendor\codeigniter4\framework\system\CodeIgniter.php(419): CodeIgniter\CodeIgniter->runController(Object(App\Controllers\Opd\DataUsulan))
#7 A:\xampp\htdocs\app-sip\vendor\codeigniter4\framework\system\CodeIgniter.php(326): CodeIgniter\CodeIgniter->handleRequest(NULL, Object(Config\Cache), false)
#8 A:\xampp\htdocs\app-sip\public\index.php(37): CodeIgniter\CodeIgniter->run()
#9 A:\xampp\htdocs\app-sip\vendor\codeigniter4\framework\system\Commands\Server\rewrite.php(43): require_once('A:\\xampp\\htdocs...')
#10 {main}
CRITICAL - 2022-08-29 22:33:30 --> Undefined property: stdClass::$jumlah_usulan
#0 A:\xampp\htdocs\app-sip\app\Views\v_dataUsulan\detail_data_usulan.php(105): CodeIgniter\Debug\Exceptions->errorHandler(8, 'Undefined prope...', 'A:\\xampp\\htdocs...', 105, Array)
#1 A:\xampp\htdocs\app-sip\vendor\codeigniter4\framework\system\View\View.php(210): include('A:\\xampp\\htdocs...')
#2 A:\xampp\htdocs\app-sip\vendor\codeigniter4\framework\system\View\View.php(213): CodeIgniter\View\View->CodeIgniter\View\{closure}()
#3 A:\xampp\htdocs\app-sip\vendor\codeigniter4\framework\system\Common.php(1089): CodeIgniter\View\View->render('v_dataUsulan/de...', Array, true)
#4 A:\xampp\htdocs\app-sip\app\Controllers\DataUsulan.php(49): view('v_dataUsulan/de...', Array)
#5 A:\xampp\htdocs\app-sip\vendor\codeigniter4\framework\system\CodeIgniter.php(832): App\Controllers\DataUsulan->detail_usulan('U-CB-22')
#6 A:\xampp\htdocs\app-sip\vendor\codeigniter4\framework\system\CodeIgniter.php(419): CodeIgniter\CodeIgniter->runController(Object(App\Controllers\DataUsulan))
#7 A:\xampp\htdocs\app-sip\vendor\codeigniter4\framework\system\CodeIgniter.php(326): CodeIgniter\CodeIgniter->handleRequest(NULL, Object(Config\Cache), false)
#8 A:\xampp\htdocs\app-sip\public\index.php(37): CodeIgniter\CodeIgniter->run()
#9 A:\xampp\htdocs\app-sip\vendor\codeigniter4\framework\system\Commands\Server\rewrite.php(43): require_once('A:\\xampp\\htdocs...')
#10 {main}
CRITICAL - 2022-08-29 22:33:36 --> Undefined property: stdClass::$jumlah_usulan
#0 A:\xampp\htdocs\app-sip\app\Views\v_dataUsulan\detail_data_usulan.php(105): CodeIgniter\Debug\Exceptions->errorHandler(8, 'Undefined prope...', 'A:\\xampp\\htdocs...', 105, Array)
#1 A:\xampp\htdocs\app-sip\vendor\codeigniter4\framework\system\View\View.php(210): include('A:\\xampp\\htdocs...')
#2 A:\xampp\htdocs\app-sip\vendor\codeigniter4\framework\system\View\View.php(213): CodeIgniter\View\View->CodeIgniter\View\{closure}()
#3 A:\xampp\htdocs\app-sip\vendor\codeigniter4\framework\system\Common.php(1089): CodeIgniter\View\View->render('v_dataUsulan/de...', Array, true)
#4 A:\xampp\htdocs\app-sip\app\Controllers\DataUsulan.php(49): view('v_dataUsulan/de...', Array)
#5 A:\xampp\htdocs\app-sip\vendor\codeigniter4\framework\system\CodeIgniter.php(832): App\Controllers\DataUsulan->detail_usulan('U-CB-22')
#6 A:\xampp\htdocs\app-sip\vendor\codeigniter4\framework\system\CodeIgniter.php(419): CodeIgniter\CodeIgniter->runController(Object(App\Controllers\DataUsulan))
#7 A:\xampp\htdocs\app-sip\vendor\codeigniter4\framework\system\CodeIgniter.php(326): CodeIgniter\CodeIgniter->handleRequest(NULL, Object(Config\Cache), false)
#8 A:\xampp\htdocs\app-sip\public\index.php(37): CodeIgniter\CodeIgniter->run()
#9 A:\xampp\htdocs\app-sip\vendor\codeigniter4\framework\system\Commands\Server\rewrite.php(43): require_once('A:\\xampp\\htdocs...')
#10 {main}
CRITICAL - 2022-08-29 22:34:43 --> Undefined property: stdClass::$jumlah_usulan
#0 A:\xampp\htdocs\app-sip\app\Views\v_dataUsulan\detail_data_usulan.php(174): CodeIgniter\Debug\Exceptions->errorHandler(8, 'Undefined prope...', 'A:\\xampp\\htdocs...', 174, Array)
#1 A:\xampp\htdocs\app-sip\vendor\codeigniter4\framework\system\View\View.php(210): include('A:\\xampp\\htdocs...')
#2 A:\xampp\htdocs\app-sip\vendor\codeigniter4\framework\system\View\View.php(213): CodeIgniter\View\View->CodeIgniter\View\{closure}()
#3 A:\xampp\htdocs\app-sip\vendor\codeigniter4\framework\system\Common.php(1089): CodeIgniter\View\View->render('v_dataUsulan/de...', Array, true)
#4 A:\xampp\htdocs\app-sip\app\Controllers\DataUsulan.php(49): view('v_dataUsulan/de...', Array)
#5 A:\xampp\htdocs\app-sip\vendor\codeigniter4\framework\system\CodeIgniter.php(832): App\Controllers\DataUsulan->detail_usulan('U-CB-22')
#6 A:\xampp\htdocs\app-sip\vendor\codeigniter4\framework\system\CodeIgniter.php(419): CodeIgniter\CodeIgniter->runController(Object(App\Controllers\DataUsulan))
#7 A:\xampp\htdocs\app-sip\vendor\codeigniter4\framework\system\CodeIgniter.php(326): CodeIgniter\CodeIgniter->handleRequest(NULL, Object(Config\Cache), false)
#8 A:\xampp\htdocs\app-sip\public\index.php(37): CodeIgniter\CodeIgniter->run()
#9 A:\xampp\htdocs\app-sip\vendor\codeigniter4\framework\system\Commands\Server\rewrite.php(43): require_once('A:\\xampp\\htdocs...')
#10 {main}
CRITICAL - 2022-08-29 22:43:49 --> Undefined offset: 0
#0 A:\xampp\htdocs\app-sip\app\Controllers\Opd\DataUsulan.php(175): CodeIgniter\Debug\Exceptions->errorHandler(8, 'Undefined offse...', 'A:\\xampp\\htdocs...', 175, Array)
#1 A:\xampp\htdocs\app-sip\vendor\codeigniter4\framework\system\CodeIgniter.php(832): App\Controllers\Opd\DataUsulan->kirimdatausulanopd()
#2 A:\xampp\htdocs\app-sip\vendor\codeigniter4\framework\system\CodeIgniter.php(419): CodeIgniter\CodeIgniter->runController(Object(App\Controllers\Opd\DataUsulan))
#3 A:\xampp\htdocs\app-sip\vendor\codeigniter4\framework\system\CodeIgniter.php(326): CodeIgniter\CodeIgniter->handleRequest(NULL, Object(Config\Cache), false)
#4 A:\xampp\htdocs\app-sip\public\index.php(37): CodeIgniter\CodeIgniter->run()
#5 A:\xampp\htdocs\app-sip\vendor\codeigniter4\framework\system\Commands\Server\rewrite.php(43): require_once('A:\\xampp\\htdocs...')
#6 {main}
CRITICAL - 2022-08-29 22:44:06 --> Undefined offset: 0
#0 A:\xampp\htdocs\app-sip\app\Controllers\Opd\DataUsulan.php(175): CodeIgniter\Debug\Exceptions->errorHandler(8, 'Undefined offse...', 'A:\\xampp\\htdocs...', 175, Array)
#1 A:\xampp\htdocs\app-sip\vendor\codeigniter4\framework\system\CodeIgniter.php(832): App\Controllers\Opd\DataUsulan->kirimdatausulanopd()
#2 A:\xampp\htdocs\app-sip\vendor\codeigniter4\framework\system\CodeIgniter.php(419): CodeIgniter\CodeIgniter->runController(Object(App\Controllers\Opd\DataUsulan))
#3 A:\xampp\htdocs\app-sip\vendor\codeigniter4\framework\system\CodeIgniter.php(326): CodeIgniter\CodeIgniter->handleRequest(NULL, Object(Config\Cache), false)
#4 A:\xampp\htdocs\app-sip\public\index.php(37): CodeIgniter\CodeIgniter->run()
#5 A:\xampp\htdocs\app-sip\vendor\codeigniter4\framework\system\Commands\Server\rewrite.php(43): require_once('A:\\xampp\\htdocs...')
#6 {main}
CRITICAL - 2022-08-29 22:44:07 --> Undefined offset: 0
#0 A:\xampp\htdocs\app-sip\app\Controllers\Opd\DataUsulan.php(175): CodeIgniter\Debug\Exceptions->errorHandler(8, 'Undefined offse...', 'A:\\xampp\\htdocs...', 175, Array)
#1 A:\xampp\htdocs\app-sip\vendor\codeigniter4\framework\system\CodeIgniter.php(832): App\Controllers\Opd\DataUsulan->kirimdatausulanopd()
#2 A:\xampp\htdocs\app-sip\vendor\codeigniter4\framework\system\CodeIgniter.php(419): CodeIgniter\CodeIgniter->runController(Object(App\Controllers\Opd\DataUsulan))
#3 A:\xampp\htdocs\app-sip\vendor\codeigniter4\framework\system\CodeIgniter.php(326): CodeIgniter\CodeIgniter->handleRequest(NULL, Object(Config\Cache), false)
#4 A:\xampp\htdocs\app-sip\public\index.php(37): CodeIgniter\CodeIgniter->run()
#5 A:\xampp\htdocs\app-sip\vendor\codeigniter4\framework\system\Commands\Server\rewrite.php(43): require_once('A:\\xampp\\htdocs...')
#6 {main}
CRITICAL - 2022-08-29 22:44:09 --> Undefined offset: 0
#0 A:\xampp\htdocs\app-sip\app\Controllers\Opd\DataUsulan.php(57): CodeIgniter\Debug\Exceptions->errorHandler(8, 'Undefined offse...', 'A:\\xampp\\htdocs...', 57, Array)
#1 A:\xampp\htdocs\app-sip\vendor\codeigniter4\framework\system\CodeIgniter.php(832): App\Controllers\Opd\DataUsulan->index()
#2 A:\xampp\htdocs\app-sip\vendor\codeigniter4\framework\system\CodeIgniter.php(419): CodeIgniter\CodeIgniter->runController(Object(App\Controllers\Opd\DataUsulan))
#3 A:\xampp\htdocs\app-sip\vendor\codeigniter4\framework\system\CodeIgniter.php(326): CodeIgniter\CodeIgniter->handleRequest(NULL, Object(Config\Cache), false)
#4 A:\xampp\htdocs\app-sip\public\index.php(37): CodeIgniter\CodeIgniter->run()
#5 A:\xampp\htdocs\app-sip\vendor\codeigniter4\framework\system\Commands\Server\rewrite.php(43): require_once('A:\\xampp\\htdocs...')
#6 {main}
CRITICAL - 2022-08-29 22:44:13 --> Undefined offset: 0
#0 A:\xampp\htdocs\app-sip\app\Controllers\Opd\DataUsulan.php(175): CodeIgniter\Debug\Exceptions->errorHandler(8, 'Undefined offse...', 'A:\\xampp\\htdocs...', 175, Array)
#1 A:\xampp\htdocs\app-sip\vendor\codeigniter4\framework\system\CodeIgniter.php(832): App\Controllers\Opd\DataUsulan->kirimdatausulanopd()
#2 A:\xampp\htdocs\app-sip\vendor\codeigniter4\framework\system\CodeIgniter.php(419): CodeIgniter\CodeIgniter->runController(Object(App\Controllers\Opd\DataUsulan))
#3 A:\xampp\htdocs\app-sip\vendor\codeigniter4\framework\system\CodeIgniter.php(326): CodeIgniter\CodeIgniter->handleRequest(NULL, Object(Config\Cache), false)
#4 A:\xampp\htdocs\app-sip\public\index.php(37): CodeIgniter\CodeIgniter->run()
#5 A:\xampp\htdocs\app-sip\vendor\codeigniter4\framework\system\Commands\Server\rewrite.php(43): require_once('A:\\xampp\\htdocs...')
#6 {main}
CRITICAL - 2022-08-29 22:44:56 --> Undefined property: stdClass::$jumlah_approve
#0 A:\xampp\htdocs\app-sip\app\Views\v_dataUsulan\detail_data_usulan.php(112): CodeIgniter\Debug\Exceptions->errorHandler(8, 'Undefined prope...', 'A:\\xampp\\htdocs...', 112, Array)
#1 A:\xampp\htdocs\app-sip\vendor\codeigniter4\framework\system\View\View.php(210): include('A:\\xampp\\htdocs...')
#2 A:\xampp\htdocs\app-sip\vendor\codeigniter4\framework\system\View\View.php(213): CodeIgniter\View\View->CodeIgniter\View\{closure}()
#3 A:\xampp\htdocs\app-sip\vendor\codeigniter4\framework\system\Common.php(1089): CodeIgniter\View\View->render('v_dataUsulan/de...', Array, true)
#4 A:\xampp\htdocs\app-sip\app\Controllers\DataUsulan.php(49): view('v_dataUsulan/de...', Array)
#5 A:\xampp\htdocs\app-sip\vendor\codeigniter4\framework\system\CodeIgniter.php(832): App\Controllers\DataUsulan->detail_usulan('U-CB-22')
#6 A:\xampp\htdocs\app-sip\vendor\codeigniter4\framework\system\CodeIgniter.php(419): CodeIgniter\CodeIgniter->runController(Object(App\Controllers\DataUsulan))
#7 A:\xampp\htdocs\app-sip\vendor\codeigniter4\framework\system\CodeIgniter.php(326): CodeIgniter\CodeIgniter->handleRequest(NULL, Object(Config\Cache), false)
#8 A:\xampp\htdocs\app-sip\public\index.php(37): CodeIgniter\CodeIgniter->run()
#9 A:\xampp\htdocs\app-sip\vendor\codeigniter4\framework\system\Commands\Server\rewrite.php(43): require_once('A:\\xampp\\htdocs...')
#10 {main}
CRITICAL - 2022-08-29 22:45:01 --> Undefined property: stdClass::$jumlah_approve
#0 A:\xampp\htdocs\app-sip\app\Views\v_dataUsulan\detail_data_usulan.php(112): CodeIgniter\Debug\Exceptions->errorHandler(8, 'Undefined prope...', 'A:\\xampp\\htdocs...', 112, Array)
#1 A:\xampp\htdocs\app-sip\vendor\codeigniter4\framework\system\View\View.php(210): include('A:\\xampp\\htdocs...')
#2 A:\xampp\htdocs\app-sip\vendor\codeigniter4\framework\system\View\View.php(213): CodeIgniter\View\View->CodeIgniter\View\{closure}()
#3 A:\xampp\htdocs\app-sip\vendor\codeigniter4\framework\system\Common.php(1089): CodeIgniter\View\View->render('v_dataUsulan/de...', Array, true)
#4 A:\xampp\htdocs\app-sip\app\Controllers\DataUsulan.php(49): view('v_dataUsulan/de...', Array)
#5 A:\xampp\htdocs\app-sip\vendor\codeigniter4\framework\system\CodeIgniter.php(832): App\Controllers\DataUsulan->detail_usulan('U-CB-22')
#6 A:\xampp\htdocs\app-sip\vendor\codeigniter4\framework\system\CodeIgniter.php(419): CodeIgniter\CodeIgniter->runController(Object(App\Controllers\DataUsulan))
#7 A:\xampp\htdocs\app-sip\vendor\codeigniter4\framework\system\CodeIgniter.php(326): CodeIgniter\CodeIgniter->handleRequest(NULL, Object(Config\Cache), false)
#8 A:\xampp\htdocs\app-sip\public\index.php(37): CodeIgniter\CodeIgniter->run()
#9 A:\xampp\htdocs\app-sip\vendor\codeigniter4\framework\system\Commands\Server\rewrite.php(43): require_once('A:\\xampp\\htdocs...')
#10 {main}
CRITICAL - 2022-08-29 22:45:34 --> Undefined property: stdClass::$jumlah_usulan
#0 A:\xampp\htdocs\app-sip\app\Views\v_dataUsulan\detail_data_usulan.php(241): CodeIgniter\Debug\Exceptions->errorHandler(8, 'Undefined prope...', 'A:\\xampp\\htdocs...', 241, Array)
#1 A:\xampp\htdocs\app-sip\vendor\codeigniter4\framework\system\View\View.php(210): include('A:\\xampp\\htdocs...')
#2 A:\xampp\htdocs\app-sip\vendor\codeigniter4\framework\system\View\View.php(213): CodeIgniter\View\View->CodeIgniter\View\{closure}()
#3 A:\xampp\htdocs\app-sip\vendor\codeigniter4\framework\system\Common.php(1089): CodeIgniter\View\View->render('v_dataUsulan/de...', Array, true)
#4 A:\xampp\htdocs\app-sip\app\Controllers\DataUsulan.php(49): view('v_dataUsulan/de...', Array)
#5 A:\xampp\htdocs\app-sip\vendor\codeigniter4\framework\system\CodeIgniter.php(832): App\Controllers\DataUsulan->detail_usulan('U-CB-22')
#6 A:\xampp\htdocs\app-sip\vendor\codeigniter4\framework\system\CodeIgniter.php(419): CodeIgniter\CodeIgniter->runController(Object(App\Controllers\DataUsulan))
#7 A:\xampp\htdocs\app-sip\vendor\codeigniter4\framework\system\CodeIgniter.php(326): CodeIgniter\CodeIgniter->handleRequest(NULL, Object(Config\Cache), false)
#8 A:\xampp\htdocs\app-sip\public\index.php(37): CodeIgniter\CodeIgniter->run()
#9 A:\xampp\htdocs\app-sip\vendor\codeigniter4\framework\system\Commands\Server\rewrite.php(43): require_once('A:\\xampp\\htdocs...')
#10 {main}
CRITICAL - 2022-08-29 22:54:58 --> Undefined offset: 0
#0 A:\xampp\htdocs\app-sip\app\Views\v_dataUsulan\detail_data_usulan.php(42): CodeIgniter\Debug\Exceptions->errorHandler(8, 'Undefined offse...', 'A:\\xampp\\htdocs...', 42, Array)
#1 A:\xampp\htdocs\app-sip\vendor\codeigniter4\framework\system\View\View.php(210): include('A:\\xampp\\htdocs...')
#2 A:\xampp\htdocs\app-sip\vendor\codeigniter4\framework\system\View\View.php(213): CodeIgniter\View\View->CodeIgniter\View\{closure}()
#3 A:\xampp\htdocs\app-sip\vendor\codeigniter4\framework\system\Common.php(1089): CodeIgniter\View\View->render('v_dataUsulan/de...', Array, true)
#4 A:\xampp\htdocs\app-sip\app\Controllers\DataUsulan.php(49): view('v_dataUsulan/de...', Array)
#5 A:\xampp\htdocs\app-sip\vendor\codeigniter4\framework\system\CodeIgniter.php(832): App\Controllers\DataUsulan->detail_usulan('U-CB-22')
#6 A:\xampp\htdocs\app-sip\vendor\codeigniter4\framework\system\CodeIgniter.php(419): CodeIgniter\CodeIgniter->runController(Object(App\Controllers\DataUsulan))
#7 A:\xampp\htdocs\app-sip\vendor\codeigniter4\framework\system\CodeIgniter.php(326): CodeIgniter\CodeIgniter->handleRequest(NULL, Object(Config\Cache), false)
#8 A:\xampp\htdocs\app-sip\public\index.php(37): CodeIgniter\CodeIgniter->run()
#9 A:\xampp\htdocs\app-sip\vendor\codeigniter4\framework\system\Commands\Server\rewrite.php(43): require_once('A:\\xampp\\htdocs...')
#10 {main}
ERROR - 2022-08-29 22:58:29 --> Unknown column 'jumlah_approve' in 'field list'
CRITICAL - 2022-08-29 22:58:29 --> Unknown column 'jumlah_approve' in 'field list'
#0 A:\xampp\htdocs\app-sip\vendor\codeigniter4\framework\system\Database\MySQLi\Connection.php(292): mysqli->query('INSERT INTO `tb...', 0)
#1 A:\xampp\htdocs\app-sip\vendor\codeigniter4\framework\system\Database\BaseConnection.php(670): CodeIgniter\Database\MySQLi\Connection->execute('INSERT INTO `tb...')
#2 A:\xampp\htdocs\app-sip\vendor\codeigniter4\framework\system\Database\BaseConnection.php(598): CodeIgniter\Database\BaseConnection->simpleQuery('INSERT INTO `tb...')
#3 A:\xampp\htdocs\app-sip\vendor\codeigniter4\framework\system\Database\BaseBuilder.php(1648): CodeIgniter\Database\BaseConnection->query('INSERT INTO `tb...', NULL, false)
#4 A:\xampp\htdocs\app-sip\app\Models\Opd\UsulanOPDModel.php(228): CodeIgniter\Database\BaseBuilder->insertBatch(Array)
#5 A:\xampp\htdocs\app-sip\app\Controllers\Opd\DataUsulan.php(229): App\Models\Opd\UsulanOPDModel->aksi_kirim_detail_usulan_opd(Array)
#6 A:\xampp\htdocs\app-sip\vendor\codeigniter4\framework\system\CodeIgniter.php(832): App\Controllers\Opd\DataUsulan->aksi_kirimdatausulanopd('CB')
#7 A:\xampp\htdocs\app-sip\vendor\codeigniter4\framework\system\CodeIgniter.php(419): CodeIgniter\CodeIgniter->runController(Object(App\Controllers\Opd\DataUsulan))
#8 A:\xampp\htdocs\app-sip\vendor\codeigniter4\framework\system\CodeIgniter.php(326): CodeIgniter\CodeIgniter->handleRequest(NULL, Object(Config\Cache), false)
#9 A:\xampp\htdocs\app-sip\public\index.php(37): CodeIgniter\CodeIgniter->run()
#10 A:\xampp\htdocs\app-sip\vendor\codeigniter4\framework\system\Commands\Server\rewrite.php(43): require_once('A:\\xampp\\htdocs...')
#11 {main}
