CRITICAL - 2022-08-31 00:15:09 --> Undefined property: stdClass::$instansi_unor_nama
#0 A:\xampp\htdocs\app-sip\app\Views\v_dataPegawaiOPD\index.php(59): CodeIgniter\Debug\Exceptions->errorHandler(8, 'Undefined prope...', 'A:\\xampp\\htdocs...', 59, Array)
#1 A:\xampp\htdocs\app-sip\vendor\codeigniter4\framework\system\View\View.php(210): include('A:\\xampp\\htdocs...')
#2 A:\xampp\htdocs\app-sip\vendor\codeigniter4\framework\system\View\View.php(213): CodeIgniter\View\View->CodeIgniter\View\{closure}()
#3 A:\xampp\htdocs\app-sip\vendor\codeigniter4\framework\system\Common.php(1089): CodeIgniter\View\View->render('v_dataPegawaiOP...', Array, true)
#4 A:\xampp\htdocs\app-sip\app\Controllers\Opd\DataPegawai.php(53): view('v_dataPegawaiOP...', Array)
#5 A:\xampp\htdocs\app-sip\vendor\codeigniter4\framework\system\CodeIgniter.php(832): App\Controllers\Opd\DataPegawai->index()
#6 A:\xampp\htdocs\app-sip\vendor\codeigniter4\framework\system\CodeIgniter.php(419): CodeIgniter\CodeIgniter->runController(Object(App\Controllers\Opd\DataPegawai))
#7 A:\xampp\htdocs\app-sip\vendor\codeigniter4\framework\system\CodeIgniter.php(326): CodeIgniter\CodeIgniter->handleRequest(NULL, Object(Config\Cache), false)
#8 A:\xampp\htdocs\app-sip\public\index.php(37): CodeIgniter\CodeIgniter->run()
#9 A:\xampp\htdocs\app-sip\vendor\codeigniter4\framework\system\Commands\Server\rewrite.php(43): require_once('A:\\xampp\\htdocs...')
#10 {main}
CRITICAL - 2022-08-31 00:15:35 --> Undefined property: stdClass::$tmt_pensiun
#0 A:\xampp\htdocs\app-sip\app\Views\v_dataPegawaiOPD\index.php(62): CodeIgniter\Debug\Exceptions->errorHandler(8, 'Undefined prope...', 'A:\\xampp\\htdocs...', 62, Array)
#1 A:\xampp\htdocs\app-sip\vendor\codeigniter4\framework\system\View\View.php(210): include('A:\\xampp\\htdocs...')
#2 A:\xampp\htdocs\app-sip\vendor\codeigniter4\framework\system\View\View.php(213): CodeIgniter\View\View->CodeIgniter\View\{closure}()
#3 A:\xampp\htdocs\app-sip\vendor\codeigniter4\framework\system\Common.php(1089): CodeIgniter\View\View->render('v_dataPegawaiOP...', Array, true)
#4 A:\xampp\htdocs\app-sip\app\Controllers\Opd\DataPegawai.php(53): view('v_dataPegawaiOP...', Array)
#5 A:\xampp\htdocs\app-sip\vendor\codeigniter4\framework\system\CodeIgniter.php(832): App\Controllers\Opd\DataPegawai->index()
#6 A:\xampp\htdocs\app-sip\vendor\codeigniter4\framework\system\CodeIgniter.php(419): CodeIgniter\CodeIgniter->runController(Object(App\Controllers\Opd\DataPegawai))
#7 A:\xampp\htdocs\app-sip\vendor\codeigniter4\framework\system\CodeIgniter.php(326): CodeIgniter\CodeIgniter->handleRequest(NULL, Object(Config\Cache), false)
#8 A:\xampp\htdocs\app-sip\public\index.php(37): CodeIgniter\CodeIgniter->run()
#9 A:\xampp\htdocs\app-sip\vendor\codeigniter4\framework\system\Commands\Server\rewrite.php(43): require_once('A:\\xampp\\htdocs...')
#10 {main}
ERROR - 2022-08-31 00:20:29 --> Unknown column 'jabatan_nama' in 'field list'
CRITICAL - 2022-08-31 00:20:29 --> Unknown column 'jabatan_nama' in 'field list'
#0 A:\xampp\htdocs\app-sip\vendor\codeigniter4\framework\system\Database\MySQLi\Connection.php(292): mysqli->query('SELECT `pegawai...', 0)
#1 A:\xampp\htdocs\app-sip\vendor\codeigniter4\framework\system\Database\BaseConnection.php(670): CodeIgniter\Database\MySQLi\Connection->execute('SELECT `pegawai...')
#2 A:\xampp\htdocs\app-sip\vendor\codeigniter4\framework\system\Database\BaseConnection.php(598): CodeIgniter\Database\BaseConnection->simpleQuery('SELECT `pegawai...')
#3 A:\xampp\htdocs\app-sip\vendor\codeigniter4\framework\system\Database\BaseBuilder.php(1455): CodeIgniter\Database\BaseConnection->query('SELECT `pegawai...', Array, false)
#4 A:\xampp\htdocs\app-sip\app\Models\Opd\DataPegawaiOPDModel.php(55): CodeIgniter\Database\BaseBuilder->get()
#5 A:\xampp\htdocs\app-sip\app\Controllers\Opd\DataPegawai.php(47): App\Models\Opd\DataPegawaiOPDModel->getPegawaiByInstansiID('IH')
#6 A:\xampp\htdocs\app-sip\vendor\codeigniter4\framework\system\CodeIgniter.php(832): App\Controllers\Opd\DataPegawai->index()
#7 A:\xampp\htdocs\app-sip\vendor\codeigniter4\framework\system\CodeIgniter.php(419): CodeIgniter\CodeIgniter->runController(Object(App\Controllers\Opd\DataPegawai))
#8 A:\xampp\htdocs\app-sip\vendor\codeigniter4\framework\system\CodeIgniter.php(326): CodeIgniter\CodeIgniter->handleRequest(NULL, Object(Config\Cache), false)
#9 A:\xampp\htdocs\app-sip\public\index.php(37): CodeIgniter\CodeIgniter->run()
#10 A:\xampp\htdocs\app-sip\vendor\codeigniter4\framework\system\Commands\Server\rewrite.php(43): require_once('A:\\xampp\\htdocs...')
#11 {main}
ERROR - 2022-08-31 00:21:09 --> Unknown column 'gol_nama' in 'field list'
CRITICAL - 2022-08-31 00:21:09 --> Unknown column 'gol_nama' in 'field list'
#0 A:\xampp\htdocs\app-sip\vendor\codeigniter4\framework\system\Database\MySQLi\Connection.php(292): mysqli->query('SELECT `pegawai...', 0)
#1 A:\xampp\htdocs\app-sip\vendor\codeigniter4\framework\system\Database\BaseConnection.php(670): CodeIgniter\Database\MySQLi\Connection->execute('SELECT `pegawai...')
#2 A:\xampp\htdocs\app-sip\vendor\codeigniter4\framework\system\Database\BaseConnection.php(598): CodeIgniter\Database\BaseConnection->simpleQuery('SELECT `pegawai...')
#3 A:\xampp\htdocs\app-sip\vendor\codeigniter4\framework\system\Database\BaseBuilder.php(1455): CodeIgniter\Database\BaseConnection->query('SELECT `pegawai...', Array, false)
#4 A:\xampp\htdocs\app-sip\app\Models\Opd\DataPegawaiOPDModel.php(55): CodeIgniter\Database\BaseBuilder->get()
#5 A:\xampp\htdocs\app-sip\app\Controllers\Opd\DataPegawai.php(47): App\Models\Opd\DataPegawaiOPDModel->getPegawaiByInstansiID('IH')
#6 A:\xampp\htdocs\app-sip\vendor\codeigniter4\framework\system\CodeIgniter.php(832): App\Controllers\Opd\DataPegawai->index()
#7 A:\xampp\htdocs\app-sip\vendor\codeigniter4\framework\system\CodeIgniter.php(419): CodeIgniter\CodeIgniter->runController(Object(App\Controllers\Opd\DataPegawai))
#8 A:\xampp\htdocs\app-sip\vendor\codeigniter4\framework\system\CodeIgniter.php(326): CodeIgniter\CodeIgniter->handleRequest(NULL, Object(Config\Cache), false)
#9 A:\xampp\htdocs\app-sip\public\index.php(37): CodeIgniter\CodeIgniter->run()
#10 A:\xampp\htdocs\app-sip\vendor\codeigniter4\framework\system\Commands\Server\rewrite.php(43): require_once('A:\\xampp\\htdocs...')
#11 {main}
ERROR - 2022-08-31 00:21:11 --> Unknown column 'gol_nama' in 'field list'
CRITICAL - 2022-08-31 00:21:11 --> Unknown column 'gol_nama' in 'field list'
#0 A:\xampp\htdocs\app-sip\vendor\codeigniter4\framework\system\Database\MySQLi\Connection.php(292): mysqli->query('SELECT `pegawai...', 0)
#1 A:\xampp\htdocs\app-sip\vendor\codeigniter4\framework\system\Database\BaseConnection.php(670): CodeIgniter\Database\MySQLi\Connection->execute('SELECT `pegawai...')
#2 A:\xampp\htdocs\app-sip\vendor\codeigniter4\framework\system\Database\BaseConnection.php(598): CodeIgniter\Database\BaseConnection->simpleQuery('SELECT `pegawai...')
#3 A:\xampp\htdocs\app-sip\vendor\codeigniter4\framework\system\Database\BaseBuilder.php(1455): CodeIgniter\Database\BaseConnection->query('SELECT `pegawai...', Array, false)
#4 A:\xampp\htdocs\app-sip\app\Models\Opd\DataPegawaiOPDModel.php(55): CodeIgniter\Database\BaseBuilder->get()
#5 A:\xampp\htdocs\app-sip\app\Controllers\Opd\DataPegawai.php(47): App\Models\Opd\DataPegawaiOPDModel->getPegawaiByInstansiID('IH')
#6 A:\xampp\htdocs\app-sip\vendor\codeigniter4\framework\system\CodeIgniter.php(832): App\Controllers\Opd\DataPegawai->index()
#7 A:\xampp\htdocs\app-sip\vendor\codeigniter4\framework\system\CodeIgniter.php(419): CodeIgniter\CodeIgniter->runController(Object(App\Controllers\Opd\DataPegawai))
#8 A:\xampp\htdocs\app-sip\vendor\codeigniter4\framework\system\CodeIgniter.php(326): CodeIgniter\CodeIgniter->handleRequest(NULL, Object(Config\Cache), false)
#9 A:\xampp\htdocs\app-sip\public\index.php(37): CodeIgniter\CodeIgniter->run()
#10 A:\xampp\htdocs\app-sip\vendor\codeigniter4\framework\system\Commands\Server\rewrite.php(43): require_once('A:\\xampp\\htdocs...')
#11 {main}
ERROR - 2022-08-31 00:21:24 --> Unknown column 'status_nama' in 'field list'
CRITICAL - 2022-08-31 00:21:24 --> Unknown column 'status_nama' in 'field list'
#0 A:\xampp\htdocs\app-sip\vendor\codeigniter4\framework\system\Database\MySQLi\Connection.php(292): mysqli->query('SELECT `pegawai...', 0)
#1 A:\xampp\htdocs\app-sip\vendor\codeigniter4\framework\system\Database\BaseConnection.php(670): CodeIgniter\Database\MySQLi\Connection->execute('SELECT `pegawai...')
#2 A:\xampp\htdocs\app-sip\vendor\codeigniter4\framework\system\Database\BaseConnection.php(598): CodeIgniter\Database\BaseConnection->simpleQuery('SELECT `pegawai...')
#3 A:\xampp\htdocs\app-sip\vendor\codeigniter4\framework\system\Database\BaseBuilder.php(1455): CodeIgniter\Database\BaseConnection->query('SELECT `pegawai...', Array, false)
#4 A:\xampp\htdocs\app-sip\app\Models\Opd\DataPegawaiOPDModel.php(55): CodeIgniter\Database\BaseBuilder->get()
#5 A:\xampp\htdocs\app-sip\app\Controllers\Opd\DataPegawai.php(47): App\Models\Opd\DataPegawaiOPDModel->getPegawaiByInstansiID('IH')
#6 A:\xampp\htdocs\app-sip\vendor\codeigniter4\framework\system\CodeIgniter.php(832): App\Controllers\Opd\DataPegawai->index()
#7 A:\xampp\htdocs\app-sip\vendor\codeigniter4\framework\system\CodeIgniter.php(419): CodeIgniter\CodeIgniter->runController(Object(App\Controllers\Opd\DataPegawai))
#8 A:\xampp\htdocs\app-sip\vendor\codeigniter4\framework\system\CodeIgniter.php(326): CodeIgniter\CodeIgniter->handleRequest(NULL, Object(Config\Cache), false)
#9 A:\xampp\htdocs\app-sip\public\index.php(37): CodeIgniter\CodeIgniter->run()
#10 A:\xampp\htdocs\app-sip\vendor\codeigniter4\framework\system\Commands\Server\rewrite.php(43): require_once('A:\\xampp\\htdocs...')
#11 {main}
ERROR - 2022-08-31 00:35:47 --> Unknown column 'tbl_instansi.instansi_nama' in 'field list'
CRITICAL - 2022-08-31 00:35:47 --> Unknown column 'tbl_instansi.instansi_nama' in 'field list'
#0 A:\xampp\htdocs\app-sip\vendor\codeigniter4\framework\system\Database\MySQLi\Connection.php(292): mysqli->query('SELECT `pegawai...', 0)
#1 A:\xampp\htdocs\app-sip\vendor\codeigniter4\framework\system\Database\BaseConnection.php(670): CodeIgniter\Database\MySQLi\Connection->execute('SELECT `pegawai...')
#2 A:\xampp\htdocs\app-sip\vendor\codeigniter4\framework\system\Database\BaseConnection.php(598): CodeIgniter\Database\BaseConnection->simpleQuery('SELECT `pegawai...')
#3 A:\xampp\htdocs\app-sip\vendor\codeigniter4\framework\system\Database\BaseBuilder.php(1455): CodeIgniter\Database\BaseConnection->query('SELECT `pegawai...', Array, false)
#4 A:\xampp\htdocs\app-sip\app\Models\DataPegawaiModel.php(56): CodeIgniter\Database\BaseBuilder->get()
#5 A:\xampp\htdocs\app-sip\app\Controllers\DataPegawai.php(47): App\Models\DataPegawaiModel->getPegawaiByInstansiID()
#6 A:\xampp\htdocs\app-sip\vendor\codeigniter4\framework\system\CodeIgniter.php(832): App\Controllers\DataPegawai->index()
#7 A:\xampp\htdocs\app-sip\vendor\codeigniter4\framework\system\CodeIgniter.php(419): CodeIgniter\CodeIgniter->runController(Object(App\Controllers\DataPegawai))
#8 A:\xampp\htdocs\app-sip\vendor\codeigniter4\framework\system\CodeIgniter.php(326): CodeIgniter\CodeIgniter->handleRequest(NULL, Object(Config\Cache), false)
#9 A:\xampp\htdocs\app-sip\public\index.php(37): CodeIgniter\CodeIgniter->run()
#10 A:\xampp\htdocs\app-sip\vendor\codeigniter4\framework\system\Commands\Server\rewrite.php(43): require_once('A:\\xampp\\htdocs...')
#11 {main}
ERROR - 2022-08-31 00:39:03 --> Unknown column 'tbl_instansi.instansi_id' in 'field list'
CRITICAL - 2022-08-31 00:39:03 --> Unknown column 'tbl_instansi.instansi_id' in 'field list'
#0 A:\xampp\htdocs\app-sip\vendor\codeigniter4\framework\system\Database\MySQLi\Connection.php(292): mysqli->query('SELECT `pegawai...', 0)
#1 A:\xampp\htdocs\app-sip\vendor\codeigniter4\framework\system\Database\BaseConnection.php(670): CodeIgniter\Database\MySQLi\Connection->execute('SELECT `pegawai...')
#2 A:\xampp\htdocs\app-sip\vendor\codeigniter4\framework\system\Database\BaseConnection.php(598): CodeIgniter\Database\BaseConnection->simpleQuery('SELECT `pegawai...')
#3 A:\xampp\htdocs\app-sip\vendor\codeigniter4\framework\system\Database\BaseBuilder.php(1455): CodeIgniter\Database\BaseConnection->query('SELECT `pegawai...', Array, false)
#4 A:\xampp\htdocs\app-sip\app\Models\DataPegawaiModel.php(56): CodeIgniter\Database\BaseBuilder->get()
#5 A:\xampp\htdocs\app-sip\app\Controllers\DataPegawai.php(47): App\Models\DataPegawaiModel->getPegawaiByInstansiID()
#6 A:\xampp\htdocs\app-sip\vendor\codeigniter4\framework\system\CodeIgniter.php(832): App\Controllers\DataPegawai->index()
#7 A:\xampp\htdocs\app-sip\vendor\codeigniter4\framework\system\CodeIgniter.php(419): CodeIgniter\CodeIgniter->runController(Object(App\Controllers\DataPegawai))
#8 A:\xampp\htdocs\app-sip\vendor\codeigniter4\framework\system\CodeIgniter.php(326): CodeIgniter\CodeIgniter->handleRequest(NULL, Object(Config\Cache), false)
#9 A:\xampp\htdocs\app-sip\public\index.php(37): CodeIgniter\CodeIgniter->run()
#10 A:\xampp\htdocs\app-sip\vendor\codeigniter4\framework\system\Commands\Server\rewrite.php(43): require_once('A:\\xampp\\htdocs...')
#11 {main}
ERROR - 2022-08-31 00:39:47 --> Unknown column 'tbl_unor.instansi_id' in 'on clause'
CRITICAL - 2022-08-31 00:39:47 --> Unknown column 'tbl_unor.instansi_id' in 'on clause'
#0 A:\xampp\htdocs\app-sip\vendor\codeigniter4\framework\system\Database\MySQLi\Connection.php(292): mysqli->query('SELECT `pegawai...', 0)
#1 A:\xampp\htdocs\app-sip\vendor\codeigniter4\framework\system\Database\BaseConnection.php(670): CodeIgniter\Database\MySQLi\Connection->execute('SELECT `pegawai...')
#2 A:\xampp\htdocs\app-sip\vendor\codeigniter4\framework\system\Database\BaseConnection.php(598): CodeIgniter\Database\BaseConnection->simpleQuery('SELECT `pegawai...')
#3 A:\xampp\htdocs\app-sip\vendor\codeigniter4\framework\system\Database\BaseBuilder.php(1455): CodeIgniter\Database\BaseConnection->query('SELECT `pegawai...', Array, false)
#4 A:\xampp\htdocs\app-sip\app\Models\DataPegawaiModel.php(56): CodeIgniter\Database\BaseBuilder->get()
#5 A:\xampp\htdocs\app-sip\app\Controllers\DataPegawai.php(47): App\Models\DataPegawaiModel->getPegawaiByInstansiID()
#6 A:\xampp\htdocs\app-sip\vendor\codeigniter4\framework\system\CodeIgniter.php(832): App\Controllers\DataPegawai->index()
#7 A:\xampp\htdocs\app-sip\vendor\codeigniter4\framework\system\CodeIgniter.php(419): CodeIgniter\CodeIgniter->runController(Object(App\Controllers\DataPegawai))
#8 A:\xampp\htdocs\app-sip\vendor\codeigniter4\framework\system\CodeIgniter.php(326): CodeIgniter\CodeIgniter->handleRequest(NULL, Object(Config\Cache), false)
#9 A:\xampp\htdocs\app-sip\public\index.php(37): CodeIgniter\CodeIgniter->run()
#10 A:\xampp\htdocs\app-sip\vendor\codeigniter4\framework\system\Commands\Server\rewrite.php(43): require_once('A:\\xampp\\htdocs...')
#11 {main}
ERROR - 2022-08-31 00:39:55 --> Unknown column 'tbl_unor.instansi_id' in 'on clause'
CRITICAL - 2022-08-31 00:39:55 --> Unknown column 'tbl_unor.instansi_id' in 'on clause'
#0 A:\xampp\htdocs\app-sip\vendor\codeigniter4\framework\system\Database\MySQLi\Connection.php(292): mysqli->query('SELECT `pegawai...', 0)
#1 A:\xampp\htdocs\app-sip\vendor\codeigniter4\framework\system\Database\BaseConnection.php(670): CodeIgniter\Database\MySQLi\Connection->execute('SELECT `pegawai...')
#2 A:\xampp\htdocs\app-sip\vendor\codeigniter4\framework\system\Database\BaseConnection.php(598): CodeIgniter\Database\BaseConnection->simpleQuery('SELECT `pegawai...')
#3 A:\xampp\htdocs\app-sip\vendor\codeigniter4\framework\system\Database\BaseBuilder.php(1455): CodeIgniter\Database\BaseConnection->query('SELECT `pegawai...', Array, false)
#4 A:\xampp\htdocs\app-sip\app\Models\DataPegawaiModel.php(56): CodeIgniter\Database\BaseBuilder->get()
#5 A:\xampp\htdocs\app-sip\app\Controllers\DataPegawai.php(47): App\Models\DataPegawaiModel->getPegawaiByInstansiID()
#6 A:\xampp\htdocs\app-sip\vendor\codeigniter4\framework\system\CodeIgniter.php(832): App\Controllers\DataPegawai->index()
#7 A:\xampp\htdocs\app-sip\vendor\codeigniter4\framework\system\CodeIgniter.php(419): CodeIgniter\CodeIgniter->runController(Object(App\Controllers\DataPegawai))
#8 A:\xampp\htdocs\app-sip\vendor\codeigniter4\framework\system\CodeIgniter.php(326): CodeIgniter\CodeIgniter->handleRequest(NULL, Object(Config\Cache), false)
#9 A:\xampp\htdocs\app-sip\public\index.php(37): CodeIgniter\CodeIgniter->run()
#10 A:\xampp\htdocs\app-sip\vendor\codeigniter4\framework\system\Commands\Server\rewrite.php(43): require_once('A:\\xampp\\htdocs...')
#11 {main}
ERROR - 2022-08-31 00:40:08 --> Unknown column 'tbl_unor.instansi_id' in 'on clause'
CRITICAL - 2022-08-31 00:40:08 --> Unknown column 'tbl_unor.instansi_id' in 'on clause'
#0 A:\xampp\htdocs\app-sip\vendor\codeigniter4\framework\system\Database\MySQLi\Connection.php(292): mysqli->query('SELECT `pegawai...', 0)
#1 A:\xampp\htdocs\app-sip\vendor\codeigniter4\framework\system\Database\BaseConnection.php(670): CodeIgniter\Database\MySQLi\Connection->execute('SELECT `pegawai...')
#2 A:\xampp\htdocs\app-sip\vendor\codeigniter4\framework\system\Database\BaseConnection.php(598): CodeIgniter\Database\BaseConnection->simpleQuery('SELECT `pegawai...')
#3 A:\xampp\htdocs\app-sip\vendor\codeigniter4\framework\system\Database\BaseBuilder.php(1455): CodeIgniter\Database\BaseConnection->query('SELECT `pegawai...', Array, false)
#4 A:\xampp\htdocs\app-sip\app\Models\DataPegawaiModel.php(56): CodeIgniter\Database\BaseBuilder->get()
#5 A:\xampp\htdocs\app-sip\app\Controllers\DataPegawai.php(47): App\Models\DataPegawaiModel->getPegawaiByInstansiID()
#6 A:\xampp\htdocs\app-sip\vendor\codeigniter4\framework\system\CodeIgniter.php(832): App\Controllers\DataPegawai->index()
#7 A:\xampp\htdocs\app-sip\vendor\codeigniter4\framework\system\CodeIgniter.php(419): CodeIgniter\CodeIgniter->runController(Object(App\Controllers\DataPegawai))
#8 A:\xampp\htdocs\app-sip\vendor\codeigniter4\framework\system\CodeIgniter.php(326): CodeIgniter\CodeIgniter->handleRequest(NULL, Object(Config\Cache), false)
#9 A:\xampp\htdocs\app-sip\public\index.php(37): CodeIgniter\CodeIgniter->run()
#10 A:\xampp\htdocs\app-sip\vendor\codeigniter4\framework\system\Commands\Server\rewrite.php(43): require_once('A:\\xampp\\htdocs...')
#11 {main}
ERROR - 2022-08-31 00:40:09 --> Unknown column 'tbl_unor.instansi_id' in 'on clause'
CRITICAL - 2022-08-31 00:40:09 --> Unknown column 'tbl_unor.instansi_id' in 'on clause'
#0 A:\xampp\htdocs\app-sip\vendor\codeigniter4\framework\system\Database\MySQLi\Connection.php(292): mysqli->query('SELECT `pegawai...', 0)
#1 A:\xampp\htdocs\app-sip\vendor\codeigniter4\framework\system\Database\BaseConnection.php(670): CodeIgniter\Database\MySQLi\Connection->execute('SELECT `pegawai...')
#2 A:\xampp\htdocs\app-sip\vendor\codeigniter4\framework\system\Database\BaseConnection.php(598): CodeIgniter\Database\BaseConnection->simpleQuery('SELECT `pegawai...')
#3 A:\xampp\htdocs\app-sip\vendor\codeigniter4\framework\system\Database\BaseBuilder.php(1455): CodeIgniter\Database\BaseConnection->query('SELECT `pegawai...', Array, false)
#4 A:\xampp\htdocs\app-sip\app\Models\DataPegawaiModel.php(56): CodeIgniter\Database\BaseBuilder->get()
#5 A:\xampp\htdocs\app-sip\app\Controllers\DataPegawai.php(47): App\Models\DataPegawaiModel->getPegawaiByInstansiID()
#6 A:\xampp\htdocs\app-sip\vendor\codeigniter4\framework\system\CodeIgniter.php(832): App\Controllers\DataPegawai->index()
#7 A:\xampp\htdocs\app-sip\vendor\codeigniter4\framework\system\CodeIgniter.php(419): CodeIgniter\CodeIgniter->runController(Object(App\Controllers\DataPegawai))
#8 A:\xampp\htdocs\app-sip\vendor\codeigniter4\framework\system\CodeIgniter.php(326): CodeIgniter\CodeIgniter->handleRequest(NULL, Object(Config\Cache), false)
#9 A:\xampp\htdocs\app-sip\public\index.php(37): CodeIgniter\CodeIgniter->run()
#10 A:\xampp\htdocs\app-sip\vendor\codeigniter4\framework\system\Commands\Server\rewrite.php(43): require_once('A:\\xampp\\htdocs...')
#11 {main}
ERROR - 2022-08-31 00:40:11 --> Unknown column 'tbl_unor.instansi_id' in 'on clause'
CRITICAL - 2022-08-31 00:40:11 --> Unknown column 'tbl_unor.instansi_id' in 'on clause'
#0 A:\xampp\htdocs\app-sip\vendor\codeigniter4\framework\system\Database\MySQLi\Connection.php(292): mysqli->query('SELECT `pegawai...', 0)
#1 A:\xampp\htdocs\app-sip\vendor\codeigniter4\framework\system\Database\BaseConnection.php(670): CodeIgniter\Database\MySQLi\Connection->execute('SELECT `pegawai...')
#2 A:\xampp\htdocs\app-sip\vendor\codeigniter4\framework\system\Database\BaseConnection.php(598): CodeIgniter\Database\BaseConnection->simpleQuery('SELECT `pegawai...')
#3 A:\xampp\htdocs\app-sip\vendor\codeigniter4\framework\system\Database\BaseBuilder.php(1455): CodeIgniter\Database\BaseConnection->query('SELECT `pegawai...', Array, false)
#4 A:\xampp\htdocs\app-sip\app\Models\DataPegawaiModel.php(56): CodeIgniter\Database\BaseBuilder->get()
#5 A:\xampp\htdocs\app-sip\app\Controllers\DataPegawai.php(47): App\Models\DataPegawaiModel->getPegawaiByInstansiID()
#6 A:\xampp\htdocs\app-sip\vendor\codeigniter4\framework\system\CodeIgniter.php(832): App\Controllers\DataPegawai->index()
#7 A:\xampp\htdocs\app-sip\vendor\codeigniter4\framework\system\CodeIgniter.php(419): CodeIgniter\CodeIgniter->runController(Object(App\Controllers\DataPegawai))
#8 A:\xampp\htdocs\app-sip\vendor\codeigniter4\framework\system\CodeIgniter.php(326): CodeIgniter\CodeIgniter->handleRequest(NULL, Object(Config\Cache), false)
#9 A:\xampp\htdocs\app-sip\public\index.php(37): CodeIgniter\CodeIgniter->run()
#10 A:\xampp\htdocs\app-sip\vendor\codeigniter4\framework\system\Commands\Server\rewrite.php(43): require_once('A:\\xampp\\htdocs...')
#11 {main}
ERROR - 2022-08-31 00:40:49 --> Unknown column 'tbl_unor.instansi_id' in 'on clause'
CRITICAL - 2022-08-31 00:40:49 --> Unknown column 'tbl_unor.instansi_id' in 'on clause'
#0 A:\xampp\htdocs\app-sip\vendor\codeigniter4\framework\system\Database\MySQLi\Connection.php(292): mysqli->query('SELECT `pegawai...', 0)
#1 A:\xampp\htdocs\app-sip\vendor\codeigniter4\framework\system\Database\BaseConnection.php(670): CodeIgniter\Database\MySQLi\Connection->execute('SELECT `pegawai...')
#2 A:\xampp\htdocs\app-sip\vendor\codeigniter4\framework\system\Database\BaseConnection.php(598): CodeIgniter\Database\BaseConnection->simpleQuery('SELECT `pegawai...')
#3 A:\xampp\htdocs\app-sip\vendor\codeigniter4\framework\system\Database\BaseBuilder.php(1455): CodeIgniter\Database\BaseConnection->query('SELECT `pegawai...', Array, false)
#4 A:\xampp\htdocs\app-sip\app\Models\DataPegawaiModel.php(56): CodeIgniter\Database\BaseBuilder->get()
#5 A:\xampp\htdocs\app-sip\app\Controllers\DataPegawai.php(47): App\Models\DataPegawaiModel->getPegawaiByInstansiID()
#6 A:\xampp\htdocs\app-sip\vendor\codeigniter4\framework\system\CodeIgniter.php(832): App\Controllers\DataPegawai->index()
#7 A:\xampp\htdocs\app-sip\vendor\codeigniter4\framework\system\CodeIgniter.php(419): CodeIgniter\CodeIgniter->runController(Object(App\Controllers\DataPegawai))
#8 A:\xampp\htdocs\app-sip\vendor\codeigniter4\framework\system\CodeIgniter.php(326): CodeIgniter\CodeIgniter->handleRequest(NULL, Object(Config\Cache), false)
#9 A:\xampp\htdocs\app-sip\public\index.php(37): CodeIgniter\CodeIgniter->run()
#10 A:\xampp\htdocs\app-sip\vendor\codeigniter4\framework\system\Commands\Server\rewrite.php(43): require_once('A:\\xampp\\htdocs...')
#11 {main}
CRITICAL - 2022-08-31 00:42:19 --> Undefined property: stdClass::$instansi_nama
#0 A:\xampp\htdocs\app-sip\app\Views\v_dataPegawai\index.php(56): CodeIgniter\Debug\Exceptions->errorHandler(8, 'Undefined prope...', 'A:\\xampp\\htdocs...', 56, Array)
#1 A:\xampp\htdocs\app-sip\vendor\codeigniter4\framework\system\View\View.php(210): include('A:\\xampp\\htdocs...')
#2 A:\xampp\htdocs\app-sip\vendor\codeigniter4\framework\system\View\View.php(213): CodeIgniter\View\View->CodeIgniter\View\{closure}()
#3 A:\xampp\htdocs\app-sip\vendor\codeigniter4\framework\system\Common.php(1089): CodeIgniter\View\View->render('v_dataPegawai/i...', Array, true)
#4 A:\xampp\htdocs\app-sip\app\Controllers\DataPegawai.php(53): view('v_dataPegawai/i...', Array)
#5 A:\xampp\htdocs\app-sip\vendor\codeigniter4\framework\system\CodeIgniter.php(832): App\Controllers\DataPegawai->index()
#6 A:\xampp\htdocs\app-sip\vendor\codeigniter4\framework\system\CodeIgniter.php(419): CodeIgniter\CodeIgniter->runController(Object(App\Controllers\DataPegawai))
#7 A:\xampp\htdocs\app-sip\vendor\codeigniter4\framework\system\CodeIgniter.php(326): CodeIgniter\CodeIgniter->handleRequest(NULL, Object(Config\Cache), false)
#8 A:\xampp\htdocs\app-sip\public\index.php(37): CodeIgniter\CodeIgniter->run()
#9 A:\xampp\htdocs\app-sip\vendor\codeigniter4\framework\system\Commands\Server\rewrite.php(43): require_once('A:\\xampp\\htdocs...')
#10 {main}
ERROR - 2022-08-31 00:43:28 --> Unknown column 'tbl_instansi.instansi_id' in 'field list'
CRITICAL - 2022-08-31 00:43:28 --> Unknown column 'tbl_instansi.instansi_id' in 'field list'
#0 A:\xampp\htdocs\app-sip\vendor\codeigniter4\framework\system\Database\MySQLi\Connection.php(292): mysqli->query('SELECT `pegawai...', 0)
#1 A:\xampp\htdocs\app-sip\vendor\codeigniter4\framework\system\Database\BaseConnection.php(670): CodeIgniter\Database\MySQLi\Connection->execute('SELECT `pegawai...')
#2 A:\xampp\htdocs\app-sip\vendor\codeigniter4\framework\system\Database\BaseConnection.php(598): CodeIgniter\Database\BaseConnection->simpleQuery('SELECT `pegawai...')
#3 A:\xampp\htdocs\app-sip\vendor\codeigniter4\framework\system\Database\BaseBuilder.php(1455): CodeIgniter\Database\BaseConnection->query('SELECT `pegawai...', Array, false)
#4 A:\xampp\htdocs\app-sip\app\Models\DataPegawaiModel.php(56): CodeIgniter\Database\BaseBuilder->get()
#5 A:\xampp\htdocs\app-sip\app\Controllers\DataPegawai.php(47): App\Models\DataPegawaiModel->getPegawaiByInstansiID()
#6 A:\xampp\htdocs\app-sip\vendor\codeigniter4\framework\system\CodeIgniter.php(832): App\Controllers\DataPegawai->index()
#7 A:\xampp\htdocs\app-sip\vendor\codeigniter4\framework\system\CodeIgniter.php(419): CodeIgniter\CodeIgniter->runController(Object(App\Controllers\DataPegawai))
#8 A:\xampp\htdocs\app-sip\vendor\codeigniter4\framework\system\CodeIgniter.php(326): CodeIgniter\CodeIgniter->handleRequest(NULL, Object(Config\Cache), false)
#9 A:\xampp\htdocs\app-sip\public\index.php(37): CodeIgniter\CodeIgniter->run()
#10 A:\xampp\htdocs\app-sip\vendor\codeigniter4\framework\system\Commands\Server\rewrite.php(43): require_once('A:\\xampp\\htdocs...')
#11 {main}
ERROR - 2022-08-31 00:44:03 --> Unknown column 'tbl_instansi.instansi_id' in 'field list'
CRITICAL - 2022-08-31 00:44:03 --> Unknown column 'tbl_instansi.instansi_id' in 'field list'
#0 A:\xampp\htdocs\app-sip\vendor\codeigniter4\framework\system\Database\MySQLi\Connection.php(292): mysqli->query('SELECT `pegawai...', 0)
#1 A:\xampp\htdocs\app-sip\vendor\codeigniter4\framework\system\Database\BaseConnection.php(670): CodeIgniter\Database\MySQLi\Connection->execute('SELECT `pegawai...')
#2 A:\xampp\htdocs\app-sip\vendor\codeigniter4\framework\system\Database\BaseConnection.php(598): CodeIgniter\Database\BaseConnection->simpleQuery('SELECT `pegawai...')
#3 A:\xampp\htdocs\app-sip\vendor\codeigniter4\framework\system\Database\BaseBuilder.php(1455): CodeIgniter\Database\BaseConnection->query('SELECT `pegawai...', Array, false)
#4 A:\xampp\htdocs\app-sip\app\Models\DataPegawaiModel.php(56): CodeIgniter\Database\BaseBuilder->get()
#5 A:\xampp\htdocs\app-sip\app\Controllers\DataPegawai.php(47): App\Models\DataPegawaiModel->getPegawaiByInstansiID()
#6 A:\xampp\htdocs\app-sip\vendor\codeigniter4\framework\system\CodeIgniter.php(832): App\Controllers\DataPegawai->index()
#7 A:\xampp\htdocs\app-sip\vendor\codeigniter4\framework\system\CodeIgniter.php(419): CodeIgniter\CodeIgniter->runController(Object(App\Controllers\DataPegawai))
#8 A:\xampp\htdocs\app-sip\vendor\codeigniter4\framework\system\CodeIgniter.php(326): CodeIgniter\CodeIgniter->handleRequest(NULL, Object(Config\Cache), false)
#9 A:\xampp\htdocs\app-sip\public\index.php(37): CodeIgniter\CodeIgniter->run()
#10 A:\xampp\htdocs\app-sip\vendor\codeigniter4\framework\system\Commands\Server\rewrite.php(43): require_once('A:\\xampp\\htdocs...')
#11 {main}
CRITICAL - 2022-08-31 00:44:34 --> Undefined property: stdClass::$instansi_nama
#0 A:\xampp\htdocs\app-sip\app\Views\v_dataPegawai\index.php(56): CodeIgniter\Debug\Exceptions->errorHandler(8, 'Undefined prope...', 'A:\\xampp\\htdocs...', 56, Array)
#1 A:\xampp\htdocs\app-sip\vendor\codeigniter4\framework\system\View\View.php(210): include('A:\\xampp\\htdocs...')
#2 A:\xampp\htdocs\app-sip\vendor\codeigniter4\framework\system\View\View.php(213): CodeIgniter\View\View->CodeIgniter\View\{closure}()
#3 A:\xampp\htdocs\app-sip\vendor\codeigniter4\framework\system\Common.php(1089): CodeIgniter\View\View->render('v_dataPegawai/i...', Array, true)
#4 A:\xampp\htdocs\app-sip\app\Controllers\DataPegawai.php(53): view('v_dataPegawai/i...', Array)
#5 A:\xampp\htdocs\app-sip\vendor\codeigniter4\framework\system\CodeIgniter.php(832): App\Controllers\DataPegawai->index()
#6 A:\xampp\htdocs\app-sip\vendor\codeigniter4\framework\system\CodeIgniter.php(419): CodeIgniter\CodeIgniter->runController(Object(App\Controllers\DataPegawai))
#7 A:\xampp\htdocs\app-sip\vendor\codeigniter4\framework\system\CodeIgniter.php(326): CodeIgniter\CodeIgniter->handleRequest(NULL, Object(Config\Cache), false)
#8 A:\xampp\htdocs\app-sip\public\index.php(37): CodeIgniter\CodeIgniter->run()
#9 A:\xampp\htdocs\app-sip\vendor\codeigniter4\framework\system\Commands\Server\rewrite.php(43): require_once('A:\\xampp\\htdocs...')
#10 {main}
CRITICAL - 2022-08-31 00:51:01 --> Maximum execution time of 60 seconds exceeded
#0 [internal function]: CodeIgniter\Debug\Exceptions->shutdownHandler()
#1 {main}
ERROR - 2022-08-31 00:56:22 --> Unknown column 'tbl_instansi.instansi_nama' in 'field list'
CRITICAL - 2022-08-31 00:56:22 --> Unknown column 'tbl_instansi.instansi_nama' in 'field list'
#0 A:\xampp\htdocs\app-sip\vendor\codeigniter4\framework\system\Database\MySQLi\Connection.php(292): mysqli->query('SELECT `pegawai...', 0)
#1 A:\xampp\htdocs\app-sip\vendor\codeigniter4\framework\system\Database\BaseConnection.php(670): CodeIgniter\Database\MySQLi\Connection->execute('SELECT `pegawai...')
#2 A:\xampp\htdocs\app-sip\vendor\codeigniter4\framework\system\Database\BaseConnection.php(598): CodeIgniter\Database\BaseConnection->simpleQuery('SELECT `pegawai...')
#3 A:\xampp\htdocs\app-sip\vendor\codeigniter4\framework\system\Database\BaseBuilder.php(1455): CodeIgniter\Database\BaseConnection->query('SELECT `pegawai...', Array, false)
#4 A:\xampp\htdocs\app-sip\app\Models\DataPegawaiModel.php(57): CodeIgniter\Database\BaseBuilder->get()
#5 A:\xampp\htdocs\app-sip\app\Controllers\DataPegawai.php(47): App\Models\DataPegawaiModel->getPegawaiByInstansiID()
#6 A:\xampp\htdocs\app-sip\vendor\codeigniter4\framework\system\CodeIgniter.php(832): App\Controllers\DataPegawai->index()
#7 A:\xampp\htdocs\app-sip\vendor\codeigniter4\framework\system\CodeIgniter.php(419): CodeIgniter\CodeIgniter->runController(Object(App\Controllers\DataPegawai))
#8 A:\xampp\htdocs\app-sip\vendor\codeigniter4\framework\system\CodeIgniter.php(326): CodeIgniter\CodeIgniter->handleRequest(NULL, Object(Config\Cache), false)
#9 A:\xampp\htdocs\app-sip\public\index.php(37): CodeIgniter\CodeIgniter->run()
#10 A:\xampp\htdocs\app-sip\vendor\codeigniter4\framework\system\Commands\Server\rewrite.php(43): require_once('A:\\xampp\\htdocs...')
#11 {main}
ERROR - 2022-08-31 00:56:36 --> Unknown column 'tbl_instansi.instansi_nama' in 'field list'
CRITICAL - 2022-08-31 00:56:36 --> Unknown column 'tbl_instansi.instansi_nama' in 'field list'
#0 A:\xampp\htdocs\app-sip\vendor\codeigniter4\framework\system\Database\MySQLi\Connection.php(292): mysqli->query('SELECT `pegawai...', 0)
#1 A:\xampp\htdocs\app-sip\vendor\codeigniter4\framework\system\Database\BaseConnection.php(670): CodeIgniter\Database\MySQLi\Connection->execute('SELECT `pegawai...')
#2 A:\xampp\htdocs\app-sip\vendor\codeigniter4\framework\system\Database\BaseConnection.php(598): CodeIgniter\Database\BaseConnection->simpleQuery('SELECT `pegawai...')
#3 A:\xampp\htdocs\app-sip\vendor\codeigniter4\framework\system\Database\BaseBuilder.php(1455): CodeIgniter\Database\BaseConnection->query('SELECT `pegawai...', Array, false)
#4 A:\xampp\htdocs\app-sip\app\Models\DataPegawaiModel.php(57): CodeIgniter\Database\BaseBuilder->get()
#5 A:\xampp\htdocs\app-sip\app\Controllers\DataPegawai.php(47): App\Models\DataPegawaiModel->getPegawaiByInstansiID()
#6 A:\xampp\htdocs\app-sip\vendor\codeigniter4\framework\system\CodeIgniter.php(832): App\Controllers\DataPegawai->index()
#7 A:\xampp\htdocs\app-sip\vendor\codeigniter4\framework\system\CodeIgniter.php(419): CodeIgniter\CodeIgniter->runController(Object(App\Controllers\DataPegawai))
#8 A:\xampp\htdocs\app-sip\vendor\codeigniter4\framework\system\CodeIgniter.php(326): CodeIgniter\CodeIgniter->handleRequest(NULL, Object(Config\Cache), false)
#9 A:\xampp\htdocs\app-sip\public\index.php(37): CodeIgniter\CodeIgniter->run()
#10 A:\xampp\htdocs\app-sip\vendor\codeigniter4\framework\system\Commands\Server\rewrite.php(43): require_once('A:\\xampp\\htdocs...')
#11 {main}
CRITICAL - 2022-08-31 01:30:52 --> Call to undefined method CodeIgniter\Database\MySQLi\Builder::getResultArray()
#0 A:\xampp\htdocs\app-sip\app\Controllers\DataPegawai.php(47): App\Models\DataPegawaiModel->getPegawaiByInstansiID()
#1 A:\xampp\htdocs\app-sip\vendor\codeigniter4\framework\system\CodeIgniter.php(832): App\Controllers\DataPegawai->index()
#2 A:\xampp\htdocs\app-sip\vendor\codeigniter4\framework\system\CodeIgniter.php(419): CodeIgniter\CodeIgniter->runController(Object(App\Controllers\DataPegawai))
#3 A:\xampp\htdocs\app-sip\vendor\codeigniter4\framework\system\CodeIgniter.php(326): CodeIgniter\CodeIgniter->handleRequest(NULL, Object(Config\Cache), false)
#4 A:\xampp\htdocs\app-sip\public\index.php(37): CodeIgniter\CodeIgniter->run()
#5 A:\xampp\htdocs\app-sip\vendor\codeigniter4\framework\system\Commands\Server\rewrite.php(43): require_once('A:\\xampp\\htdocs...')
#6 {main}
ERROR - 2022-08-31 01:30:59 --> Unknown column 'tbl_instansi.instansi_nama' in 'field list'
CRITICAL - 2022-08-31 01:30:59 --> Unknown column 'tbl_instansi.instansi_nama' in 'field list'
#0 A:\xampp\htdocs\app-sip\vendor\codeigniter4\framework\system\Database\MySQLi\Connection.php(292): mysqli->query('SELECT `pegawai...', 0)
#1 A:\xampp\htdocs\app-sip\vendor\codeigniter4\framework\system\Database\BaseConnection.php(670): CodeIgniter\Database\MySQLi\Connection->execute('SELECT `pegawai...')
#2 A:\xampp\htdocs\app-sip\vendor\codeigniter4\framework\system\Database\BaseConnection.php(598): CodeIgniter\Database\BaseConnection->simpleQuery('SELECT `pegawai...')
#3 A:\xampp\htdocs\app-sip\vendor\codeigniter4\framework\system\Database\BaseBuilder.php(1455): CodeIgniter\Database\BaseConnection->query('SELECT `pegawai...', Array, false)
#4 A:\xampp\htdocs\app-sip\app\Models\DataPegawaiModel.php(57): CodeIgniter\Database\BaseBuilder->get(10)
#5 A:\xampp\htdocs\app-sip\app\Controllers\DataPegawai.php(47): App\Models\DataPegawaiModel->getPegawaiByInstansiID()
#6 A:\xampp\htdocs\app-sip\vendor\codeigniter4\framework\system\CodeIgniter.php(832): App\Controllers\DataPegawai->index()
#7 A:\xampp\htdocs\app-sip\vendor\codeigniter4\framework\system\CodeIgniter.php(419): CodeIgniter\CodeIgniter->runController(Object(App\Controllers\DataPegawai))
#8 A:\xampp\htdocs\app-sip\vendor\codeigniter4\framework\system\CodeIgniter.php(326): CodeIgniter\CodeIgniter->handleRequest(NULL, Object(Config\Cache), false)
#9 A:\xampp\htdocs\app-sip\public\index.php(37): CodeIgniter\CodeIgniter->run()
#10 A:\xampp\htdocs\app-sip\vendor\codeigniter4\framework\system\Commands\Server\rewrite.php(43): require_once('A:\\xampp\\htdocs...')
#11 {main}
CRITICAL - 2022-08-31 01:31:13 --> Call to undefined method CodeIgniter\Database\MySQLi\Builder::paginate()
#0 A:\xampp\htdocs\app-sip\app\Controllers\DataPegawai.php(47): App\Models\DataPegawaiModel->getPegawaiByInstansiID()
#1 A:\xampp\htdocs\app-sip\vendor\codeigniter4\framework\system\CodeIgniter.php(832): App\Controllers\DataPegawai->index()
#2 A:\xampp\htdocs\app-sip\vendor\codeigniter4\framework\system\CodeIgniter.php(419): CodeIgniter\CodeIgniter->runController(Object(App\Controllers\DataPegawai))
#3 A:\xampp\htdocs\app-sip\vendor\codeigniter4\framework\system\CodeIgniter.php(326): CodeIgniter\CodeIgniter->handleRequest(NULL, Object(Config\Cache), false)
#4 A:\xampp\htdocs\app-sip\public\index.php(37): CodeIgniter\CodeIgniter->run()
#5 A:\xampp\htdocs\app-sip\vendor\codeigniter4\framework\system\Commands\Server\rewrite.php(43): require_once('A:\\xampp\\htdocs...')
#6 {main}
CRITICAL - 2022-08-31 01:32:02 --> Call to undefined method CodeIgniter\Database\MySQLi\Builder::getResult()
#0 A:\xampp\htdocs\app-sip\app\Controllers\DataPegawai.php(47): App\Models\DataPegawaiModel->getPegawaiByInstansiID()
#1 A:\xampp\htdocs\app-sip\vendor\codeigniter4\framework\system\CodeIgniter.php(832): App\Controllers\DataPegawai->index()
#2 A:\xampp\htdocs\app-sip\vendor\codeigniter4\framework\system\CodeIgniter.php(419): CodeIgniter\CodeIgniter->runController(Object(App\Controllers\DataPegawai))
#3 A:\xampp\htdocs\app-sip\vendor\codeigniter4\framework\system\CodeIgniter.php(326): CodeIgniter\CodeIgniter->handleRequest(NULL, Object(Config\Cache), false)
#4 A:\xampp\htdocs\app-sip\public\index.php(37): CodeIgniter\CodeIgniter->run()
#5 A:\xampp\htdocs\app-sip\vendor\codeigniter4\framework\system\Commands\Server\rewrite.php(43): require_once('A:\\xampp\\htdocs...')
#6 {main}
ERROR - 2022-08-31 01:32:06 --> Unknown column 'tbl_instansi.instansi_nama' in 'field list'
CRITICAL - 2022-08-31 01:32:06 --> Unknown column 'tbl_instansi.instansi_nama' in 'field list'
#0 A:\xampp\htdocs\app-sip\vendor\codeigniter4\framework\system\Database\MySQLi\Connection.php(292): mysqli->query('SELECT `pegawai...', 0)
#1 A:\xampp\htdocs\app-sip\vendor\codeigniter4\framework\system\Database\BaseConnection.php(670): CodeIgniter\Database\MySQLi\Connection->execute('SELECT `pegawai...')
#2 A:\xampp\htdocs\app-sip\vendor\codeigniter4\framework\system\Database\BaseConnection.php(598): CodeIgniter\Database\BaseConnection->simpleQuery('SELECT `pegawai...')
#3 A:\xampp\htdocs\app-sip\vendor\codeigniter4\framework\system\Database\BaseBuilder.php(1455): CodeIgniter\Database\BaseConnection->query('SELECT `pegawai...', Array, false)
#4 A:\xampp\htdocs\app-sip\app\Models\DataPegawaiModel.php(57): CodeIgniter\Database\BaseBuilder->get()
#5 A:\xampp\htdocs\app-sip\app\Controllers\DataPegawai.php(47): App\Models\DataPegawaiModel->getPegawaiByInstansiID()
#6 A:\xampp\htdocs\app-sip\vendor\codeigniter4\framework\system\CodeIgniter.php(832): App\Controllers\DataPegawai->index()
#7 A:\xampp\htdocs\app-sip\vendor\codeigniter4\framework\system\CodeIgniter.php(419): CodeIgniter\CodeIgniter->runController(Object(App\Controllers\DataPegawai))
#8 A:\xampp\htdocs\app-sip\vendor\codeigniter4\framework\system\CodeIgniter.php(326): CodeIgniter\CodeIgniter->handleRequest(NULL, Object(Config\Cache), false)
#9 A:\xampp\htdocs\app-sip\public\index.php(37): CodeIgniter\CodeIgniter->run()
#10 A:\xampp\htdocs\app-sip\vendor\codeigniter4\framework\system\Commands\Server\rewrite.php(43): require_once('A:\\xampp\\htdocs...')
#11 {main}
ERROR - 2022-08-31 01:32:15 --> Unknown column 'tbl_instansi.instansi_nama' in 'field list'
CRITICAL - 2022-08-31 01:32:15 --> Unknown column 'tbl_instansi.instansi_nama' in 'field list'
#0 A:\xampp\htdocs\app-sip\vendor\codeigniter4\framework\system\Database\MySQLi\Connection.php(292): mysqli->query('SELECT `pegawai...', 0)
#1 A:\xampp\htdocs\app-sip\vendor\codeigniter4\framework\system\Database\BaseConnection.php(670): CodeIgniter\Database\MySQLi\Connection->execute('SELECT `pegawai...')
#2 A:\xampp\htdocs\app-sip\vendor\codeigniter4\framework\system\Database\BaseConnection.php(598): CodeIgniter\Database\BaseConnection->simpleQuery('SELECT `pegawai...')
#3 A:\xampp\htdocs\app-sip\vendor\codeigniter4\framework\system\Database\BaseBuilder.php(1455): CodeIgniter\Database\BaseConnection->query('SELECT `pegawai...', Array, false)
#4 A:\xampp\htdocs\app-sip\app\Models\DataPegawaiModel.php(57): CodeIgniter\Database\BaseBuilder->get()
#5 A:\xampp\htdocs\app-sip\app\Controllers\DataPegawai.php(47): App\Models\DataPegawaiModel->getPegawaiByInstansiID()
#6 A:\xampp\htdocs\app-sip\vendor\codeigniter4\framework\system\CodeIgniter.php(832): App\Controllers\DataPegawai->index()
#7 A:\xampp\htdocs\app-sip\vendor\codeigniter4\framework\system\CodeIgniter.php(419): CodeIgniter\CodeIgniter->runController(Object(App\Controllers\DataPegawai))
#8 A:\xampp\htdocs\app-sip\vendor\codeigniter4\framework\system\CodeIgniter.php(326): CodeIgniter\CodeIgniter->handleRequest(NULL, Object(Config\Cache), false)
#9 A:\xampp\htdocs\app-sip\public\index.php(37): CodeIgniter\CodeIgniter->run()
#10 A:\xampp\htdocs\app-sip\vendor\codeigniter4\framework\system\Commands\Server\rewrite.php(43): require_once('A:\\xampp\\htdocs...')
#11 {main}
CRITICAL - 2022-08-31 01:36:51 --> Undefined property: stdClass::$instansi_nama
#0 A:\xampp\htdocs\app-sip\app\Views\v_dataPegawai\index.php(56): CodeIgniter\Debug\Exceptions->errorHandler(8, 'Undefined prope...', 'A:\\xampp\\htdocs...', 56, Array)
#1 A:\xampp\htdocs\app-sip\vendor\codeigniter4\framework\system\View\View.php(210): include('A:\\xampp\\htdocs...')
#2 A:\xampp\htdocs\app-sip\vendor\codeigniter4\framework\system\View\View.php(213): CodeIgniter\View\View->CodeIgniter\View\{closure}()
#3 A:\xampp\htdocs\app-sip\vendor\codeigniter4\framework\system\Common.php(1089): CodeIgniter\View\View->render('v_dataPegawai/i...', Array, true)
#4 A:\xampp\htdocs\app-sip\app\Controllers\DataPegawai.php(53): view('v_dataPegawai/i...', Array)
#5 A:\xampp\htdocs\app-sip\vendor\codeigniter4\framework\system\CodeIgniter.php(832): App\Controllers\DataPegawai->index()
#6 A:\xampp\htdocs\app-sip\vendor\codeigniter4\framework\system\CodeIgniter.php(419): CodeIgniter\CodeIgniter->runController(Object(App\Controllers\DataPegawai))
#7 A:\xampp\htdocs\app-sip\vendor\codeigniter4\framework\system\CodeIgniter.php(326): CodeIgniter\CodeIgniter->handleRequest(NULL, Object(Config\Cache), false)
#8 A:\xampp\htdocs\app-sip\public\index.php(37): CodeIgniter\CodeIgniter->run()
#9 A:\xampp\htdocs\app-sip\vendor\codeigniter4\framework\system\Commands\Server\rewrite.php(43): require_once('A:\\xampp\\htdocs...')
#10 {main}
CRITICAL - 2022-08-31 01:46:01 --> Undefined property: stdClass::$instansi_nama
#0 A:\xampp\htdocs\app-sip\app\Views\v_dataPegawai\index.php(56): CodeIgniter\Debug\Exceptions->errorHandler(8, 'Undefined prope...', 'A:\\xampp\\htdocs...', 56, Array)
#1 A:\xampp\htdocs\app-sip\vendor\codeigniter4\framework\system\View\View.php(210): include('A:\\xampp\\htdocs...')
#2 A:\xampp\htdocs\app-sip\vendor\codeigniter4\framework\system\View\View.php(213): CodeIgniter\View\View->CodeIgniter\View\{closure}()
#3 A:\xampp\htdocs\app-sip\vendor\codeigniter4\framework\system\Common.php(1089): CodeIgniter\View\View->render('v_dataPegawai/i...', Array, true)
#4 A:\xampp\htdocs\app-sip\app\Controllers\DataPegawai.php(53): view('v_dataPegawai/i...', Array)
#5 A:\xampp\htdocs\app-sip\vendor\codeigniter4\framework\system\CodeIgniter.php(832): App\Controllers\DataPegawai->index()
#6 A:\xampp\htdocs\app-sip\vendor\codeigniter4\framework\system\CodeIgniter.php(419): CodeIgniter\CodeIgniter->runController(Object(App\Controllers\DataPegawai))
#7 A:\xampp\htdocs\app-sip\vendor\codeigniter4\framework\system\CodeIgniter.php(326): CodeIgniter\CodeIgniter->handleRequest(NULL, Object(Config\Cache), false)
#8 A:\xampp\htdocs\app-sip\public\index.php(37): CodeIgniter\CodeIgniter->run()
#9 A:\xampp\htdocs\app-sip\vendor\codeigniter4\framework\system\Commands\Server\rewrite.php(43): require_once('A:\\xampp\\htdocs...')
#10 {main}
CRITICAL - 2022-08-31 02:00:47 --> syntax error, unexpected '*'
#0 A:\xampp\htdocs\app-sip\vendor\codeigniter4\framework\system\Autoloader\Autoloader.php(241): CodeIgniter\Autoloader\Autoloader->includeFile('A:\\xampp\\htdocs...')
#1 A:\xampp\htdocs\app-sip\vendor\codeigniter4\framework\system\Autoloader\Autoloader.php(219): CodeIgniter\Autoloader\Autoloader->loadInNamespace('App\\Models\\Data...')
#2 [internal function]: CodeIgniter\Autoloader\Autoloader->loadClass('App\\Models\\Data...')
#3 A:\xampp\htdocs\app-sip\app\Controllers\DataPegawai.php(21): spl_autoload_call('App\\Models\\Data...')
#4 A:\xampp\htdocs\app-sip\vendor\codeigniter4\framework\system\CodeIgniter.php(809): App\Controllers\DataPegawai->__construct()
#5 A:\xampp\htdocs\app-sip\vendor\codeigniter4\framework\system\CodeIgniter.php(410): CodeIgniter\CodeIgniter->createController()
#6 A:\xampp\htdocs\app-sip\vendor\codeigniter4\framework\system\CodeIgniter.php(326): CodeIgniter\CodeIgniter->handleRequest(NULL, Object(Config\Cache), false)
#7 A:\xampp\htdocs\app-sip\public\index.php(37): CodeIgniter\CodeIgniter->run()
#8 A:\xampp\htdocs\app-sip\vendor\codeigniter4\framework\system\Commands\Server\rewrite.php(43): require_once('A:\\xampp\\htdocs...')
#9 {main}
CRITICAL - 2022-08-31 02:01:01 --> Undefined property: stdClass::$gol_pangkat
#0 A:\xampp\htdocs\app-sip\app\Views\v_dataPegawai\index.php(53): CodeIgniter\Debug\Exceptions->errorHandler(8, 'Undefined prope...', 'A:\\xampp\\htdocs...', 53, Array)
#1 A:\xampp\htdocs\app-sip\vendor\codeigniter4\framework\system\View\View.php(210): include('A:\\xampp\\htdocs...')
#2 A:\xampp\htdocs\app-sip\vendor\codeigniter4\framework\system\View\View.php(213): CodeIgniter\View\View->CodeIgniter\View\{closure}()
#3 A:\xampp\htdocs\app-sip\vendor\codeigniter4\framework\system\Common.php(1089): CodeIgniter\View\View->render('v_dataPegawai/i...', Array, true)
#4 A:\xampp\htdocs\app-sip\app\Controllers\DataPegawai.php(53): view('v_dataPegawai/i...', Array)
#5 A:\xampp\htdocs\app-sip\vendor\codeigniter4\framework\system\CodeIgniter.php(832): App\Controllers\DataPegawai->index()
#6 A:\xampp\htdocs\app-sip\vendor\codeigniter4\framework\system\CodeIgniter.php(419): CodeIgniter\CodeIgniter->runController(Object(App\Controllers\DataPegawai))
#7 A:\xampp\htdocs\app-sip\vendor\codeigniter4\framework\system\CodeIgniter.php(326): CodeIgniter\CodeIgniter->handleRequest(NULL, Object(Config\Cache), false)
#8 A:\xampp\htdocs\app-sip\public\index.php(37): CodeIgniter\CodeIgniter->run()
#9 A:\xampp\htdocs\app-sip\vendor\codeigniter4\framework\system\Commands\Server\rewrite.php(43): require_once('A:\\xampp\\htdocs...')
#10 {main}
CRITICAL - 2022-08-31 02:01:26 --> Undefined property: stdClass::$jabatan_nama
#0 A:\xampp\htdocs\app-sip\app\Views\v_dataPegawai\index.php(54): CodeIgniter\Debug\Exceptions->errorHandler(8, 'Undefined prope...', 'A:\\xampp\\htdocs...', 54, Array)
#1 A:\xampp\htdocs\app-sip\vendor\codeigniter4\framework\system\View\View.php(210): include('A:\\xampp\\htdocs...')
#2 A:\xampp\htdocs\app-sip\vendor\codeigniter4\framework\system\View\View.php(213): CodeIgniter\View\View->CodeIgniter\View\{closure}()
#3 A:\xampp\htdocs\app-sip\vendor\codeigniter4\framework\system\Common.php(1089): CodeIgniter\View\View->render('v_dataPegawai/i...', Array, true)
#4 A:\xampp\htdocs\app-sip\app\Controllers\DataPegawai.php(53): view('v_dataPegawai/i...', Array)
#5 A:\xampp\htdocs\app-sip\vendor\codeigniter4\framework\system\CodeIgniter.php(832): App\Controllers\DataPegawai->index()
#6 A:\xampp\htdocs\app-sip\vendor\codeigniter4\framework\system\CodeIgniter.php(419): CodeIgniter\CodeIgniter->runController(Object(App\Controllers\DataPegawai))
#7 A:\xampp\htdocs\app-sip\vendor\codeigniter4\framework\system\CodeIgniter.php(326): CodeIgniter\CodeIgniter->handleRequest(NULL, Object(Config\Cache), false)
#8 A:\xampp\htdocs\app-sip\public\index.php(37): CodeIgniter\CodeIgniter->run()
#9 A:\xampp\htdocs\app-sip\vendor\codeigniter4\framework\system\Commands\Server\rewrite.php(43): require_once('A:\\xampp\\htdocs...')
#10 {main}
CRITICAL - 2022-08-31 02:02:08 --> Undefined property: stdClass::$instansi_unor_nama
#0 A:\xampp\htdocs\app-sip\app\Views\v_dataPegawai\index.php(55): CodeIgniter\Debug\Exceptions->errorHandler(8, 'Undefined prope...', 'A:\\xampp\\htdocs...', 55, Array)
#1 A:\xampp\htdocs\app-sip\vendor\codeigniter4\framework\system\View\View.php(210): include('A:\\xampp\\htdocs...')
#2 A:\xampp\htdocs\app-sip\vendor\codeigniter4\framework\system\View\View.php(213): CodeIgniter\View\View->CodeIgniter\View\{closure}()
#3 A:\xampp\htdocs\app-sip\vendor\codeigniter4\framework\system\Common.php(1089): CodeIgniter\View\View->render('v_dataPegawai/i...', Array, true)
#4 A:\xampp\htdocs\app-sip\app\Controllers\DataPegawai.php(53): view('v_dataPegawai/i...', Array)
#5 A:\xampp\htdocs\app-sip\vendor\codeigniter4\framework\system\CodeIgniter.php(832): App\Controllers\DataPegawai->index()
#6 A:\xampp\htdocs\app-sip\vendor\codeigniter4\framework\system\CodeIgniter.php(419): CodeIgniter\CodeIgniter->runController(Object(App\Controllers\DataPegawai))
#7 A:\xampp\htdocs\app-sip\vendor\codeigniter4\framework\system\CodeIgniter.php(326): CodeIgniter\CodeIgniter->handleRequest(NULL, Object(Config\Cache), false)
#8 A:\xampp\htdocs\app-sip\public\index.php(37): CodeIgniter\CodeIgniter->run()
#9 A:\xampp\htdocs\app-sip\vendor\codeigniter4\framework\system\Commands\Server\rewrite.php(43): require_once('A:\\xampp\\htdocs...')
#10 {main}
CRITICAL - 2022-08-31 02:06:58 --> Undefined property: stdClass::$instansi_nama
#0 A:\xampp\htdocs\app-sip\app\Views\v_dataPegawai\index.php(56): CodeIgniter\Debug\Exceptions->errorHandler(8, 'Undefined prope...', 'A:\\xampp\\htdocs...', 56, Array)
#1 A:\xampp\htdocs\app-sip\vendor\codeigniter4\framework\system\View\View.php(210): include('A:\\xampp\\htdocs...')
#2 A:\xampp\htdocs\app-sip\vendor\codeigniter4\framework\system\View\View.php(213): CodeIgniter\View\View->CodeIgniter\View\{closure}()
#3 A:\xampp\htdocs\app-sip\vendor\codeigniter4\framework\system\Common.php(1089): CodeIgniter\View\View->render('v_dataPegawai/i...', Array, true)
#4 A:\xampp\htdocs\app-sip\app\Controllers\DataPegawai.php(53): view('v_dataPegawai/i...', Array)
#5 A:\xampp\htdocs\app-sip\vendor\codeigniter4\framework\system\CodeIgniter.php(832): App\Controllers\DataPegawai->index()
#6 A:\xampp\htdocs\app-sip\vendor\codeigniter4\framework\system\CodeIgniter.php(419): CodeIgniter\CodeIgniter->runController(Object(App\Controllers\DataPegawai))
#7 A:\xampp\htdocs\app-sip\vendor\codeigniter4\framework\system\CodeIgniter.php(326): CodeIgniter\CodeIgniter->handleRequest(NULL, Object(Config\Cache), false)
#8 A:\xampp\htdocs\app-sip\public\index.php(37): CodeIgniter\CodeIgniter->run()
#9 A:\xampp\htdocs\app-sip\vendor\codeigniter4\framework\system\Commands\Server\rewrite.php(43): require_once('A:\\xampp\\htdocs...')
#10 {main}
CRITICAL - 2022-08-31 02:30:24 --> syntax error, unexpected ';'
#0 A:\xampp\htdocs\app-sip\vendor\codeigniter4\framework\system\View\View.php(213): CodeIgniter\View\View->CodeIgniter\View\{closure}()
#1 A:\xampp\htdocs\app-sip\vendor\codeigniter4\framework\system\Common.php(1089): CodeIgniter\View\View->render('v_dataFormasi_p...', Array, true)
#2 A:\xampp\htdocs\app-sip\app\Controllers\Opd\DataFormasi.php(54): view('v_dataFormasi_p...', Array)
#3 A:\xampp\htdocs\app-sip\vendor\codeigniter4\framework\system\CodeIgniter.php(832): App\Controllers\Opd\DataFormasi->index()
#4 A:\xampp\htdocs\app-sip\vendor\codeigniter4\framework\system\CodeIgniter.php(419): CodeIgniter\CodeIgniter->runController(Object(App\Controllers\Opd\DataFormasi))
#5 A:\xampp\htdocs\app-sip\vendor\codeigniter4\framework\system\CodeIgniter.php(326): CodeIgniter\CodeIgniter->handleRequest(NULL, Object(Config\Cache), false)
#6 A:\xampp\htdocs\app-sip\public\index.php(37): CodeIgniter\CodeIgniter->run()
#7 A:\xampp\htdocs\app-sip\vendor\codeigniter4\framework\system\Commands\Server\rewrite.php(43): require_once('A:\\xampp\\htdocs...')
#8 {main}
CRITICAL - 2022-08-31 20:02:36 --> Call to a member function getResult() on string
#0 A:\xampp\htdocs\app-sip\vendor\codeigniter4\framework\system\View\View.php(210): include()
#1 A:\xampp\htdocs\app-sip\vendor\codeigniter4\framework\system\View\View.php(213): CodeIgniter\View\View->CodeIgniter\View\{closure}()
#2 A:\xampp\htdocs\app-sip\vendor\codeigniter4\framework\system\Common.php(1089): CodeIgniter\View\View->render('v_dataFormasi_p...', Array, true)
#3 A:\xampp\htdocs\app-sip\app\Controllers\Opd\DataFormasi.php(54): view('v_dataFormasi_p...', Array)
#4 A:\xampp\htdocs\app-sip\vendor\codeigniter4\framework\system\CodeIgniter.php(832): App\Controllers\Opd\DataFormasi->index()
#5 A:\xampp\htdocs\app-sip\vendor\codeigniter4\framework\system\CodeIgniter.php(419): CodeIgniter\CodeIgniter->runController(Object(App\Controllers\Opd\DataFormasi))
#6 A:\xampp\htdocs\app-sip\vendor\codeigniter4\framework\system\CodeIgniter.php(326): CodeIgniter\CodeIgniter->handleRequest(NULL, Object(Config\Cache), false)
#7 A:\xampp\htdocs\app-sip\public\index.php(37): CodeIgniter\CodeIgniter->run()
#8 A:\xampp\htdocs\app-sip\vendor\codeigniter4\framework\system\Commands\Server\rewrite.php(43): require_once('A:\\xampp\\htdocs...')
#9 {main}
CRITICAL - 2022-08-31 20:02:54 --> Call to a member function getResultArray() on string
#0 A:\xampp\htdocs\app-sip\vendor\codeigniter4\framework\system\View\View.php(210): include()
#1 A:\xampp\htdocs\app-sip\vendor\codeigniter4\framework\system\View\View.php(213): CodeIgniter\View\View->CodeIgniter\View\{closure}()
#2 A:\xampp\htdocs\app-sip\vendor\codeigniter4\framework\system\Common.php(1089): CodeIgniter\View\View->render('v_dataFormasi_p...', Array, true)
#3 A:\xampp\htdocs\app-sip\app\Controllers\Opd\DataFormasi.php(54): view('v_dataFormasi_p...', Array)
#4 A:\xampp\htdocs\app-sip\vendor\codeigniter4\framework\system\CodeIgniter.php(832): App\Controllers\Opd\DataFormasi->index()
#5 A:\xampp\htdocs\app-sip\vendor\codeigniter4\framework\system\CodeIgniter.php(419): CodeIgniter\CodeIgniter->runController(Object(App\Controllers\Opd\DataFormasi))
#6 A:\xampp\htdocs\app-sip\vendor\codeigniter4\framework\system\CodeIgniter.php(326): CodeIgniter\CodeIgniter->handleRequest(NULL, Object(Config\Cache), false)
#7 A:\xampp\htdocs\app-sip\public\index.php(37): CodeIgniter\CodeIgniter->run()
#8 A:\xampp\htdocs\app-sip\vendor\codeigniter4\framework\system\Commands\Server\rewrite.php(43): require_once('A:\\xampp\\htdocs...')
#9 {main}
CRITICAL - 2022-08-31 20:04:56 --> Undefined property: CodeIgniter\View\View::$db
#0 A:\xampp\htdocs\app-sip\app\Views\v_dataFormasi_petugas\index.php(92): CodeIgniter\Debug\Exceptions->errorHandler(8, 'Undefined prope...', 'A:\\xampp\\htdocs...', 92, Array)
#1 A:\xampp\htdocs\app-sip\vendor\codeigniter4\framework\system\View\View.php(210): include('A:\\xampp\\htdocs...')
#2 A:\xampp\htdocs\app-sip\vendor\codeigniter4\framework\system\View\View.php(213): CodeIgniter\View\View->CodeIgniter\View\{closure}()
#3 A:\xampp\htdocs\app-sip\vendor\codeigniter4\framework\system\Common.php(1089): CodeIgniter\View\View->render('v_dataFormasi_p...', Array, true)
#4 A:\xampp\htdocs\app-sip\app\Controllers\Opd\DataFormasi.php(54): view('v_dataFormasi_p...', Array)
#5 A:\xampp\htdocs\app-sip\vendor\codeigniter4\framework\system\CodeIgniter.php(832): App\Controllers\Opd\DataFormasi->index()
#6 A:\xampp\htdocs\app-sip\vendor\codeigniter4\framework\system\CodeIgniter.php(419): CodeIgniter\CodeIgniter->runController(Object(App\Controllers\Opd\DataFormasi))
#7 A:\xampp\htdocs\app-sip\vendor\codeigniter4\framework\system\CodeIgniter.php(326): CodeIgniter\CodeIgniter->handleRequest(NULL, Object(Config\Cache), false)
#8 A:\xampp\htdocs\app-sip\public\index.php(37): CodeIgniter\CodeIgniter->run()
#9 A:\xampp\htdocs\app-sip\vendor\codeigniter4\framework\system\Commands\Server\rewrite.php(43): require_once('A:\\xampp\\htdocs...')
#10 {main}
ERROR - 2022-08-31 20:05:18 --> Unknown column 'IH03000000' in 'where clause'
CRITICAL - 2022-08-31 20:05:18 --> Unknown column 'IH03000000' in 'where clause'
#0 A:\xampp\htdocs\app-sip\vendor\codeigniter4\framework\system\Database\MySQLi\Connection.php(292): mysqli->query('SELECT * FROM t...', 0)
#1 A:\xampp\htdocs\app-sip\vendor\codeigniter4\framework\system\Database\BaseConnection.php(670): CodeIgniter\Database\MySQLi\Connection->execute('SELECT * FROM t...')
#2 A:\xampp\htdocs\app-sip\vendor\codeigniter4\framework\system\Database\BaseConnection.php(598): CodeIgniter\Database\BaseConnection->simpleQuery('SELECT * FROM t...')
#3 A:\xampp\htdocs\app-sip\app\Views\v_dataFormasi_petugas\index.php(92): CodeIgniter\Database\BaseConnection->query('SELECT * FROM t...')
#4 A:\xampp\htdocs\app-sip\vendor\codeigniter4\framework\system\View\View.php(210): include('A:\\xampp\\htdocs...')
#5 A:\xampp\htdocs\app-sip\vendor\codeigniter4\framework\system\View\View.php(213): CodeIgniter\View\View->CodeIgniter\View\{closure}()
#6 A:\xampp\htdocs\app-sip\vendor\codeigniter4\framework\system\Common.php(1089): CodeIgniter\View\View->render('v_dataFormasi_p...', Array, true)
#7 A:\xampp\htdocs\app-sip\app\Controllers\Opd\DataFormasi.php(54): view('v_dataFormasi_p...', Array)
#8 A:\xampp\htdocs\app-sip\vendor\codeigniter4\framework\system\CodeIgniter.php(832): App\Controllers\Opd\DataFormasi->index()
#9 A:\xampp\htdocs\app-sip\vendor\codeigniter4\framework\system\CodeIgniter.php(419): CodeIgniter\CodeIgniter->runController(Object(App\Controllers\Opd\DataFormasi))
#10 A:\xampp\htdocs\app-sip\vendor\codeigniter4\framework\system\CodeIgniter.php(326): CodeIgniter\CodeIgniter->handleRequest(NULL, Object(Config\Cache), false)
#11 A:\xampp\htdocs\app-sip\public\index.php(37): CodeIgniter\CodeIgniter->run()
#12 A:\xampp\htdocs\app-sip\vendor\codeigniter4\framework\system\Commands\Server\rewrite.php(43): require_once('A:\\xampp\\htdocs...')
#13 {main}
CRITICAL - 2022-08-31 20:07:14 --> Trying to get property 'tmt_pensiun' of non-object
#0 A:\xampp\htdocs\app-sip\app\Views\v_dataFormasi_petugas\index.php(110): CodeIgniter\Debug\Exceptions->errorHandler(8, 'Trying to get p...', 'A:\\xampp\\htdocs...', 110, Array)
#1 A:\xampp\htdocs\app-sip\vendor\codeigniter4\framework\system\View\View.php(210): include('A:\\xampp\\htdocs...')
#2 A:\xampp\htdocs\app-sip\vendor\codeigniter4\framework\system\View\View.php(213): CodeIgniter\View\View->CodeIgniter\View\{closure}()
#3 A:\xampp\htdocs\app-sip\vendor\codeigniter4\framework\system\Common.php(1089): CodeIgniter\View\View->render('v_dataFormasi_p...', Array, true)
#4 A:\xampp\htdocs\app-sip\app\Controllers\Opd\DataFormasi.php(54): view('v_dataFormasi_p...', Array)
#5 A:\xampp\htdocs\app-sip\vendor\codeigniter4\framework\system\CodeIgniter.php(832): App\Controllers\Opd\DataFormasi->index()
#6 A:\xampp\htdocs\app-sip\vendor\codeigniter4\framework\system\CodeIgniter.php(419): CodeIgniter\CodeIgniter->runController(Object(App\Controllers\Opd\DataFormasi))
#7 A:\xampp\htdocs\app-sip\vendor\codeigniter4\framework\system\CodeIgniter.php(326): CodeIgniter\CodeIgniter->handleRequest(NULL, Object(Config\Cache), false)
#8 A:\xampp\htdocs\app-sip\public\index.php(37): CodeIgniter\CodeIgniter->run()
#9 A:\xampp\htdocs\app-sip\vendor\codeigniter4\framework\system\Commands\Server\rewrite.php(43): require_once('A:\\xampp\\htdocs...')
#10 {main}
CRITICAL - 2022-08-31 20:08:41 --> Trying to get property 'tmt_pensiun' of non-object
#0 A:\xampp\htdocs\app-sip\app\Views\v_dataFormasi_petugas\index.php(110): CodeIgniter\Debug\Exceptions->errorHandler(8, 'Trying to get p...', 'A:\\xampp\\htdocs...', 110, Array)
#1 A:\xampp\htdocs\app-sip\vendor\codeigniter4\framework\system\View\View.php(210): include('A:\\xampp\\htdocs...')
#2 A:\xampp\htdocs\app-sip\vendor\codeigniter4\framework\system\View\View.php(213): CodeIgniter\View\View->CodeIgniter\View\{closure}()
#3 A:\xampp\htdocs\app-sip\vendor\codeigniter4\framework\system\Common.php(1089): CodeIgniter\View\View->render('v_dataFormasi_p...', Array, true)
#4 A:\xampp\htdocs\app-sip\app\Controllers\Opd\DataFormasi.php(54): view('v_dataFormasi_p...', Array)
#5 A:\xampp\htdocs\app-sip\vendor\codeigniter4\framework\system\CodeIgniter.php(832): App\Controllers\Opd\DataFormasi->index()
#6 A:\xampp\htdocs\app-sip\vendor\codeigniter4\framework\system\CodeIgniter.php(419): CodeIgniter\CodeIgniter->runController(Object(App\Controllers\Opd\DataFormasi))
#7 A:\xampp\htdocs\app-sip\vendor\codeigniter4\framework\system\CodeIgniter.php(326): CodeIgniter\CodeIgniter->handleRequest(NULL, Object(Config\Cache), false)
#8 A:\xampp\htdocs\app-sip\public\index.php(37): CodeIgniter\CodeIgniter->run()
#9 A:\xampp\htdocs\app-sip\vendor\codeigniter4\framework\system\Commands\Server\rewrite.php(43): require_once('A:\\xampp\\htdocs...')
#10 {main}
CRITICAL - 2022-08-31 20:09:20 --> syntax error, unexpected '[', expecting identifier (T_STRING) or variable (T_VARIABLE) or '{' or '$'
#0 A:\xampp\htdocs\app-sip\vendor\codeigniter4\framework\system\View\View.php(213): CodeIgniter\View\View->CodeIgniter\View\{closure}()
#1 A:\xampp\htdocs\app-sip\vendor\codeigniter4\framework\system\Common.php(1089): CodeIgniter\View\View->render('v_dataFormasi_p...', Array, true)
#2 A:\xampp\htdocs\app-sip\app\Controllers\Opd\DataFormasi.php(54): view('v_dataFormasi_p...', Array)
#3 A:\xampp\htdocs\app-sip\vendor\codeigniter4\framework\system\CodeIgniter.php(832): App\Controllers\Opd\DataFormasi->index()
#4 A:\xampp\htdocs\app-sip\vendor\codeigniter4\framework\system\CodeIgniter.php(419): CodeIgniter\CodeIgniter->runController(Object(App\Controllers\Opd\DataFormasi))
#5 A:\xampp\htdocs\app-sip\vendor\codeigniter4\framework\system\CodeIgniter.php(326): CodeIgniter\CodeIgniter->handleRequest(NULL, Object(Config\Cache), false)
#6 A:\xampp\htdocs\app-sip\public\index.php(37): CodeIgniter\CodeIgniter->run()
#7 A:\xampp\htdocs\app-sip\vendor\codeigniter4\framework\system\Commands\Server\rewrite.php(43): require_once('A:\\xampp\\htdocs...')
#8 {main}
CRITICAL - 2022-08-31 20:09:29 --> Trying to get property 'pegawai_nama' of non-object
#0 A:\xampp\htdocs\app-sip\app\Views\v_dataFormasi_petugas\index.php(151): CodeIgniter\Debug\Exceptions->errorHandler(8, 'Trying to get p...', 'A:\\xampp\\htdocs...', 151, Array)
#1 A:\xampp\htdocs\app-sip\vendor\codeigniter4\framework\system\View\View.php(210): include('A:\\xampp\\htdocs...')
#2 A:\xampp\htdocs\app-sip\vendor\codeigniter4\framework\system\View\View.php(213): CodeIgniter\View\View->CodeIgniter\View\{closure}()
#3 A:\xampp\htdocs\app-sip\vendor\codeigniter4\framework\system\Common.php(1089): CodeIgniter\View\View->render('v_dataFormasi_p...', Array, true)
#4 A:\xampp\htdocs\app-sip\app\Controllers\Opd\DataFormasi.php(54): view('v_dataFormasi_p...', Array)
#5 A:\xampp\htdocs\app-sip\vendor\codeigniter4\framework\system\CodeIgniter.php(832): App\Controllers\Opd\DataFormasi->index()
#6 A:\xampp\htdocs\app-sip\vendor\codeigniter4\framework\system\CodeIgniter.php(419): CodeIgniter\CodeIgniter->runController(Object(App\Controllers\Opd\DataFormasi))
#7 A:\xampp\htdocs\app-sip\vendor\codeigniter4\framework\system\CodeIgniter.php(326): CodeIgniter\CodeIgniter->handleRequest(NULL, Object(Config\Cache), false)
#8 A:\xampp\htdocs\app-sip\public\index.php(37): CodeIgniter\CodeIgniter->run()
#9 A:\xampp\htdocs\app-sip\vendor\codeigniter4\framework\system\Commands\Server\rewrite.php(43): require_once('A:\\xampp\\htdocs...')
#10 {main}
CRITICAL - 2022-08-31 20:18:49 --> Undefined property: stdClass::$tmt_pensiun
#0 A:\xampp\htdocs\app-sip\app\Views\v_dataFormasi_petugas\index.php(111): CodeIgniter\Debug\Exceptions->errorHandler(8, 'Undefined prope...', 'A:\\xampp\\htdocs...', 111, Array)
#1 A:\xampp\htdocs\app-sip\vendor\codeigniter4\framework\system\View\View.php(210): include('A:\\xampp\\htdocs...')
#2 A:\xampp\htdocs\app-sip\vendor\codeigniter4\framework\system\View\View.php(213): CodeIgniter\View\View->CodeIgniter\View\{closure}()
#3 A:\xampp\htdocs\app-sip\vendor\codeigniter4\framework\system\Common.php(1089): CodeIgniter\View\View->render('v_dataFormasi_p...', Array, true)
#4 A:\xampp\htdocs\app-sip\app\Controllers\Opd\DataFormasi.php(54): view('v_dataFormasi_p...', Array)
#5 A:\xampp\htdocs\app-sip\vendor\codeigniter4\framework\system\CodeIgniter.php(832): App\Controllers\Opd\DataFormasi->index()
#6 A:\xampp\htdocs\app-sip\vendor\codeigniter4\framework\system\CodeIgniter.php(419): CodeIgniter\CodeIgniter->runController(Object(App\Controllers\Opd\DataFormasi))
#7 A:\xampp\htdocs\app-sip\vendor\codeigniter4\framework\system\CodeIgniter.php(326): CodeIgniter\CodeIgniter->handleRequest(NULL, Object(Config\Cache), false)
#8 A:\xampp\htdocs\app-sip\public\index.php(37): CodeIgniter\CodeIgniter->run()
#9 A:\xampp\htdocs\app-sip\vendor\codeigniter4\framework\system\Commands\Server\rewrite.php(43): require_once('A:\\xampp\\htdocs...')
#10 {main}
CRITICAL - 2022-08-31 20:52:23 --> Object of class CodeIgniter\Database\MySQLi\Result could not be converted to string
#0 A:\xampp\htdocs\app-sip\vendor\codeigniter4\framework\system\View\View.php(210): include()
#1 A:\xampp\htdocs\app-sip\vendor\codeigniter4\framework\system\View\View.php(213): CodeIgniter\View\View->CodeIgniter\View\{closure}()
#2 A:\xampp\htdocs\app-sip\vendor\codeigniter4\framework\system\Common.php(1089): CodeIgniter\View\View->render('v_dataFormasi_p...', Array, true)
#3 A:\xampp\htdocs\app-sip\app\Controllers\Opd\DataFormasi.php(54): view('v_dataFormasi_p...', Array)
#4 A:\xampp\htdocs\app-sip\vendor\codeigniter4\framework\system\CodeIgniter.php(832): App\Controllers\Opd\DataFormasi->index()
#5 A:\xampp\htdocs\app-sip\vendor\codeigniter4\framework\system\CodeIgniter.php(419): CodeIgniter\CodeIgniter->runController(Object(App\Controllers\Opd\DataFormasi))
#6 A:\xampp\htdocs\app-sip\vendor\codeigniter4\framework\system\CodeIgniter.php(326): CodeIgniter\CodeIgniter->handleRequest(NULL, Object(Config\Cache), false)
#7 A:\xampp\htdocs\app-sip\public\index.php(37): CodeIgniter\CodeIgniter->run()
#8 A:\xampp\htdocs\app-sip\vendor\codeigniter4\framework\system\Commands\Server\rewrite.php(43): require_once('A:\\xampp\\htdocs...')
#9 {main}
CRITICAL - 2022-08-31 20:53:49 --> Array to string conversion
#0 A:\xampp\htdocs\app-sip\app\Views\v_dataFormasi_petugas\index.php(158): CodeIgniter\Debug\Exceptions->errorHandler(8, 'Array to string...', 'A:\\xampp\\htdocs...', 158, Array)
#1 A:\xampp\htdocs\app-sip\vendor\codeigniter4\framework\system\View\View.php(210): include('A:\\xampp\\htdocs...')
#2 A:\xampp\htdocs\app-sip\vendor\codeigniter4\framework\system\View\View.php(213): CodeIgniter\View\View->CodeIgniter\View\{closure}()
#3 A:\xampp\htdocs\app-sip\vendor\codeigniter4\framework\system\Common.php(1089): CodeIgniter\View\View->render('v_dataFormasi_p...', Array, true)
#4 A:\xampp\htdocs\app-sip\app\Controllers\Opd\DataFormasi.php(54): view('v_dataFormasi_p...', Array)
#5 A:\xampp\htdocs\app-sip\vendor\codeigniter4\framework\system\CodeIgniter.php(832): App\Controllers\Opd\DataFormasi->index()
#6 A:\xampp\htdocs\app-sip\vendor\codeigniter4\framework\system\CodeIgniter.php(419): CodeIgniter\CodeIgniter->runController(Object(App\Controllers\Opd\DataFormasi))
#7 A:\xampp\htdocs\app-sip\vendor\codeigniter4\framework\system\CodeIgniter.php(326): CodeIgniter\CodeIgniter->handleRequest(NULL, Object(Config\Cache), false)
#8 A:\xampp\htdocs\app-sip\public\index.php(37): CodeIgniter\CodeIgniter->run()
#9 A:\xampp\htdocs\app-sip\vendor\codeigniter4\framework\system\Commands\Server\rewrite.php(43): require_once('A:\\xampp\\htdocs...')
#10 {main}
CRITICAL - 2022-08-31 20:55:34 --> Array to string conversion
#0 A:\xampp\htdocs\app-sip\app\Views\v_dataFormasi_petugas\index.php(162): CodeIgniter\Debug\Exceptions->errorHandler(8, 'Array to string...', 'A:\\xampp\\htdocs...', 162, Array)
#1 A:\xampp\htdocs\app-sip\vendor\codeigniter4\framework\system\View\View.php(210): include('A:\\xampp\\htdocs...')
#2 A:\xampp\htdocs\app-sip\vendor\codeigniter4\framework\system\View\View.php(213): CodeIgniter\View\View->CodeIgniter\View\{closure}()
#3 A:\xampp\htdocs\app-sip\vendor\codeigniter4\framework\system\Common.php(1089): CodeIgniter\View\View->render('v_dataFormasi_p...', Array, true)
#4 A:\xampp\htdocs\app-sip\app\Controllers\Opd\DataFormasi.php(54): view('v_dataFormasi_p...', Array)
#5 A:\xampp\htdocs\app-sip\vendor\codeigniter4\framework\system\CodeIgniter.php(832): App\Controllers\Opd\DataFormasi->index()
#6 A:\xampp\htdocs\app-sip\vendor\codeigniter4\framework\system\CodeIgniter.php(419): CodeIgniter\CodeIgniter->runController(Object(App\Controllers\Opd\DataFormasi))
#7 A:\xampp\htdocs\app-sip\vendor\codeigniter4\framework\system\CodeIgniter.php(326): CodeIgniter\CodeIgniter->handleRequest(NULL, Object(Config\Cache), false)
#8 A:\xampp\htdocs\app-sip\public\index.php(37): CodeIgniter\CodeIgniter->run()
#9 A:\xampp\htdocs\app-sip\vendor\codeigniter4\framework\system\Commands\Server\rewrite.php(43): require_once('A:\\xampp\\htdocs...')
#10 {main}
CRITICAL - 2022-08-31 20:55:39 --> Array to string conversion
#0 A:\xampp\htdocs\app-sip\app\Views\v_dataFormasi_petugas\index.php(162): CodeIgniter\Debug\Exceptions->errorHandler(8, 'Array to string...', 'A:\\xampp\\htdocs...', 162, Array)
#1 A:\xampp\htdocs\app-sip\vendor\codeigniter4\framework\system\View\View.php(210): include('A:\\xampp\\htdocs...')
#2 A:\xampp\htdocs\app-sip\vendor\codeigniter4\framework\system\View\View.php(213): CodeIgniter\View\View->CodeIgniter\View\{closure}()
#3 A:\xampp\htdocs\app-sip\vendor\codeigniter4\framework\system\Common.php(1089): CodeIgniter\View\View->render('v_dataFormasi_p...', Array, true)
#4 A:\xampp\htdocs\app-sip\app\Controllers\Opd\DataFormasi.php(54): view('v_dataFormasi_p...', Array)
#5 A:\xampp\htdocs\app-sip\vendor\codeigniter4\framework\system\CodeIgniter.php(832): App\Controllers\Opd\DataFormasi->index()
#6 A:\xampp\htdocs\app-sip\vendor\codeigniter4\framework\system\CodeIgniter.php(419): CodeIgniter\CodeIgniter->runController(Object(App\Controllers\Opd\DataFormasi))
#7 A:\xampp\htdocs\app-sip\vendor\codeigniter4\framework\system\CodeIgniter.php(326): CodeIgniter\CodeIgniter->handleRequest(NULL, Object(Config\Cache), false)
#8 A:\xampp\htdocs\app-sip\public\index.php(37): CodeIgniter\CodeIgniter->run()
#9 A:\xampp\htdocs\app-sip\vendor\codeigniter4\framework\system\Commands\Server\rewrite.php(43): require_once('A:\\xampp\\htdocs...')
#10 {main}
CRITICAL - 2022-08-31 20:55:59 --> Array to string conversion
#0 A:\xampp\htdocs\app-sip\app\Views\v_dataFormasi_petugas\index.php(162): CodeIgniter\Debug\Exceptions->errorHandler(8, 'Array to string...', 'A:\\xampp\\htdocs...', 162, Array)
#1 A:\xampp\htdocs\app-sip\vendor\codeigniter4\framework\system\View\View.php(210): include('A:\\xampp\\htdocs...')
#2 A:\xampp\htdocs\app-sip\vendor\codeigniter4\framework\system\View\View.php(213): CodeIgniter\View\View->CodeIgniter\View\{closure}()
#3 A:\xampp\htdocs\app-sip\vendor\codeigniter4\framework\system\Common.php(1089): CodeIgniter\View\View->render('v_dataFormasi_p...', Array, true)
#4 A:\xampp\htdocs\app-sip\app\Controllers\Opd\DataFormasi.php(54): view('v_dataFormasi_p...', Array)
#5 A:\xampp\htdocs\app-sip\vendor\codeigniter4\framework\system\CodeIgniter.php(832): App\Controllers\Opd\DataFormasi->index()
#6 A:\xampp\htdocs\app-sip\vendor\codeigniter4\framework\system\CodeIgniter.php(419): CodeIgniter\CodeIgniter->runController(Object(App\Controllers\Opd\DataFormasi))
#7 A:\xampp\htdocs\app-sip\vendor\codeigniter4\framework\system\CodeIgniter.php(326): CodeIgniter\CodeIgniter->handleRequest(NULL, Object(Config\Cache), false)
#8 A:\xampp\htdocs\app-sip\public\index.php(37): CodeIgniter\CodeIgniter->run()
#9 A:\xampp\htdocs\app-sip\vendor\codeigniter4\framework\system\Commands\Server\rewrite.php(43): require_once('A:\\xampp\\htdocs...')
#10 {main}
CRITICAL - 2022-08-31 20:56:24 --> Array to string conversion
#0 A:\xampp\htdocs\app-sip\app\Views\v_dataFormasi_petugas\index.php(160): CodeIgniter\Debug\Exceptions->errorHandler(8, 'Array to string...', 'A:\\xampp\\htdocs...', 160, Array)
#1 A:\xampp\htdocs\app-sip\vendor\codeigniter4\framework\system\View\View.php(210): include('A:\\xampp\\htdocs...')
#2 A:\xampp\htdocs\app-sip\vendor\codeigniter4\framework\system\View\View.php(213): CodeIgniter\View\View->CodeIgniter\View\{closure}()
#3 A:\xampp\htdocs\app-sip\vendor\codeigniter4\framework\system\Common.php(1089): CodeIgniter\View\View->render('v_dataFormasi_p...', Array, true)
#4 A:\xampp\htdocs\app-sip\app\Controllers\Opd\DataFormasi.php(54): view('v_dataFormasi_p...', Array)
#5 A:\xampp\htdocs\app-sip\vendor\codeigniter4\framework\system\CodeIgniter.php(832): App\Controllers\Opd\DataFormasi->index()
#6 A:\xampp\htdocs\app-sip\vendor\codeigniter4\framework\system\CodeIgniter.php(419): CodeIgniter\CodeIgniter->runController(Object(App\Controllers\Opd\DataFormasi))
#7 A:\xampp\htdocs\app-sip\vendor\codeigniter4\framework\system\CodeIgniter.php(326): CodeIgniter\CodeIgniter->handleRequest(NULL, Object(Config\Cache), false)
#8 A:\xampp\htdocs\app-sip\public\index.php(37): CodeIgniter\CodeIgniter->run()
#9 A:\xampp\htdocs\app-sip\vendor\codeigniter4\framework\system\Commands\Server\rewrite.php(43): require_once('A:\\xampp\\htdocs...')
#10 {main}
CRITICAL - 2022-08-31 21:01:34 --> Object of class stdClass could not be converted to string
#0 A:\xampp\htdocs\app-sip\vendor\codeigniter4\framework\system\View\View.php(210): include()
#1 A:\xampp\htdocs\app-sip\vendor\codeigniter4\framework\system\View\View.php(213): CodeIgniter\View\View->CodeIgniter\View\{closure}()
#2 A:\xampp\htdocs\app-sip\vendor\codeigniter4\framework\system\Common.php(1089): CodeIgniter\View\View->render('v_dataFormasi_p...', Array, true)
#3 A:\xampp\htdocs\app-sip\app\Controllers\Opd\DataFormasi.php(54): view('v_dataFormasi_p...', Array)
#4 A:\xampp\htdocs\app-sip\vendor\codeigniter4\framework\system\CodeIgniter.php(832): App\Controllers\Opd\DataFormasi->index()
#5 A:\xampp\htdocs\app-sip\vendor\codeigniter4\framework\system\CodeIgniter.php(419): CodeIgniter\CodeIgniter->runController(Object(App\Controllers\Opd\DataFormasi))
#6 A:\xampp\htdocs\app-sip\vendor\codeigniter4\framework\system\CodeIgniter.php(326): CodeIgniter\CodeIgniter->handleRequest(NULL, Object(Config\Cache), false)
#7 A:\xampp\htdocs\app-sip\public\index.php(37): CodeIgniter\CodeIgniter->run()
#8 A:\xampp\htdocs\app-sip\vendor\codeigniter4\framework\system\Commands\Server\rewrite.php(43): require_once('A:\\xampp\\htdocs...')
#9 {main}
CRITICAL - 2022-08-31 21:03:36 --> Call to a member function count() on array
#0 A:\xampp\htdocs\app-sip\vendor\codeigniter4\framework\system\View\View.php(210): include()
#1 A:\xampp\htdocs\app-sip\vendor\codeigniter4\framework\system\View\View.php(213): CodeIgniter\View\View->CodeIgniter\View\{closure}()
#2 A:\xampp\htdocs\app-sip\vendor\codeigniter4\framework\system\Common.php(1089): CodeIgniter\View\View->render('v_dataFormasi_p...', Array, true)
#3 A:\xampp\htdocs\app-sip\app\Controllers\Opd\DataFormasi.php(54): view('v_dataFormasi_p...', Array)
#4 A:\xampp\htdocs\app-sip\vendor\codeigniter4\framework\system\CodeIgniter.php(832): App\Controllers\Opd\DataFormasi->index()
#5 A:\xampp\htdocs\app-sip\vendor\codeigniter4\framework\system\CodeIgniter.php(419): CodeIgniter\CodeIgniter->runController(Object(App\Controllers\Opd\DataFormasi))
#6 A:\xampp\htdocs\app-sip\vendor\codeigniter4\framework\system\CodeIgniter.php(326): CodeIgniter\CodeIgniter->handleRequest(NULL, Object(Config\Cache), false)
#7 A:\xampp\htdocs\app-sip\public\index.php(37): CodeIgniter\CodeIgniter->run()
#8 A:\xampp\htdocs\app-sip\vendor\codeigniter4\framework\system\Commands\Server\rewrite.php(43): require_once('A:\\xampp\\htdocs...')
#9 {main}
CRITICAL - 2022-08-31 21:04:26 --> Array to string conversion
#0 A:\xampp\htdocs\app-sip\app\Views\v_dataFormasi_petugas\index.php(161): CodeIgniter\Debug\Exceptions->errorHandler(8, 'Array to string...', 'A:\\xampp\\htdocs...', 161, Array)
#1 A:\xampp\htdocs\app-sip\vendor\codeigniter4\framework\system\View\View.php(210): include('A:\\xampp\\htdocs...')
#2 A:\xampp\htdocs\app-sip\vendor\codeigniter4\framework\system\View\View.php(213): CodeIgniter\View\View->CodeIgniter\View\{closure}()
#3 A:\xampp\htdocs\app-sip\vendor\codeigniter4\framework\system\Common.php(1089): CodeIgniter\View\View->render('v_dataFormasi_p...', Array, true)
#4 A:\xampp\htdocs\app-sip\app\Controllers\Opd\DataFormasi.php(54): view('v_dataFormasi_p...', Array)
#5 A:\xampp\htdocs\app-sip\vendor\codeigniter4\framework\system\CodeIgniter.php(832): App\Controllers\Opd\DataFormasi->index()
#6 A:\xampp\htdocs\app-sip\vendor\codeigniter4\framework\system\CodeIgniter.php(419): CodeIgniter\CodeIgniter->runController(Object(App\Controllers\Opd\DataFormasi))
#7 A:\xampp\htdocs\app-sip\vendor\codeigniter4\framework\system\CodeIgniter.php(326): CodeIgniter\CodeIgniter->handleRequest(NULL, Object(Config\Cache), false)
#8 A:\xampp\htdocs\app-sip\public\index.php(37): CodeIgniter\CodeIgniter->run()
#9 A:\xampp\htdocs\app-sip\vendor\codeigniter4\framework\system\Commands\Server\rewrite.php(43): require_once('A:\\xampp\\htdocs...')
#10 {main}
CRITICAL - 2022-08-31 21:05:27 --> Array to string conversion
#0 A:\xampp\htdocs\app-sip\app\Views\v_dataFormasi_petugas\index.php(150): CodeIgniter\Debug\Exceptions->errorHandler(8, 'Array to string...', 'A:\\xampp\\htdocs...', 150, Array)
#1 A:\xampp\htdocs\app-sip\vendor\codeigniter4\framework\system\View\View.php(210): include('A:\\xampp\\htdocs...')
#2 A:\xampp\htdocs\app-sip\vendor\codeigniter4\framework\system\View\View.php(213): CodeIgniter\View\View->CodeIgniter\View\{closure}()
#3 A:\xampp\htdocs\app-sip\vendor\codeigniter4\framework\system\Common.php(1089): CodeIgniter\View\View->render('v_dataFormasi_p...', Array, true)
#4 A:\xampp\htdocs\app-sip\app\Controllers\Opd\DataFormasi.php(54): view('v_dataFormasi_p...', Array)
#5 A:\xampp\htdocs\app-sip\vendor\codeigniter4\framework\system\CodeIgniter.php(832): App\Controllers\Opd\DataFormasi->index()
#6 A:\xampp\htdocs\app-sip\vendor\codeigniter4\framework\system\CodeIgniter.php(419): CodeIgniter\CodeIgniter->runController(Object(App\Controllers\Opd\DataFormasi))
#7 A:\xampp\htdocs\app-sip\vendor\codeigniter4\framework\system\CodeIgniter.php(326): CodeIgniter\CodeIgniter->handleRequest(NULL, Object(Config\Cache), false)
#8 A:\xampp\htdocs\app-sip\public\index.php(37): CodeIgniter\CodeIgniter->run()
#9 A:\xampp\htdocs\app-sip\vendor\codeigniter4\framework\system\Commands\Server\rewrite.php(43): require_once('A:\\xampp\\htdocs...')
#10 {main}
CRITICAL - 2022-08-31 21:21:20 --> Undefined property: CodeIgniter\View\View::$db
#0 A:\xampp\htdocs\app-sip\app\Views\v_dataFormasi_petugas\index.php(95): CodeIgniter\Debug\Exceptions->errorHandler(8, 'Undefined prope...', 'A:\\xampp\\htdocs...', 95, Array)
#1 A:\xampp\htdocs\app-sip\vendor\codeigniter4\framework\system\View\View.php(210): include('A:\\xampp\\htdocs...')
#2 A:\xampp\htdocs\app-sip\vendor\codeigniter4\framework\system\View\View.php(213): CodeIgniter\View\View->CodeIgniter\View\{closure}()
#3 A:\xampp\htdocs\app-sip\vendor\codeigniter4\framework\system\Common.php(1089): CodeIgniter\View\View->render('v_dataFormasi_p...', Array, true)
#4 A:\xampp\htdocs\app-sip\app\Controllers\Opd\DataFormasi.php(54): view('v_dataFormasi_p...', Array)
#5 A:\xampp\htdocs\app-sip\vendor\codeigniter4\framework\system\CodeIgniter.php(832): App\Controllers\Opd\DataFormasi->index()
#6 A:\xampp\htdocs\app-sip\vendor\codeigniter4\framework\system\CodeIgniter.php(419): CodeIgniter\CodeIgniter->runController(Object(App\Controllers\Opd\DataFormasi))
#7 A:\xampp\htdocs\app-sip\vendor\codeigniter4\framework\system\CodeIgniter.php(326): CodeIgniter\CodeIgniter->handleRequest(NULL, Object(Config\Cache), false)
#8 A:\xampp\htdocs\app-sip\public\index.php(37): CodeIgniter\CodeIgniter->run()
#9 A:\xampp\htdocs\app-sip\vendor\codeigniter4\framework\system\Commands\Server\rewrite.php(43): require_once('A:\\xampp\\htdocs...')
#10 {main}
CRITICAL - 2022-08-31 21:21:36 --> syntax error, unexpected '->' (T_OBJECT_OPERATOR)
#0 A:\xampp\htdocs\app-sip\vendor\codeigniter4\framework\system\View\View.php(213): CodeIgniter\View\View->CodeIgniter\View\{closure}()
#1 A:\xampp\htdocs\app-sip\vendor\codeigniter4\framework\system\Common.php(1089): CodeIgniter\View\View->render('v_dataFormasi_p...', Array, true)
#2 A:\xampp\htdocs\app-sip\app\Controllers\Opd\DataFormasi.php(54): view('v_dataFormasi_p...', Array)
#3 A:\xampp\htdocs\app-sip\vendor\codeigniter4\framework\system\CodeIgniter.php(832): App\Controllers\Opd\DataFormasi->index()
#4 A:\xampp\htdocs\app-sip\vendor\codeigniter4\framework\system\CodeIgniter.php(419): CodeIgniter\CodeIgniter->runController(Object(App\Controllers\Opd\DataFormasi))
#5 A:\xampp\htdocs\app-sip\vendor\codeigniter4\framework\system\CodeIgniter.php(326): CodeIgniter\CodeIgniter->handleRequest(NULL, Object(Config\Cache), false)
#6 A:\xampp\htdocs\app-sip\public\index.php(37): CodeIgniter\CodeIgniter->run()
#7 A:\xampp\htdocs\app-sip\vendor\codeigniter4\framework\system\Commands\Server\rewrite.php(43): require_once('A:\\xampp\\htdocs...')
#8 {main}
CRITICAL - 2022-08-31 21:21:46 --> Undefined property: CodeIgniter\View\View::$db
#0 A:\xampp\htdocs\app-sip\app\Views\v_dataFormasi_petugas\index.php(95): CodeIgniter\Debug\Exceptions->errorHandler(8, 'Undefined prope...', 'A:\\xampp\\htdocs...', 95, Array)
#1 A:\xampp\htdocs\app-sip\vendor\codeigniter4\framework\system\View\View.php(210): include('A:\\xampp\\htdocs...')
#2 A:\xampp\htdocs\app-sip\vendor\codeigniter4\framework\system\View\View.php(213): CodeIgniter\View\View->CodeIgniter\View\{closure}()
#3 A:\xampp\htdocs\app-sip\vendor\codeigniter4\framework\system\Common.php(1089): CodeIgniter\View\View->render('v_dataFormasi_p...', Array, true)
#4 A:\xampp\htdocs\app-sip\app\Controllers\Opd\DataFormasi.php(54): view('v_dataFormasi_p...', Array)
#5 A:\xampp\htdocs\app-sip\vendor\codeigniter4\framework\system\CodeIgniter.php(832): App\Controllers\Opd\DataFormasi->index()
#6 A:\xampp\htdocs\app-sip\vendor\codeigniter4\framework\system\CodeIgniter.php(419): CodeIgniter\CodeIgniter->runController(Object(App\Controllers\Opd\DataFormasi))
#7 A:\xampp\htdocs\app-sip\vendor\codeigniter4\framework\system\CodeIgniter.php(326): CodeIgniter\CodeIgniter->handleRequest(NULL, Object(Config\Cache), false)
#8 A:\xampp\htdocs\app-sip\public\index.php(37): CodeIgniter\CodeIgniter->run()
#9 A:\xampp\htdocs\app-sip\vendor\codeigniter4\framework\system\Commands\Server\rewrite.php(43): require_once('A:\\xampp\\htdocs...')
#10 {main}
CRITICAL - 2022-08-31 21:22:03 --> Undefined variable: idInstansi
#0 A:\xampp\htdocs\app-sip\app\Views\v_dataFormasi_petugas\index.php(97): CodeIgniter\Debug\Exceptions->errorHandler(8, 'Undefined varia...', 'A:\\xampp\\htdocs...', 97, Array)
#1 A:\xampp\htdocs\app-sip\vendor\codeigniter4\framework\system\View\View.php(210): include('A:\\xampp\\htdocs...')
#2 A:\xampp\htdocs\app-sip\vendor\codeigniter4\framework\system\View\View.php(213): CodeIgniter\View\View->CodeIgniter\View\{closure}()
#3 A:\xampp\htdocs\app-sip\vendor\codeigniter4\framework\system\Common.php(1089): CodeIgniter\View\View->render('v_dataFormasi_p...', Array, true)
#4 A:\xampp\htdocs\app-sip\app\Controllers\Opd\DataFormasi.php(54): view('v_dataFormasi_p...', Array)
#5 A:\xampp\htdocs\app-sip\vendor\codeigniter4\framework\system\CodeIgniter.php(832): App\Controllers\Opd\DataFormasi->index()
#6 A:\xampp\htdocs\app-sip\vendor\codeigniter4\framework\system\CodeIgniter.php(419): CodeIgniter\CodeIgniter->runController(Object(App\Controllers\Opd\DataFormasi))
#7 A:\xampp\htdocs\app-sip\vendor\codeigniter4\framework\system\CodeIgniter.php(326): CodeIgniter\CodeIgniter->handleRequest(NULL, Object(Config\Cache), false)
#8 A:\xampp\htdocs\app-sip\public\index.php(37): CodeIgniter\CodeIgniter->run()
#9 A:\xampp\htdocs\app-sip\vendor\codeigniter4\framework\system\Commands\Server\rewrite.php(43): require_once('A:\\xampp\\htdocs...')
#10 {main}
CRITICAL - 2022-08-31 21:32:50 --> Undefined property: CodeIgniter\Database\MySQLi\Result::$jumlahpensiun
#0 A:\xampp\htdocs\app-sip\app\Views\v_dataFormasi_petugas\index.php(165): CodeIgniter\Debug\Exceptions->errorHandler(8, 'Undefined prope...', 'A:\\xampp\\htdocs...', 165, Array)
#1 A:\xampp\htdocs\app-sip\vendor\codeigniter4\framework\system\View\View.php(210): include('A:\\xampp\\htdocs...')
#2 A:\xampp\htdocs\app-sip\vendor\codeigniter4\framework\system\View\View.php(213): CodeIgniter\View\View->CodeIgniter\View\{closure}()
#3 A:\xampp\htdocs\app-sip\vendor\codeigniter4\framework\system\Common.php(1089): CodeIgniter\View\View->render('v_dataFormasi_p...', Array, true)
#4 A:\xampp\htdocs\app-sip\app\Controllers\Opd\DataFormasi.php(54): view('v_dataFormasi_p...', Array)
#5 A:\xampp\htdocs\app-sip\vendor\codeigniter4\framework\system\CodeIgniter.php(832): App\Controllers\Opd\DataFormasi->index()
#6 A:\xampp\htdocs\app-sip\vendor\codeigniter4\framework\system\CodeIgniter.php(419): CodeIgniter\CodeIgniter->runController(Object(App\Controllers\Opd\DataFormasi))
#7 A:\xampp\htdocs\app-sip\vendor\codeigniter4\framework\system\CodeIgniter.php(326): CodeIgniter\CodeIgniter->handleRequest(NULL, Object(Config\Cache), false)
#8 A:\xampp\htdocs\app-sip\public\index.php(37): CodeIgniter\CodeIgniter->run()
#9 A:\xampp\htdocs\app-sip\vendor\codeigniter4\framework\system\Commands\Server\rewrite.php(43): require_once('A:\\xampp\\htdocs...')
#10 {main}
CRITICAL - 2022-08-31 21:35:06 --> Undefined property: CodeIgniter\Database\MySQLi\Result::$jumlahpensiun
#0 A:\xampp\htdocs\app-sip\app\Views\v_dataFormasi_petugas\index.php(165): CodeIgniter\Debug\Exceptions->errorHandler(8, 'Undefined prope...', 'A:\\xampp\\htdocs...', 165, Array)
#1 A:\xampp\htdocs\app-sip\vendor\codeigniter4\framework\system\View\View.php(210): include('A:\\xampp\\htdocs...')
#2 A:\xampp\htdocs\app-sip\vendor\codeigniter4\framework\system\View\View.php(213): CodeIgniter\View\View->CodeIgniter\View\{closure}()
#3 A:\xampp\htdocs\app-sip\vendor\codeigniter4\framework\system\Common.php(1089): CodeIgniter\View\View->render('v_dataFormasi_p...', Array, true)
#4 A:\xampp\htdocs\app-sip\app\Controllers\Opd\DataFormasi.php(54): view('v_dataFormasi_p...', Array)
#5 A:\xampp\htdocs\app-sip\vendor\codeigniter4\framework\system\CodeIgniter.php(832): App\Controllers\Opd\DataFormasi->index()
#6 A:\xampp\htdocs\app-sip\vendor\codeigniter4\framework\system\CodeIgniter.php(419): CodeIgniter\CodeIgniter->runController(Object(App\Controllers\Opd\DataFormasi))
#7 A:\xampp\htdocs\app-sip\vendor\codeigniter4\framework\system\CodeIgniter.php(326): CodeIgniter\CodeIgniter->handleRequest(NULL, Object(Config\Cache), false)
#8 A:\xampp\htdocs\app-sip\public\index.php(37): CodeIgniter\CodeIgniter->run()
#9 A:\xampp\htdocs\app-sip\vendor\codeigniter4\framework\system\Commands\Server\rewrite.php(43): require_once('A:\\xampp\\htdocs...')
#10 {main}
CRITICAL - 2022-08-31 21:36:33 --> Trying to get property 'jumlahpensiun' of non-object
#0 A:\xampp\htdocs\app-sip\app\Views\v_dataFormasi_petugas\index.php(167): CodeIgniter\Debug\Exceptions->errorHandler(8, 'Trying to get p...', 'A:\\xampp\\htdocs...', 167, Array)
#1 A:\xampp\htdocs\app-sip\vendor\codeigniter4\framework\system\View\View.php(210): include('A:\\xampp\\htdocs...')
#2 A:\xampp\htdocs\app-sip\vendor\codeigniter4\framework\system\View\View.php(213): CodeIgniter\View\View->CodeIgniter\View\{closure}()
#3 A:\xampp\htdocs\app-sip\vendor\codeigniter4\framework\system\Common.php(1089): CodeIgniter\View\View->render('v_dataFormasi_p...', Array, true)
#4 A:\xampp\htdocs\app-sip\app\Controllers\Opd\DataFormasi.php(54): view('v_dataFormasi_p...', Array)
#5 A:\xampp\htdocs\app-sip\vendor\codeigniter4\framework\system\CodeIgniter.php(832): App\Controllers\Opd\DataFormasi->index()
#6 A:\xampp\htdocs\app-sip\vendor\codeigniter4\framework\system\CodeIgniter.php(419): CodeIgniter\CodeIgniter->runController(Object(App\Controllers\Opd\DataFormasi))
#7 A:\xampp\htdocs\app-sip\vendor\codeigniter4\framework\system\CodeIgniter.php(326): CodeIgniter\CodeIgniter->handleRequest(NULL, Object(Config\Cache), false)
#8 A:\xampp\htdocs\app-sip\public\index.php(37): CodeIgniter\CodeIgniter->run()
#9 A:\xampp\htdocs\app-sip\vendor\codeigniter4\framework\system\Commands\Server\rewrite.php(43): require_once('A:\\xampp\\htdocs...')
#10 {main}
CRITICAL - 2022-08-31 21:36:35 --> Trying to get property 'jumlahpensiun' of non-object
#0 A:\xampp\htdocs\app-sip\app\Views\v_dataFormasi_petugas\index.php(167): CodeIgniter\Debug\Exceptions->errorHandler(8, 'Trying to get p...', 'A:\\xampp\\htdocs...', 167, Array)
#1 A:\xampp\htdocs\app-sip\vendor\codeigniter4\framework\system\View\View.php(210): include('A:\\xampp\\htdocs...')
#2 A:\xampp\htdocs\app-sip\vendor\codeigniter4\framework\system\View\View.php(213): CodeIgniter\View\View->CodeIgniter\View\{closure}()
#3 A:\xampp\htdocs\app-sip\vendor\codeigniter4\framework\system\Common.php(1089): CodeIgniter\View\View->render('v_dataFormasi_p...', Array, true)
#4 A:\xampp\htdocs\app-sip\app\Controllers\Opd\DataFormasi.php(54): view('v_dataFormasi_p...', Array)
#5 A:\xampp\htdocs\app-sip\vendor\codeigniter4\framework\system\CodeIgniter.php(832): App\Controllers\Opd\DataFormasi->index()
#6 A:\xampp\htdocs\app-sip\vendor\codeigniter4\framework\system\CodeIgniter.php(419): CodeIgniter\CodeIgniter->runController(Object(App\Controllers\Opd\DataFormasi))
#7 A:\xampp\htdocs\app-sip\vendor\codeigniter4\framework\system\CodeIgniter.php(326): CodeIgniter\CodeIgniter->handleRequest(NULL, Object(Config\Cache), false)
#8 A:\xampp\htdocs\app-sip\public\index.php(37): CodeIgniter\CodeIgniter->run()
#9 A:\xampp\htdocs\app-sip\vendor\codeigniter4\framework\system\Commands\Server\rewrite.php(43): require_once('A:\\xampp\\htdocs...')
#10 {main}
CRITICAL - 2022-08-31 21:36:36 --> Trying to get property 'jumlahpensiun' of non-object
#0 A:\xampp\htdocs\app-sip\app\Views\v_dataFormasi_petugas\index.php(167): CodeIgniter\Debug\Exceptions->errorHandler(8, 'Trying to get p...', 'A:\\xampp\\htdocs...', 167, Array)
#1 A:\xampp\htdocs\app-sip\vendor\codeigniter4\framework\system\View\View.php(210): include('A:\\xampp\\htdocs...')
#2 A:\xampp\htdocs\app-sip\vendor\codeigniter4\framework\system\View\View.php(213): CodeIgniter\View\View->CodeIgniter\View\{closure}()
#3 A:\xampp\htdocs\app-sip\vendor\codeigniter4\framework\system\Common.php(1089): CodeIgniter\View\View->render('v_dataFormasi_p...', Array, true)
#4 A:\xampp\htdocs\app-sip\app\Controllers\Opd\DataFormasi.php(54): view('v_dataFormasi_p...', Array)
#5 A:\xampp\htdocs\app-sip\vendor\codeigniter4\framework\system\CodeIgniter.php(832): App\Controllers\Opd\DataFormasi->index()
#6 A:\xampp\htdocs\app-sip\vendor\codeigniter4\framework\system\CodeIgniter.php(419): CodeIgniter\CodeIgniter->runController(Object(App\Controllers\Opd\DataFormasi))
#7 A:\xampp\htdocs\app-sip\vendor\codeigniter4\framework\system\CodeIgniter.php(326): CodeIgniter\CodeIgniter->handleRequest(NULL, Object(Config\Cache), false)
#8 A:\xampp\htdocs\app-sip\public\index.php(37): CodeIgniter\CodeIgniter->run()
#9 A:\xampp\htdocs\app-sip\vendor\codeigniter4\framework\system\Commands\Server\rewrite.php(43): require_once('A:\\xampp\\htdocs...')
#10 {main}
CRITICAL - 2022-08-31 21:37:45 --> Undefined index: jumlahpensiun
#0 A:\xampp\htdocs\app-sip\app\Views\v_dataFormasi_petugas\index.php(167): CodeIgniter\Debug\Exceptions->errorHandler(8, 'Undefined index...', 'A:\\xampp\\htdocs...', 167, Array)
#1 A:\xampp\htdocs\app-sip\vendor\codeigniter4\framework\system\View\View.php(210): include('A:\\xampp\\htdocs...')
#2 A:\xampp\htdocs\app-sip\vendor\codeigniter4\framework\system\View\View.php(213): CodeIgniter\View\View->CodeIgniter\View\{closure}()
#3 A:\xampp\htdocs\app-sip\vendor\codeigniter4\framework\system\Common.php(1089): CodeIgniter\View\View->render('v_dataFormasi_p...', Array, true)
#4 A:\xampp\htdocs\app-sip\app\Controllers\Opd\DataFormasi.php(54): view('v_dataFormasi_p...', Array)
#5 A:\xampp\htdocs\app-sip\vendor\codeigniter4\framework\system\CodeIgniter.php(832): App\Controllers\Opd\DataFormasi->index()
#6 A:\xampp\htdocs\app-sip\vendor\codeigniter4\framework\system\CodeIgniter.php(419): CodeIgniter\CodeIgniter->runController(Object(App\Controllers\Opd\DataFormasi))
#7 A:\xampp\htdocs\app-sip\vendor\codeigniter4\framework\system\CodeIgniter.php(326): CodeIgniter\CodeIgniter->handleRequest(NULL, Object(Config\Cache), false)
#8 A:\xampp\htdocs\app-sip\public\index.php(37): CodeIgniter\CodeIgniter->run()
#9 A:\xampp\htdocs\app-sip\vendor\codeigniter4\framework\system\Commands\Server\rewrite.php(43): require_once('A:\\xampp\\htdocs...')
#10 {main}
CRITICAL - 2022-08-31 21:39:41 --> Cannot use object of type stdClass as array
#0 A:\xampp\htdocs\app-sip\vendor\codeigniter4\framework\system\View\View.php(210): include()
#1 A:\xampp\htdocs\app-sip\vendor\codeigniter4\framework\system\View\View.php(213): CodeIgniter\View\View->CodeIgniter\View\{closure}()
#2 A:\xampp\htdocs\app-sip\vendor\codeigniter4\framework\system\Common.php(1089): CodeIgniter\View\View->render('v_dataFormasi_p...', Array, true)
#3 A:\xampp\htdocs\app-sip\app\Controllers\Opd\DataFormasi.php(54): view('v_dataFormasi_p...', Array)
#4 A:\xampp\htdocs\app-sip\vendor\codeigniter4\framework\system\CodeIgniter.php(832): App\Controllers\Opd\DataFormasi->index()
#5 A:\xampp\htdocs\app-sip\vendor\codeigniter4\framework\system\CodeIgniter.php(419): CodeIgniter\CodeIgniter->runController(Object(App\Controllers\Opd\DataFormasi))
#6 A:\xampp\htdocs\app-sip\vendor\codeigniter4\framework\system\CodeIgniter.php(326): CodeIgniter\CodeIgniter->handleRequest(NULL, Object(Config\Cache), false)
#7 A:\xampp\htdocs\app-sip\public\index.php(37): CodeIgniter\CodeIgniter->run()
#8 A:\xampp\htdocs\app-sip\vendor\codeigniter4\framework\system\Commands\Server\rewrite.php(43): require_once('A:\\xampp\\htdocs...')
#9 {main}
