ERROR - 2022-06-23 00:40:37 --> Duplicate entry '' for key 'username'
CRITICAL - 2022-06-23 00:40:37 --> Duplicate entry '' for key 'username'
#0 A:\xampp\htdocs\app-sip\vendor\codeigniter4\framework\system\Database\MySQLi\Connection.php(292): mysqli->query('INSERT INTO `tb...', 0)
#1 A:\xampp\htdocs\app-sip\vendor\codeigniter4\framework\system\Database\BaseConnection.php(670): CodeIgniter\Database\MySQLi\Connection->execute('INSERT INTO `tb...')
#2 A:\xampp\htdocs\app-sip\vendor\codeigniter4\framework\system\Database\BaseConnection.php(598): CodeIgniter\Database\BaseConnection->simpleQuery('INSERT INTO `tb...')
#3 A:\xampp\htdocs\app-sip\vendor\codeigniter4\framework\system\Database\BaseBuilder.php(1771): CodeIgniter\Database\BaseConnection->query('INSERT INTO `tb...', Array, false)
#4 A:\xampp\htdocs\app-sip\app\Models\AdminModel.php(67): CodeIgniter\Database\BaseBuilder->insert(Array)
#5 A:\xampp\htdocs\app-sip\app\Controllers\DataAdmin.php(90): App\Models\AdminModel->save_admin_in_admin(Array)
#6 A:\xampp\htdocs\app-sip\vendor\codeigniter4\framework\system\CodeIgniter.php(832): App\Controllers\DataAdmin->add()
#7 A:\xampp\htdocs\app-sip\vendor\codeigniter4\framework\system\CodeIgniter.php(419): CodeIgniter\CodeIgniter->runController(Object(App\Controllers\DataAdmin))
#8 A:\xampp\htdocs\app-sip\vendor\codeigniter4\framework\system\CodeIgniter.php(326): CodeIgniter\CodeIgniter->handleRequest(NULL, Object(Config\Cache), false)
#9 A:\xampp\htdocs\app-sip\public\index.php(37): CodeIgniter\CodeIgniter->run()
#10 A:\xampp\htdocs\app-sip\vendor\codeigniter4\framework\system\Commands\Server\rewrite.php(43): require_once('A:\\xampp\\htdocs...')
#11 {main}
CRITICAL - 2022-06-23 00:42:07 --> Invalid file: v_dataAlurPengusulan/update.php
#0 A:\xampp\htdocs\app-sip\vendor\codeigniter4\framework\system\View\View.php(198): CodeIgniter\Exceptions\FrameworkException::forInvalidFile('v_dataAlurPengu...')
#1 A:\xampp\htdocs\app-sip\vendor\codeigniter4\framework\system\Common.php(1089): CodeIgniter\View\View->render('v_dataAlurPengu...', Array, true)
#2 A:\xampp\htdocs\app-sip\app\Controllers\DataAlurPengusulan.php(55): view('v_dataAlurPengu...', Array)
#3 A:\xampp\htdocs\app-sip\vendor\codeigniter4\framework\system\CodeIgniter.php(832): App\Controllers\DataAlurPengusulan->add_alur_pengusulan()
#4 A:\xampp\htdocs\app-sip\vendor\codeigniter4\framework\system\CodeIgniter.php(419): CodeIgniter\CodeIgniter->runController(Object(App\Controllers\DataAlurPengusulan))
#5 A:\xampp\htdocs\app-sip\vendor\codeigniter4\framework\system\CodeIgniter.php(326): CodeIgniter\CodeIgniter->handleRequest(NULL, Object(Config\Cache), false)
#6 A:\xampp\htdocs\app-sip\public\index.php(37): CodeIgniter\CodeIgniter->run()
#7 A:\xampp\htdocs\app-sip\vendor\codeigniter4\framework\system\Commands\Server\rewrite.php(43): require_once('A:\\xampp\\htdocs...')
#8 {main}
ERROR - 2022-06-23 01:28:50 --> Duplicate entry '' for key 'username'
CRITICAL - 2022-06-23 01:28:50 --> Duplicate entry '' for key 'username'
#0 A:\xampp\htdocs\app-sip\vendor\codeigniter4\framework\system\Database\MySQLi\Connection.php(292): mysqli->query('INSERT INTO `tb...', 0)
#1 A:\xampp\htdocs\app-sip\vendor\codeigniter4\framework\system\Database\BaseConnection.php(670): CodeIgniter\Database\MySQLi\Connection->execute('INSERT INTO `tb...')
#2 A:\xampp\htdocs\app-sip\vendor\codeigniter4\framework\system\Database\BaseConnection.php(598): CodeIgniter\Database\BaseConnection->simpleQuery('INSERT INTO `tb...')
#3 A:\xampp\htdocs\app-sip\vendor\codeigniter4\framework\system\Database\BaseBuilder.php(1771): CodeIgniter\Database\BaseConnection->query('INSERT INTO `tb...', Array, false)
#4 A:\xampp\htdocs\app-sip\app\Models\AdminModel.php(67): CodeIgniter\Database\BaseBuilder->insert(Array)
#5 A:\xampp\htdocs\app-sip\app\Controllers\DataAdmin.php(90): App\Models\AdminModel->save_admin_in_admin(Array)
#6 A:\xampp\htdocs\app-sip\vendor\codeigniter4\framework\system\CodeIgniter.php(832): App\Controllers\DataAdmin->add()
#7 A:\xampp\htdocs\app-sip\vendor\codeigniter4\framework\system\CodeIgniter.php(419): CodeIgniter\CodeIgniter->runController(Object(App\Controllers\DataAdmin))
#8 A:\xampp\htdocs\app-sip\vendor\codeigniter4\framework\system\CodeIgniter.php(326): CodeIgniter\CodeIgniter->handleRequest(NULL, Object(Config\Cache), false)
#9 A:\xampp\htdocs\app-sip\public\index.php(37): CodeIgniter\CodeIgniter->run()
#10 A:\xampp\htdocs\app-sip\vendor\codeigniter4\framework\system\Commands\Server\rewrite.php(43): require_once('A:\\xampp\\htdocs...')
#11 {main}
ERROR - 2022-06-23 01:28:51 --> Duplicate entry '' for key 'username'
CRITICAL - 2022-06-23 01:28:51 --> Duplicate entry '' for key 'username'
#0 A:\xampp\htdocs\app-sip\vendor\codeigniter4\framework\system\Database\MySQLi\Connection.php(292): mysqli->query('INSERT INTO `tb...', 0)
#1 A:\xampp\htdocs\app-sip\vendor\codeigniter4\framework\system\Database\BaseConnection.php(670): CodeIgniter\Database\MySQLi\Connection->execute('INSERT INTO `tb...')
#2 A:\xampp\htdocs\app-sip\vendor\codeigniter4\framework\system\Database\BaseConnection.php(598): CodeIgniter\Database\BaseConnection->simpleQuery('INSERT INTO `tb...')
#3 A:\xampp\htdocs\app-sip\vendor\codeigniter4\framework\system\Database\BaseBuilder.php(1771): CodeIgniter\Database\BaseConnection->query('INSERT INTO `tb...', Array, false)
#4 A:\xampp\htdocs\app-sip\app\Models\AdminModel.php(67): CodeIgniter\Database\BaseBuilder->insert(Array)
#5 A:\xampp\htdocs\app-sip\app\Controllers\DataAdmin.php(90): App\Models\AdminModel->save_admin_in_admin(Array)
#6 A:\xampp\htdocs\app-sip\vendor\codeigniter4\framework\system\CodeIgniter.php(832): App\Controllers\DataAdmin->add()
#7 A:\xampp\htdocs\app-sip\vendor\codeigniter4\framework\system\CodeIgniter.php(419): CodeIgniter\CodeIgniter->runController(Object(App\Controllers\DataAdmin))
#8 A:\xampp\htdocs\app-sip\vendor\codeigniter4\framework\system\CodeIgniter.php(326): CodeIgniter\CodeIgniter->handleRequest(NULL, Object(Config\Cache), false)
#9 A:\xampp\htdocs\app-sip\public\index.php(37): CodeIgniter\CodeIgniter->run()
#10 A:\xampp\htdocs\app-sip\vendor\codeigniter4\framework\system\Commands\Server\rewrite.php(43): require_once('A:\\xampp\\htdocs...')
#11 {main}
ERROR - 2022-06-23 01:28:51 --> Duplicate entry '' for key 'username'
CRITICAL - 2022-06-23 01:28:51 --> Duplicate entry '' for key 'username'
#0 A:\xampp\htdocs\app-sip\vendor\codeigniter4\framework\system\Database\MySQLi\Connection.php(292): mysqli->query('INSERT INTO `tb...', 0)
#1 A:\xampp\htdocs\app-sip\vendor\codeigniter4\framework\system\Database\BaseConnection.php(670): CodeIgniter\Database\MySQLi\Connection->execute('INSERT INTO `tb...')
#2 A:\xampp\htdocs\app-sip\vendor\codeigniter4\framework\system\Database\BaseConnection.php(598): CodeIgniter\Database\BaseConnection->simpleQuery('INSERT INTO `tb...')
#3 A:\xampp\htdocs\app-sip\vendor\codeigniter4\framework\system\Database\BaseBuilder.php(1771): CodeIgniter\Database\BaseConnection->query('INSERT INTO `tb...', Array, false)
#4 A:\xampp\htdocs\app-sip\app\Models\AdminModel.php(67): CodeIgniter\Database\BaseBuilder->insert(Array)
#5 A:\xampp\htdocs\app-sip\app\Controllers\DataAdmin.php(90): App\Models\AdminModel->save_admin_in_admin(Array)
#6 A:\xampp\htdocs\app-sip\vendor\codeigniter4\framework\system\CodeIgniter.php(832): App\Controllers\DataAdmin->add()
#7 A:\xampp\htdocs\app-sip\vendor\codeigniter4\framework\system\CodeIgniter.php(419): CodeIgniter\CodeIgniter->runController(Object(App\Controllers\DataAdmin))
#8 A:\xampp\htdocs\app-sip\vendor\codeigniter4\framework\system\CodeIgniter.php(326): CodeIgniter\CodeIgniter->handleRequest(NULL, Object(Config\Cache), false)
#9 A:\xampp\htdocs\app-sip\public\index.php(37): CodeIgniter\CodeIgniter->run()
#10 A:\xampp\htdocs\app-sip\vendor\codeigniter4\framework\system\Commands\Server\rewrite.php(43): require_once('A:\\xampp\\htdocs...')
#11 {main}
ERROR - 2022-06-23 01:28:52 --> Duplicate entry '' for key 'username'
CRITICAL - 2022-06-23 01:28:52 --> Duplicate entry '' for key 'username'
#0 A:\xampp\htdocs\app-sip\vendor\codeigniter4\framework\system\Database\MySQLi\Connection.php(292): mysqli->query('INSERT INTO `tb...', 0)
#1 A:\xampp\htdocs\app-sip\vendor\codeigniter4\framework\system\Database\BaseConnection.php(670): CodeIgniter\Database\MySQLi\Connection->execute('INSERT INTO `tb...')
#2 A:\xampp\htdocs\app-sip\vendor\codeigniter4\framework\system\Database\BaseConnection.php(598): CodeIgniter\Database\BaseConnection->simpleQuery('INSERT INTO `tb...')
#3 A:\xampp\htdocs\app-sip\vendor\codeigniter4\framework\system\Database\BaseBuilder.php(1771): CodeIgniter\Database\BaseConnection->query('INSERT INTO `tb...', Array, false)
#4 A:\xampp\htdocs\app-sip\app\Models\AdminModel.php(67): CodeIgniter\Database\BaseBuilder->insert(Array)
#5 A:\xampp\htdocs\app-sip\app\Controllers\DataAdmin.php(90): App\Models\AdminModel->save_admin_in_admin(Array)
#6 A:\xampp\htdocs\app-sip\vendor\codeigniter4\framework\system\CodeIgniter.php(832): App\Controllers\DataAdmin->add()
#7 A:\xampp\htdocs\app-sip\vendor\codeigniter4\framework\system\CodeIgniter.php(419): CodeIgniter\CodeIgniter->runController(Object(App\Controllers\DataAdmin))
#8 A:\xampp\htdocs\app-sip\vendor\codeigniter4\framework\system\CodeIgniter.php(326): CodeIgniter\CodeIgniter->handleRequest(NULL, Object(Config\Cache), false)
#9 A:\xampp\htdocs\app-sip\public\index.php(37): CodeIgniter\CodeIgniter->run()
#10 A:\xampp\htdocs\app-sip\vendor\codeigniter4\framework\system\Commands\Server\rewrite.php(43): require_once('A:\\xampp\\htdocs...')
#11 {main}
ERROR - 2022-06-23 01:28:52 --> Duplicate entry '' for key 'username'
CRITICAL - 2022-06-23 01:28:52 --> Duplicate entry '' for key 'username'
#0 A:\xampp\htdocs\app-sip\vendor\codeigniter4\framework\system\Database\MySQLi\Connection.php(292): mysqli->query('INSERT INTO `tb...', 0)
#1 A:\xampp\htdocs\app-sip\vendor\codeigniter4\framework\system\Database\BaseConnection.php(670): CodeIgniter\Database\MySQLi\Connection->execute('INSERT INTO `tb...')
#2 A:\xampp\htdocs\app-sip\vendor\codeigniter4\framework\system\Database\BaseConnection.php(598): CodeIgniter\Database\BaseConnection->simpleQuery('INSERT INTO `tb...')
#3 A:\xampp\htdocs\app-sip\vendor\codeigniter4\framework\system\Database\BaseBuilder.php(1771): CodeIgniter\Database\BaseConnection->query('INSERT INTO `tb...', Array, false)
#4 A:\xampp\htdocs\app-sip\app\Models\AdminModel.php(67): CodeIgniter\Database\BaseBuilder->insert(Array)
#5 A:\xampp\htdocs\app-sip\app\Controllers\DataAdmin.php(90): App\Models\AdminModel->save_admin_in_admin(Array)
#6 A:\xampp\htdocs\app-sip\vendor\codeigniter4\framework\system\CodeIgniter.php(832): App\Controllers\DataAdmin->add()
#7 A:\xampp\htdocs\app-sip\vendor\codeigniter4\framework\system\CodeIgniter.php(419): CodeIgniter\CodeIgniter->runController(Object(App\Controllers\DataAdmin))
#8 A:\xampp\htdocs\app-sip\vendor\codeigniter4\framework\system\CodeIgniter.php(326): CodeIgniter\CodeIgniter->handleRequest(NULL, Object(Config\Cache), false)
#9 A:\xampp\htdocs\app-sip\public\index.php(37): CodeIgniter\CodeIgniter->run()
#10 A:\xampp\htdocs\app-sip\vendor\codeigniter4\framework\system\Commands\Server\rewrite.php(43): require_once('A:\\xampp\\htdocs...')
#11 {main}
ERROR - 2022-06-23 01:28:52 --> Duplicate entry '' for key 'username'
CRITICAL - 2022-06-23 01:28:52 --> Duplicate entry '' for key 'username'
#0 A:\xampp\htdocs\app-sip\vendor\codeigniter4\framework\system\Database\MySQLi\Connection.php(292): mysqli->query('INSERT INTO `tb...', 0)
#1 A:\xampp\htdocs\app-sip\vendor\codeigniter4\framework\system\Database\BaseConnection.php(670): CodeIgniter\Database\MySQLi\Connection->execute('INSERT INTO `tb...')
#2 A:\xampp\htdocs\app-sip\vendor\codeigniter4\framework\system\Database\BaseConnection.php(598): CodeIgniter\Database\BaseConnection->simpleQuery('INSERT INTO `tb...')
#3 A:\xampp\htdocs\app-sip\vendor\codeigniter4\framework\system\Database\BaseBuilder.php(1771): CodeIgniter\Database\BaseConnection->query('INSERT INTO `tb...', Array, false)
#4 A:\xampp\htdocs\app-sip\app\Models\AdminModel.php(67): CodeIgniter\Database\BaseBuilder->insert(Array)
#5 A:\xampp\htdocs\app-sip\app\Controllers\DataAdmin.php(90): App\Models\AdminModel->save_admin_in_admin(Array)
#6 A:\xampp\htdocs\app-sip\vendor\codeigniter4\framework\system\CodeIgniter.php(832): App\Controllers\DataAdmin->add()
#7 A:\xampp\htdocs\app-sip\vendor\codeigniter4\framework\system\CodeIgniter.php(419): CodeIgniter\CodeIgniter->runController(Object(App\Controllers\DataAdmin))
#8 A:\xampp\htdocs\app-sip\vendor\codeigniter4\framework\system\CodeIgniter.php(326): CodeIgniter\CodeIgniter->handleRequest(NULL, Object(Config\Cache), false)
#9 A:\xampp\htdocs\app-sip\public\index.php(37): CodeIgniter\CodeIgniter->run()
#10 A:\xampp\htdocs\app-sip\vendor\codeigniter4\framework\system\Commands\Server\rewrite.php(43): require_once('A:\\xampp\\htdocs...')
#11 {main}
ERROR - 2022-06-23 01:28:52 --> Duplicate entry '' for key 'username'
CRITICAL - 2022-06-23 01:28:52 --> Duplicate entry '' for key 'username'
#0 A:\xampp\htdocs\app-sip\vendor\codeigniter4\framework\system\Database\MySQLi\Connection.php(292): mysqli->query('INSERT INTO `tb...', 0)
#1 A:\xampp\htdocs\app-sip\vendor\codeigniter4\framework\system\Database\BaseConnection.php(670): CodeIgniter\Database\MySQLi\Connection->execute('INSERT INTO `tb...')
#2 A:\xampp\htdocs\app-sip\vendor\codeigniter4\framework\system\Database\BaseConnection.php(598): CodeIgniter\Database\BaseConnection->simpleQuery('INSERT INTO `tb...')
#3 A:\xampp\htdocs\app-sip\vendor\codeigniter4\framework\system\Database\BaseBuilder.php(1771): CodeIgniter\Database\BaseConnection->query('INSERT INTO `tb...', Array, false)
#4 A:\xampp\htdocs\app-sip\app\Models\AdminModel.php(67): CodeIgniter\Database\BaseBuilder->insert(Array)
#5 A:\xampp\htdocs\app-sip\app\Controllers\DataAdmin.php(90): App\Models\AdminModel->save_admin_in_admin(Array)
#6 A:\xampp\htdocs\app-sip\vendor\codeigniter4\framework\system\CodeIgniter.php(832): App\Controllers\DataAdmin->add()
#7 A:\xampp\htdocs\app-sip\vendor\codeigniter4\framework\system\CodeIgniter.php(419): CodeIgniter\CodeIgniter->runController(Object(App\Controllers\DataAdmin))
#8 A:\xampp\htdocs\app-sip\vendor\codeigniter4\framework\system\CodeIgniter.php(326): CodeIgniter\CodeIgniter->handleRequest(NULL, Object(Config\Cache), false)
#9 A:\xampp\htdocs\app-sip\public\index.php(37): CodeIgniter\CodeIgniter->run()
#10 A:\xampp\htdocs\app-sip\vendor\codeigniter4\framework\system\Commands\Server\rewrite.php(43): require_once('A:\\xampp\\htdocs...')
#11 {main}
ERROR - 2022-06-23 01:28:53 --> Duplicate entry '' for key 'username'
CRITICAL - 2022-06-23 01:28:53 --> Duplicate entry '' for key 'username'
#0 A:\xampp\htdocs\app-sip\vendor\codeigniter4\framework\system\Database\MySQLi\Connection.php(292): mysqli->query('INSERT INTO `tb...', 0)
#1 A:\xampp\htdocs\app-sip\vendor\codeigniter4\framework\system\Database\BaseConnection.php(670): CodeIgniter\Database\MySQLi\Connection->execute('INSERT INTO `tb...')
#2 A:\xampp\htdocs\app-sip\vendor\codeigniter4\framework\system\Database\BaseConnection.php(598): CodeIgniter\Database\BaseConnection->simpleQuery('INSERT INTO `tb...')
#3 A:\xampp\htdocs\app-sip\vendor\codeigniter4\framework\system\Database\BaseBuilder.php(1771): CodeIgniter\Database\BaseConnection->query('INSERT INTO `tb...', Array, false)
#4 A:\xampp\htdocs\app-sip\app\Models\AdminModel.php(67): CodeIgniter\Database\BaseBuilder->insert(Array)
#5 A:\xampp\htdocs\app-sip\app\Controllers\DataAdmin.php(90): App\Models\AdminModel->save_admin_in_admin(Array)
#6 A:\xampp\htdocs\app-sip\vendor\codeigniter4\framework\system\CodeIgniter.php(832): App\Controllers\DataAdmin->add()
#7 A:\xampp\htdocs\app-sip\vendor\codeigniter4\framework\system\CodeIgniter.php(419): CodeIgniter\CodeIgniter->runController(Object(App\Controllers\DataAdmin))
#8 A:\xampp\htdocs\app-sip\vendor\codeigniter4\framework\system\CodeIgniter.php(326): CodeIgniter\CodeIgniter->handleRequest(NULL, Object(Config\Cache), false)
#9 A:\xampp\htdocs\app-sip\public\index.php(37): CodeIgniter\CodeIgniter->run()
#10 A:\xampp\htdocs\app-sip\vendor\codeigniter4\framework\system\Commands\Server\rewrite.php(43): require_once('A:\\xampp\\htdocs...')
#11 {main}
ERROR - 2022-06-23 01:28:53 --> Duplicate entry '' for key 'username'
CRITICAL - 2022-06-23 01:28:53 --> Duplicate entry '' for key 'username'
#0 A:\xampp\htdocs\app-sip\vendor\codeigniter4\framework\system\Database\MySQLi\Connection.php(292): mysqli->query('INSERT INTO `tb...', 0)
#1 A:\xampp\htdocs\app-sip\vendor\codeigniter4\framework\system\Database\BaseConnection.php(670): CodeIgniter\Database\MySQLi\Connection->execute('INSERT INTO `tb...')
#2 A:\xampp\htdocs\app-sip\vendor\codeigniter4\framework\system\Database\BaseConnection.php(598): CodeIgniter\Database\BaseConnection->simpleQuery('INSERT INTO `tb...')
#3 A:\xampp\htdocs\app-sip\vendor\codeigniter4\framework\system\Database\BaseBuilder.php(1771): CodeIgniter\Database\BaseConnection->query('INSERT INTO `tb...', Array, false)
#4 A:\xampp\htdocs\app-sip\app\Models\AdminModel.php(67): CodeIgniter\Database\BaseBuilder->insert(Array)
#5 A:\xampp\htdocs\app-sip\app\Controllers\DataAdmin.php(90): App\Models\AdminModel->save_admin_in_admin(Array)
#6 A:\xampp\htdocs\app-sip\vendor\codeigniter4\framework\system\CodeIgniter.php(832): App\Controllers\DataAdmin->add()
#7 A:\xampp\htdocs\app-sip\vendor\codeigniter4\framework\system\CodeIgniter.php(419): CodeIgniter\CodeIgniter->runController(Object(App\Controllers\DataAdmin))
#8 A:\xampp\htdocs\app-sip\vendor\codeigniter4\framework\system\CodeIgniter.php(326): CodeIgniter\CodeIgniter->handleRequest(NULL, Object(Config\Cache), false)
#9 A:\xampp\htdocs\app-sip\public\index.php(37): CodeIgniter\CodeIgniter->run()
#10 A:\xampp\htdocs\app-sip\vendor\codeigniter4\framework\system\Commands\Server\rewrite.php(43): require_once('A:\\xampp\\htdocs...')
#11 {main}
ERROR - 2022-06-23 01:28:53 --> Duplicate entry '' for key 'username'
CRITICAL - 2022-06-23 01:28:53 --> Duplicate entry '' for key 'username'
#0 A:\xampp\htdocs\app-sip\vendor\codeigniter4\framework\system\Database\MySQLi\Connection.php(292): mysqli->query('INSERT INTO `tb...', 0)
#1 A:\xampp\htdocs\app-sip\vendor\codeigniter4\framework\system\Database\BaseConnection.php(670): CodeIgniter\Database\MySQLi\Connection->execute('INSERT INTO `tb...')
#2 A:\xampp\htdocs\app-sip\vendor\codeigniter4\framework\system\Database\BaseConnection.php(598): CodeIgniter\Database\BaseConnection->simpleQuery('INSERT INTO `tb...')
#3 A:\xampp\htdocs\app-sip\vendor\codeigniter4\framework\system\Database\BaseBuilder.php(1771): CodeIgniter\Database\BaseConnection->query('INSERT INTO `tb...', Array, false)
#4 A:\xampp\htdocs\app-sip\app\Models\AdminModel.php(67): CodeIgniter\Database\BaseBuilder->insert(Array)
#5 A:\xampp\htdocs\app-sip\app\Controllers\DataAdmin.php(90): App\Models\AdminModel->save_admin_in_admin(Array)
#6 A:\xampp\htdocs\app-sip\vendor\codeigniter4\framework\system\CodeIgniter.php(832): App\Controllers\DataAdmin->add()
#7 A:\xampp\htdocs\app-sip\vendor\codeigniter4\framework\system\CodeIgniter.php(419): CodeIgniter\CodeIgniter->runController(Object(App\Controllers\DataAdmin))
#8 A:\xampp\htdocs\app-sip\vendor\codeigniter4\framework\system\CodeIgniter.php(326): CodeIgniter\CodeIgniter->handleRequest(NULL, Object(Config\Cache), false)
#9 A:\xampp\htdocs\app-sip\public\index.php(37): CodeIgniter\CodeIgniter->run()
#10 A:\xampp\htdocs\app-sip\vendor\codeigniter4\framework\system\Commands\Server\rewrite.php(43): require_once('A:\\xampp\\htdocs...')
#11 {main}
ERROR - 2022-06-23 01:28:53 --> Duplicate entry '' for key 'username'
CRITICAL - 2022-06-23 01:28:53 --> Duplicate entry '' for key 'username'
#0 A:\xampp\htdocs\app-sip\vendor\codeigniter4\framework\system\Database\MySQLi\Connection.php(292): mysqli->query('INSERT INTO `tb...', 0)
#1 A:\xampp\htdocs\app-sip\vendor\codeigniter4\framework\system\Database\BaseConnection.php(670): CodeIgniter\Database\MySQLi\Connection->execute('INSERT INTO `tb...')
#2 A:\xampp\htdocs\app-sip\vendor\codeigniter4\framework\system\Database\BaseConnection.php(598): CodeIgniter\Database\BaseConnection->simpleQuery('INSERT INTO `tb...')
#3 A:\xampp\htdocs\app-sip\vendor\codeigniter4\framework\system\Database\BaseBuilder.php(1771): CodeIgniter\Database\BaseConnection->query('INSERT INTO `tb...', Array, false)
#4 A:\xampp\htdocs\app-sip\app\Models\AdminModel.php(67): CodeIgniter\Database\BaseBuilder->insert(Array)
#5 A:\xampp\htdocs\app-sip\app\Controllers\DataAdmin.php(90): App\Models\AdminModel->save_admin_in_admin(Array)
#6 A:\xampp\htdocs\app-sip\vendor\codeigniter4\framework\system\CodeIgniter.php(832): App\Controllers\DataAdmin->add()
#7 A:\xampp\htdocs\app-sip\vendor\codeigniter4\framework\system\CodeIgniter.php(419): CodeIgniter\CodeIgniter->runController(Object(App\Controllers\DataAdmin))
#8 A:\xampp\htdocs\app-sip\vendor\codeigniter4\framework\system\CodeIgniter.php(326): CodeIgniter\CodeIgniter->handleRequest(NULL, Object(Config\Cache), false)
#9 A:\xampp\htdocs\app-sip\public\index.php(37): CodeIgniter\CodeIgniter->run()
#10 A:\xampp\htdocs\app-sip\vendor\codeigniter4\framework\system\Commands\Server\rewrite.php(43): require_once('A:\\xampp\\htdocs...')
#11 {main}
CRITICAL - 2022-06-23 01:34:33 --> Invalid file: v_dataAlurPengusulan/update.php
#0 A:\xampp\htdocs\app-sip\vendor\codeigniter4\framework\system\View\View.php(198): CodeIgniter\Exceptions\FrameworkException::forInvalidFile('v_dataAlurPengu...')
#1 A:\xampp\htdocs\app-sip\vendor\codeigniter4\framework\system\Common.php(1089): CodeIgniter\View\View->render('v_dataAlurPengu...', Array, true)
#2 A:\xampp\htdocs\app-sip\app\Controllers\DataAlurPengusulan.php(55): view('v_dataAlurPengu...', Array)
#3 A:\xampp\htdocs\app-sip\vendor\codeigniter4\framework\system\CodeIgniter.php(832): App\Controllers\DataAlurPengusulan->add_alur_pengusulan()
#4 A:\xampp\htdocs\app-sip\vendor\codeigniter4\framework\system\CodeIgniter.php(419): CodeIgniter\CodeIgniter->runController(Object(App\Controllers\DataAlurPengusulan))
#5 A:\xampp\htdocs\app-sip\vendor\codeigniter4\framework\system\CodeIgniter.php(326): CodeIgniter\CodeIgniter->handleRequest(NULL, Object(Config\Cache), false)
#6 A:\xampp\htdocs\app-sip\public\index.php(37): CodeIgniter\CodeIgniter->run()
#7 A:\xampp\htdocs\app-sip\vendor\codeigniter4\framework\system\Commands\Server\rewrite.php(43): require_once('A:\\xampp\\htdocs...')
#8 {main}
CRITICAL - 2022-06-23 01:51:47 --> Invalid file: v_dataAlurPengusulan/update.php
#0 A:\xampp\htdocs\app-sip\vendor\codeigniter4\framework\system\View\View.php(198): CodeIgniter\Exceptions\FrameworkException::forInvalidFile('v_dataAlurPengu...')
#1 A:\xampp\htdocs\app-sip\vendor\codeigniter4\framework\system\Common.php(1089): CodeIgniter\View\View->render('v_dataAlurPengu...', Array, true)
#2 A:\xampp\htdocs\app-sip\app\Controllers\DataAlurPengusulan.php(55): view('v_dataAlurPengu...', Array)
#3 A:\xampp\htdocs\app-sip\vendor\codeigniter4\framework\system\CodeIgniter.php(832): App\Controllers\DataAlurPengusulan->add_alur_pengusulan()
#4 A:\xampp\htdocs\app-sip\vendor\codeigniter4\framework\system\CodeIgniter.php(419): CodeIgniter\CodeIgniter->runController(Object(App\Controllers\DataAlurPengusulan))
#5 A:\xampp\htdocs\app-sip\vendor\codeigniter4\framework\system\CodeIgniter.php(326): CodeIgniter\CodeIgniter->handleRequest(NULL, Object(Config\Cache), false)
#6 A:\xampp\htdocs\app-sip\public\index.php(37): CodeIgniter\CodeIgniter->run()
#7 A:\xampp\htdocs\app-sip\vendor\codeigniter4\framework\system\Commands\Server\rewrite.php(43): require_once('A:\\xampp\\htdocs...')
#8 {main}
