CRITICAL - 2022-07-13 00:15:17 --> Use of undefined constant data2 - assumed 'data2' (this will throw an Error in a future version of PHP)
#0 A:\xampp\htdocs\app-sip\app\Controllers\DataAdmin.php(73): CodeIgniter\Debug\Exceptions->errorHandler(2, 'Use of undefine...', 'A:\\xampp\\htdocs...', 73, Array)
#1 A:\xampp\htdocs\app-sip\vendor\codeigniter4\framework\system\CodeIgniter.php(832): App\Controllers\DataAdmin->add()
#2 A:\xampp\htdocs\app-sip\vendor\codeigniter4\framework\system\CodeIgniter.php(419): CodeIgniter\CodeIgniter->runController(Object(App\Controllers\DataAdmin))
#3 A:\xampp\htdocs\app-sip\vendor\codeigniter4\framework\system\CodeIgniter.php(326): CodeIgniter\CodeIgniter->handleRequest(NULL, Object(Config\Cache), false)
#4 A:\xampp\htdocs\app-sip\public\index.php(37): CodeIgniter\CodeIgniter->run()
#5 A:\xampp\htdocs\app-sip\vendor\codeigniter4\framework\system\Commands\Server\rewrite.php(43): require_once('A:\\xampp\\htdocs...')
#6 {main}
ERROR - 2022-07-13 21:14:51 --> Duplicate entry '' for key 'PRIMARY'
CRITICAL - 2022-07-13 21:14:51 --> Duplicate entry '' for key 'PRIMARY'
#0 A:\xampp\htdocs\app-sip\vendor\codeigniter4\framework\system\Database\MySQLi\Connection.php(292): mysqli->query('INSERT INTO `tb...', 0)
#1 A:\xampp\htdocs\app-sip\vendor\codeigniter4\framework\system\Database\BaseConnection.php(670): CodeIgniter\Database\MySQLi\Connection->execute('INSERT INTO `tb...')
#2 A:\xampp\htdocs\app-sip\vendor\codeigniter4\framework\system\Database\BaseConnection.php(598): CodeIgniter\Database\BaseConnection->simpleQuery('INSERT INTO `tb...')
#3 A:\xampp\htdocs\app-sip\vendor\codeigniter4\framework\system\Database\BaseBuilder.php(1771): CodeIgniter\Database\BaseConnection->query('INSERT INTO `tb...', Array, false)
#4 A:\xampp\htdocs\app-sip\app\Models\PetugasModel.php(74): CodeIgniter\Database\BaseBuilder->insert(Array)
#5 A:\xampp\htdocs\app-sip\app\Controllers\DataPetugas.php(78): App\Models\PetugasModel->save_petugas_in_login(Array)
#6 A:\xampp\htdocs\app-sip\vendor\codeigniter4\framework\system\CodeIgniter.php(832): App\Controllers\Datapetugas->add()
#7 A:\xampp\htdocs\app-sip\vendor\codeigniter4\framework\system\CodeIgniter.php(419): CodeIgniter\CodeIgniter->runController(Object(App\Controllers\Datapetugas))
#8 A:\xampp\htdocs\app-sip\vendor\codeigniter4\framework\system\CodeIgniter.php(326): CodeIgniter\CodeIgniter->handleRequest(NULL, Object(Config\Cache), false)
#9 A:\xampp\htdocs\app-sip\public\index.php(37): CodeIgniter\CodeIgniter->run()
#10 A:\xampp\htdocs\app-sip\vendor\codeigniter4\framework\system\Commands\Server\rewrite.php(43): require_once('A:\\xampp\\htdocs...')
#11 {main}
