ERROR - 2022-06-12 21:13:05 --> Unknown column 'tbl_detail_usulan.formasi_id' in 'on clause'
CRITICAL - 2022-06-12 21:13:05 --> Unknown column 'tbl_detail_usulan.formasi_id' in 'on clause'
#0 A:\xampp\htdocs\app-sip\vendor\codeigniter4\framework\system\Database\MySQLi\Connection.php(292): mysqli->query('SELECT *, `tbl_...', 0)
#1 A:\xampp\htdocs\app-sip\vendor\codeigniter4\framework\system\Database\BaseConnection.php(670): CodeIgniter\Database\MySQLi\Connection->execute('SELECT *, `tbl_...')
#2 A:\xampp\htdocs\app-sip\vendor\codeigniter4\framework\system\Database\BaseConnection.php(598): CodeIgniter\Database\BaseConnection->simpleQuery('SELECT *, `tbl_...')
#3 A:\xampp\htdocs\app-sip\vendor\codeigniter4\framework\system\Database\BaseBuilder.php(1455): CodeIgniter\Database\BaseConnection->query('SELECT *, `tbl_...', Array, false)
#4 A:\xampp\htdocs\app-sip\app\Models\UsulanModel.php(52): CodeIgniter\Database\BaseBuilder->get()
#5 A:\xampp\htdocs\app-sip\app\Controllers\DataUsulan.php(45): App\Models\UsulanModel->getDetailUsulan('U-CB-22')
#6 A:\xampp\htdocs\app-sip\vendor\codeigniter4\framework\system\CodeIgniter.php(832): App\Controllers\DataUsulan->detail_usulan('U-CB-22')
#7 A:\xampp\htdocs\app-sip\vendor\codeigniter4\framework\system\CodeIgniter.php(419): CodeIgniter\CodeIgniter->runController(Object(App\Controllers\DataUsulan))
#8 A:\xampp\htdocs\app-sip\vendor\codeigniter4\framework\system\CodeIgniter.php(326): CodeIgniter\CodeIgniter->handleRequest(NULL, Object(Config\Cache), false)
#9 A:\xampp\htdocs\app-sip\public\index.php(37): CodeIgniter\CodeIgniter->run()
#10 A:\xampp\htdocs\app-sip\vendor\codeigniter4\framework\system\Commands\Server\rewrite.php(43): require_once('A:\\xampp\\htdocs...')
#11 {main}
ERROR - 2022-06-12 21:13:51 --> Unknown column 'tbl_detail_usulan.formasi_id' in 'on clause'
CRITICAL - 2022-06-12 21:13:51 --> Unknown column 'tbl_detail_usulan.formasi_id' in 'on clause'
#0 A:\xampp\htdocs\app-sip\vendor\codeigniter4\framework\system\Database\MySQLi\Connection.php(292): mysqli->query('SELECT *, `tbl_...', 0)
#1 A:\xampp\htdocs\app-sip\vendor\codeigniter4\framework\system\Database\BaseConnection.php(670): CodeIgniter\Database\MySQLi\Connection->execute('SELECT *, `tbl_...')
#2 A:\xampp\htdocs\app-sip\vendor\codeigniter4\framework\system\Database\BaseConnection.php(598): CodeIgniter\Database\BaseConnection->simpleQuery('SELECT *, `tbl_...')
#3 A:\xampp\htdocs\app-sip\vendor\codeigniter4\framework\system\Database\BaseBuilder.php(1455): CodeIgniter\Database\BaseConnection->query('SELECT *, `tbl_...', Array, false)
#4 A:\xampp\htdocs\app-sip\app\Models\UsulanModel.php(52): CodeIgniter\Database\BaseBuilder->get()
#5 A:\xampp\htdocs\app-sip\app\Controllers\DataUsulan.php(45): App\Models\UsulanModel->getDetailUsulan('U-CB-22')
#6 A:\xampp\htdocs\app-sip\vendor\codeigniter4\framework\system\CodeIgniter.php(832): App\Controllers\DataUsulan->detail_usulan('U-CB-22')
#7 A:\xampp\htdocs\app-sip\vendor\codeigniter4\framework\system\CodeIgniter.php(419): CodeIgniter\CodeIgniter->runController(Object(App\Controllers\DataUsulan))
#8 A:\xampp\htdocs\app-sip\vendor\codeigniter4\framework\system\CodeIgniter.php(326): CodeIgniter\CodeIgniter->handleRequest(NULL, Object(Config\Cache), false)
#9 A:\xampp\htdocs\app-sip\public\index.php(37): CodeIgniter\CodeIgniter->run()
#10 A:\xampp\htdocs\app-sip\vendor\codeigniter4\framework\system\Commands\Server\rewrite.php(43): require_once('A:\\xampp\\htdocs...')
#11 {main}
ERROR - 2022-06-12 21:16:53 --> Unknown column 'tbl_formasi.jabatan_kode' in 'on clause'
CRITICAL - 2022-06-12 21:16:53 --> Unknown column 'tbl_formasi.jabatan_kode' in 'on clause'
#0 A:\xampp\htdocs\app-sip\vendor\codeigniter4\framework\system\Database\MySQLi\Connection.php(292): mysqli->query('SELECT *, `tbl_...', 0)
#1 A:\xampp\htdocs\app-sip\vendor\codeigniter4\framework\system\Database\BaseConnection.php(670): CodeIgniter\Database\MySQLi\Connection->execute('SELECT *, `tbl_...')
#2 A:\xampp\htdocs\app-sip\vendor\codeigniter4\framework\system\Database\BaseConnection.php(598): CodeIgniter\Database\BaseConnection->simpleQuery('SELECT *, `tbl_...')
#3 A:\xampp\htdocs\app-sip\vendor\codeigniter4\framework\system\Database\BaseBuilder.php(1455): CodeIgniter\Database\BaseConnection->query('SELECT *, `tbl_...', Array, false)
#4 A:\xampp\htdocs\app-sip\app\Models\UsulanModel.php(52): CodeIgniter\Database\BaseBuilder->get()
#5 A:\xampp\htdocs\app-sip\app\Controllers\DataUsulan.php(45): App\Models\UsulanModel->getDetailUsulan('U-CB-22')
#6 A:\xampp\htdocs\app-sip\vendor\codeigniter4\framework\system\CodeIgniter.php(832): App\Controllers\DataUsulan->detail_usulan('U-CB-22')
#7 A:\xampp\htdocs\app-sip\vendor\codeigniter4\framework\system\CodeIgniter.php(419): CodeIgniter\CodeIgniter->runController(Object(App\Controllers\DataUsulan))
#8 A:\xampp\htdocs\app-sip\vendor\codeigniter4\framework\system\CodeIgniter.php(326): CodeIgniter\CodeIgniter->handleRequest(NULL, Object(Config\Cache), false)
#9 A:\xampp\htdocs\app-sip\public\index.php(37): CodeIgniter\CodeIgniter->run()
#10 A:\xampp\htdocs\app-sip\vendor\codeigniter4\framework\system\Commands\Server\rewrite.php(43): require_once('A:\\xampp\\htdocs...')
#11 {main}
ERROR - 2022-06-12 21:16:55 --> Unknown column 'tbl_formasi.jabatan_kode' in 'on clause'
CRITICAL - 2022-06-12 21:16:55 --> Unknown column 'tbl_formasi.jabatan_kode' in 'on clause'
#0 A:\xampp\htdocs\app-sip\vendor\codeigniter4\framework\system\Database\MySQLi\Connection.php(292): mysqli->query('SELECT *, `tbl_...', 0)
#1 A:\xampp\htdocs\app-sip\vendor\codeigniter4\framework\system\Database\BaseConnection.php(670): CodeIgniter\Database\MySQLi\Connection->execute('SELECT *, `tbl_...')
#2 A:\xampp\htdocs\app-sip\vendor\codeigniter4\framework\system\Database\BaseConnection.php(598): CodeIgniter\Database\BaseConnection->simpleQuery('SELECT *, `tbl_...')
#3 A:\xampp\htdocs\app-sip\vendor\codeigniter4\framework\system\Database\BaseBuilder.php(1455): CodeIgniter\Database\BaseConnection->query('SELECT *, `tbl_...', Array, false)
#4 A:\xampp\htdocs\app-sip\app\Models\UsulanModel.php(52): CodeIgniter\Database\BaseBuilder->get()
#5 A:\xampp\htdocs\app-sip\app\Controllers\DataUsulan.php(45): App\Models\UsulanModel->getDetailUsulan('U-CB-22')
#6 A:\xampp\htdocs\app-sip\vendor\codeigniter4\framework\system\CodeIgniter.php(832): App\Controllers\DataUsulan->detail_usulan('U-CB-22')
#7 A:\xampp\htdocs\app-sip\vendor\codeigniter4\framework\system\CodeIgniter.php(419): CodeIgniter\CodeIgniter->runController(Object(App\Controllers\DataUsulan))
#8 A:\xampp\htdocs\app-sip\vendor\codeigniter4\framework\system\CodeIgniter.php(326): CodeIgniter\CodeIgniter->handleRequest(NULL, Object(Config\Cache), false)
#9 A:\xampp\htdocs\app-sip\public\index.php(37): CodeIgniter\CodeIgniter->run()
#10 A:\xampp\htdocs\app-sip\vendor\codeigniter4\framework\system\Commands\Server\rewrite.php(43): require_once('A:\\xampp\\htdocs...')
#11 {main}
ERROR - 2022-06-12 21:19:31 --> Unknown column 'tbl_formasi.jabatan_kode' in 'on clause'
CRITICAL - 2022-06-12 21:19:31 --> Unknown column 'tbl_formasi.jabatan_kode' in 'on clause'
#0 A:\xampp\htdocs\app-sip\vendor\codeigniter4\framework\system\Database\MySQLi\Connection.php(292): mysqli->query('SELECT *, `tbl_...', 0)
#1 A:\xampp\htdocs\app-sip\vendor\codeigniter4\framework\system\Database\BaseConnection.php(670): CodeIgniter\Database\MySQLi\Connection->execute('SELECT *, `tbl_...')
#2 A:\xampp\htdocs\app-sip\vendor\codeigniter4\framework\system\Database\BaseConnection.php(598): CodeIgniter\Database\BaseConnection->simpleQuery('SELECT *, `tbl_...')
#3 A:\xampp\htdocs\app-sip\vendor\codeigniter4\framework\system\Database\BaseBuilder.php(1455): CodeIgniter\Database\BaseConnection->query('SELECT *, `tbl_...', Array, false)
#4 A:\xampp\htdocs\app-sip\app\Models\UsulanModel.php(52): CodeIgniter\Database\BaseBuilder->get()
#5 A:\xampp\htdocs\app-sip\app\Controllers\DataUsulan.php(45): App\Models\UsulanModel->getDetailUsulan('U-CB-22')
#6 A:\xampp\htdocs\app-sip\vendor\codeigniter4\framework\system\CodeIgniter.php(832): App\Controllers\DataUsulan->detail_usulan('U-CB-22')
#7 A:\xampp\htdocs\app-sip\vendor\codeigniter4\framework\system\CodeIgniter.php(419): CodeIgniter\CodeIgniter->runController(Object(App\Controllers\DataUsulan))
#8 A:\xampp\htdocs\app-sip\vendor\codeigniter4\framework\system\CodeIgniter.php(326): CodeIgniter\CodeIgniter->handleRequest(NULL, Object(Config\Cache), false)
#9 A:\xampp\htdocs\app-sip\public\index.php(37): CodeIgniter\CodeIgniter->run()
#10 A:\xampp\htdocs\app-sip\vendor\codeigniter4\framework\system\Commands\Server\rewrite.php(43): require_once('A:\\xampp\\htdocs...')
#11 {main}
ERROR - 2022-06-12 21:19:33 --> Unknown column 'tbl_formasi.jabatan_kode' in 'on clause'
CRITICAL - 2022-06-12 21:19:33 --> Unknown column 'tbl_formasi.jabatan_kode' in 'on clause'
#0 A:\xampp\htdocs\app-sip\vendor\codeigniter4\framework\system\Database\MySQLi\Connection.php(292): mysqli->query('SELECT *, `tbl_...', 0)
#1 A:\xampp\htdocs\app-sip\vendor\codeigniter4\framework\system\Database\BaseConnection.php(670): CodeIgniter\Database\MySQLi\Connection->execute('SELECT *, `tbl_...')
#2 A:\xampp\htdocs\app-sip\vendor\codeigniter4\framework\system\Database\BaseConnection.php(598): CodeIgniter\Database\BaseConnection->simpleQuery('SELECT *, `tbl_...')
#3 A:\xampp\htdocs\app-sip\vendor\codeigniter4\framework\system\Database\BaseBuilder.php(1455): CodeIgniter\Database\BaseConnection->query('SELECT *, `tbl_...', Array, false)
#4 A:\xampp\htdocs\app-sip\app\Models\UsulanModel.php(52): CodeIgniter\Database\BaseBuilder->get()
#5 A:\xampp\htdocs\app-sip\app\Controllers\DataUsulan.php(45): App\Models\UsulanModel->getDetailUsulan('U-CB-22')
#6 A:\xampp\htdocs\app-sip\vendor\codeigniter4\framework\system\CodeIgniter.php(832): App\Controllers\DataUsulan->detail_usulan('U-CB-22')
#7 A:\xampp\htdocs\app-sip\vendor\codeigniter4\framework\system\CodeIgniter.php(419): CodeIgniter\CodeIgniter->runController(Object(App\Controllers\DataUsulan))
#8 A:\xampp\htdocs\app-sip\vendor\codeigniter4\framework\system\CodeIgniter.php(326): CodeIgniter\CodeIgniter->handleRequest(NULL, Object(Config\Cache), false)
#9 A:\xampp\htdocs\app-sip\public\index.php(37): CodeIgniter\CodeIgniter->run()
#10 A:\xampp\htdocs\app-sip\vendor\codeigniter4\framework\system\Commands\Server\rewrite.php(43): require_once('A:\\xampp\\htdocs...')
#11 {main}
ERROR - 2022-06-12 21:20:02 --> Unknown column 'tbl_detail_usulan.formasi_id' in 'on clause'
CRITICAL - 2022-06-12 21:20:02 --> Unknown column 'tbl_detail_usulan.formasi_id' in 'on clause'
#0 A:\xampp\htdocs\app-sip\vendor\codeigniter4\framework\system\Database\MySQLi\Connection.php(292): mysqli->query('SELECT *, `tbl_...', 0)
#1 A:\xampp\htdocs\app-sip\vendor\codeigniter4\framework\system\Database\BaseConnection.php(670): CodeIgniter\Database\MySQLi\Connection->execute('SELECT *, `tbl_...')
#2 A:\xampp\htdocs\app-sip\vendor\codeigniter4\framework\system\Database\BaseConnection.php(598): CodeIgniter\Database\BaseConnection->simpleQuery('SELECT *, `tbl_...')
#3 A:\xampp\htdocs\app-sip\vendor\codeigniter4\framework\system\Database\BaseBuilder.php(1455): CodeIgniter\Database\BaseConnection->query('SELECT *, `tbl_...', Array, false)
#4 A:\xampp\htdocs\app-sip\app\Models\UsulanModel.php(52): CodeIgniter\Database\BaseBuilder->get()
#5 A:\xampp\htdocs\app-sip\app\Controllers\DataUsulan.php(45): App\Models\UsulanModel->getDetailUsulan('U-CB-22')
#6 A:\xampp\htdocs\app-sip\vendor\codeigniter4\framework\system\CodeIgniter.php(832): App\Controllers\DataUsulan->detail_usulan('U-CB-22')
#7 A:\xampp\htdocs\app-sip\vendor\codeigniter4\framework\system\CodeIgniter.php(419): CodeIgniter\CodeIgniter->runController(Object(App\Controllers\DataUsulan))
#8 A:\xampp\htdocs\app-sip\vendor\codeigniter4\framework\system\CodeIgniter.php(326): CodeIgniter\CodeIgniter->handleRequest(NULL, Object(Config\Cache), false)
#9 A:\xampp\htdocs\app-sip\public\index.php(37): CodeIgniter\CodeIgniter->run()
#10 A:\xampp\htdocs\app-sip\vendor\codeigniter4\framework\system\Commands\Server\rewrite.php(43): require_once('A:\\xampp\\htdocs...')
#11 {main}
ERROR - 2022-06-12 21:20:03 --> Unknown column 'tbl_detail_usulan.formasi_id' in 'on clause'
CRITICAL - 2022-06-12 21:20:03 --> Unknown column 'tbl_detail_usulan.formasi_id' in 'on clause'
#0 A:\xampp\htdocs\app-sip\vendor\codeigniter4\framework\system\Database\MySQLi\Connection.php(292): mysqli->query('SELECT *, `tbl_...', 0)
#1 A:\xampp\htdocs\app-sip\vendor\codeigniter4\framework\system\Database\BaseConnection.php(670): CodeIgniter\Database\MySQLi\Connection->execute('SELECT *, `tbl_...')
#2 A:\xampp\htdocs\app-sip\vendor\codeigniter4\framework\system\Database\BaseConnection.php(598): CodeIgniter\Database\BaseConnection->simpleQuery('SELECT *, `tbl_...')
#3 A:\xampp\htdocs\app-sip\vendor\codeigniter4\framework\system\Database\BaseBuilder.php(1455): CodeIgniter\Database\BaseConnection->query('SELECT *, `tbl_...', Array, false)
#4 A:\xampp\htdocs\app-sip\app\Models\UsulanModel.php(52): CodeIgniter\Database\BaseBuilder->get()
#5 A:\xampp\htdocs\app-sip\app\Controllers\DataUsulan.php(45): App\Models\UsulanModel->getDetailUsulan('U-CB-22')
#6 A:\xampp\htdocs\app-sip\vendor\codeigniter4\framework\system\CodeIgniter.php(832): App\Controllers\DataUsulan->detail_usulan('U-CB-22')
#7 A:\xampp\htdocs\app-sip\vendor\codeigniter4\framework\system\CodeIgniter.php(419): CodeIgniter\CodeIgniter->runController(Object(App\Controllers\DataUsulan))
#8 A:\xampp\htdocs\app-sip\vendor\codeigniter4\framework\system\CodeIgniter.php(326): CodeIgniter\CodeIgniter->handleRequest(NULL, Object(Config\Cache), false)
#9 A:\xampp\htdocs\app-sip\public\index.php(37): CodeIgniter\CodeIgniter->run()
#10 A:\xampp\htdocs\app-sip\vendor\codeigniter4\framework\system\Commands\Server\rewrite.php(43): require_once('A:\\xampp\\htdocs...')
#11 {main}
ERROR - 2022-06-12 21:20:04 --> Unknown column 'tbl_detail_usulan.formasi_id' in 'on clause'
CRITICAL - 2022-06-12 21:20:04 --> Unknown column 'tbl_detail_usulan.formasi_id' in 'on clause'
#0 A:\xampp\htdocs\app-sip\vendor\codeigniter4\framework\system\Database\MySQLi\Connection.php(292): mysqli->query('SELECT *, `tbl_...', 0)
#1 A:\xampp\htdocs\app-sip\vendor\codeigniter4\framework\system\Database\BaseConnection.php(670): CodeIgniter\Database\MySQLi\Connection->execute('SELECT *, `tbl_...')
#2 A:\xampp\htdocs\app-sip\vendor\codeigniter4\framework\system\Database\BaseConnection.php(598): CodeIgniter\Database\BaseConnection->simpleQuery('SELECT *, `tbl_...')
#3 A:\xampp\htdocs\app-sip\vendor\codeigniter4\framework\system\Database\BaseBuilder.php(1455): CodeIgniter\Database\BaseConnection->query('SELECT *, `tbl_...', Array, false)
#4 A:\xampp\htdocs\app-sip\app\Models\UsulanModel.php(52): CodeIgniter\Database\BaseBuilder->get()
#5 A:\xampp\htdocs\app-sip\app\Controllers\DataUsulan.php(45): App\Models\UsulanModel->getDetailUsulan('U-CB-22')
#6 A:\xampp\htdocs\app-sip\vendor\codeigniter4\framework\system\CodeIgniter.php(832): App\Controllers\DataUsulan->detail_usulan('U-CB-22')
#7 A:\xampp\htdocs\app-sip\vendor\codeigniter4\framework\system\CodeIgniter.php(419): CodeIgniter\CodeIgniter->runController(Object(App\Controllers\DataUsulan))
#8 A:\xampp\htdocs\app-sip\vendor\codeigniter4\framework\system\CodeIgniter.php(326): CodeIgniter\CodeIgniter->handleRequest(NULL, Object(Config\Cache), false)
#9 A:\xampp\htdocs\app-sip\public\index.php(37): CodeIgniter\CodeIgniter->run()
#10 A:\xampp\htdocs\app-sip\vendor\codeigniter4\framework\system\Commands\Server\rewrite.php(43): require_once('A:\\xampp\\htdocs...')
#11 {main}
ERROR - 2022-06-12 21:20:04 --> Unknown column 'tbl_detail_usulan.formasi_id' in 'on clause'
CRITICAL - 2022-06-12 21:20:04 --> Unknown column 'tbl_detail_usulan.formasi_id' in 'on clause'
#0 A:\xampp\htdocs\app-sip\vendor\codeigniter4\framework\system\Database\MySQLi\Connection.php(292): mysqli->query('SELECT *, `tbl_...', 0)
#1 A:\xampp\htdocs\app-sip\vendor\codeigniter4\framework\system\Database\BaseConnection.php(670): CodeIgniter\Database\MySQLi\Connection->execute('SELECT *, `tbl_...')
#2 A:\xampp\htdocs\app-sip\vendor\codeigniter4\framework\system\Database\BaseConnection.php(598): CodeIgniter\Database\BaseConnection->simpleQuery('SELECT *, `tbl_...')
#3 A:\xampp\htdocs\app-sip\vendor\codeigniter4\framework\system\Database\BaseBuilder.php(1455): CodeIgniter\Database\BaseConnection->query('SELECT *, `tbl_...', Array, false)
#4 A:\xampp\htdocs\app-sip\app\Models\UsulanModel.php(52): CodeIgniter\Database\BaseBuilder->get()
#5 A:\xampp\htdocs\app-sip\app\Controllers\DataUsulan.php(45): App\Models\UsulanModel->getDetailUsulan('U-CB-22')
#6 A:\xampp\htdocs\app-sip\vendor\codeigniter4\framework\system\CodeIgniter.php(832): App\Controllers\DataUsulan->detail_usulan('U-CB-22')
#7 A:\xampp\htdocs\app-sip\vendor\codeigniter4\framework\system\CodeIgniter.php(419): CodeIgniter\CodeIgniter->runController(Object(App\Controllers\DataUsulan))
#8 A:\xampp\htdocs\app-sip\vendor\codeigniter4\framework\system\CodeIgniter.php(326): CodeIgniter\CodeIgniter->handleRequest(NULL, Object(Config\Cache), false)
#9 A:\xampp\htdocs\app-sip\public\index.php(37): CodeIgniter\CodeIgniter->run()
#10 A:\xampp\htdocs\app-sip\vendor\codeigniter4\framework\system\Commands\Server\rewrite.php(43): require_once('A:\\xampp\\htdocs...')
#11 {main}
ERROR - 2022-06-12 21:20:23 --> Unknown column 'tbl_detail_usulan.formasi_id' in 'group statement'
CRITICAL - 2022-06-12 21:20:23 --> Unknown column 'tbl_detail_usulan.formasi_id' in 'group statement'
#0 A:\xampp\htdocs\app-sip\vendor\codeigniter4\framework\system\Database\MySQLi\Connection.php(292): mysqli->query('SELECT *, `tbl_...', 0)
#1 A:\xampp\htdocs\app-sip\vendor\codeigniter4\framework\system\Database\BaseConnection.php(670): CodeIgniter\Database\MySQLi\Connection->execute('SELECT *, `tbl_...')
#2 A:\xampp\htdocs\app-sip\vendor\codeigniter4\framework\system\Database\BaseConnection.php(598): CodeIgniter\Database\BaseConnection->simpleQuery('SELECT *, `tbl_...')
#3 A:\xampp\htdocs\app-sip\vendor\codeigniter4\framework\system\Database\BaseBuilder.php(1455): CodeIgniter\Database\BaseConnection->query('SELECT *, `tbl_...', Array, false)
#4 A:\xampp\htdocs\app-sip\app\Models\UsulanModel.php(52): CodeIgniter\Database\BaseBuilder->get()
#5 A:\xampp\htdocs\app-sip\app\Controllers\DataUsulan.php(45): App\Models\UsulanModel->getDetailUsulan('U-CB-22')
#6 A:\xampp\htdocs\app-sip\vendor\codeigniter4\framework\system\CodeIgniter.php(832): App\Controllers\DataUsulan->detail_usulan('U-CB-22')
#7 A:\xampp\htdocs\app-sip\vendor\codeigniter4\framework\system\CodeIgniter.php(419): CodeIgniter\CodeIgniter->runController(Object(App\Controllers\DataUsulan))
#8 A:\xampp\htdocs\app-sip\vendor\codeigniter4\framework\system\CodeIgniter.php(326): CodeIgniter\CodeIgniter->handleRequest(NULL, Object(Config\Cache), false)
#9 A:\xampp\htdocs\app-sip\public\index.php(37): CodeIgniter\CodeIgniter->run()
#10 A:\xampp\htdocs\app-sip\vendor\codeigniter4\framework\system\Commands\Server\rewrite.php(43): require_once('A:\\xampp\\htdocs...')
#11 {main}
CRITICAL - 2022-06-12 21:20:48 --> Undefined property: stdClass::$status_usulan
#0 A:\xampp\htdocs\app-sip\app\Views\v_dataUsulan\detail_data_usulan.php(95): CodeIgniter\Debug\Exceptions->errorHandler(8, 'Undefined prope...', 'A:\\xampp\\htdocs...', 95, Array)
#1 A:\xampp\htdocs\app-sip\vendor\codeigniter4\framework\system\View\View.php(210): include('A:\\xampp\\htdocs...')
#2 A:\xampp\htdocs\app-sip\vendor\codeigniter4\framework\system\View\View.php(213): CodeIgniter\View\View->CodeIgniter\View\{closure}()
#3 A:\xampp\htdocs\app-sip\vendor\codeigniter4\framework\system\Common.php(1089): CodeIgniter\View\View->render('v_dataUsulan/de...', Array, true)
#4 A:\xampp\htdocs\app-sip\app\Controllers\DataUsulan.php(49): view('v_dataUsulan/de...', Array)
#5 A:\xampp\htdocs\app-sip\vendor\codeigniter4\framework\system\CodeIgniter.php(832): App\Controllers\DataUsulan->detail_usulan('U-CB-22')
#6 A:\xampp\htdocs\app-sip\vendor\codeigniter4\framework\system\CodeIgniter.php(419): CodeIgniter\CodeIgniter->runController(Object(App\Controllers\DataUsulan))
#7 A:\xampp\htdocs\app-sip\vendor\codeigniter4\framework\system\CodeIgniter.php(326): CodeIgniter\CodeIgniter->handleRequest(NULL, Object(Config\Cache), false)
#8 A:\xampp\htdocs\app-sip\public\index.php(37): CodeIgniter\CodeIgniter->run()
#9 A:\xampp\htdocs\app-sip\vendor\codeigniter4\framework\system\Commands\Server\rewrite.php(43): require_once('A:\\xampp\\htdocs...')
#10 {main}
CRITICAL - 2022-06-12 23:02:12 --> syntax error, unexpected 'AND' (T_LOGICAL_AND)
#0 A:\xampp\htdocs\app-sip\vendor\codeigniter4\framework\system\View\View.php(213): CodeIgniter\View\View->CodeIgniter\View\{closure}()
#1 A:\xampp\htdocs\app-sip\vendor\codeigniter4\framework\system\Common.php(1089): CodeIgniter\View\View->render('v_datausulan_pe...', Array, true)
#2 A:\xampp\htdocs\app-sip\app\Controllers\Opd\DataUsulan.php(142): view('v_datausulan_pe...', Array)
#3 A:\xampp\htdocs\app-sip\vendor\codeigniter4\framework\system\CodeIgniter.php(832): App\Controllers\Opd\DataUsulan->kirimdatausulanopd()
#4 A:\xampp\htdocs\app-sip\vendor\codeigniter4\framework\system\CodeIgniter.php(419): CodeIgniter\CodeIgniter->runController(Object(App\Controllers\Opd\DataUsulan))
#5 A:\xampp\htdocs\app-sip\vendor\codeigniter4\framework\system\CodeIgniter.php(326): CodeIgniter\CodeIgniter->handleRequest(NULL, Object(Config\Cache), false)
#6 A:\xampp\htdocs\app-sip\public\index.php(37): CodeIgniter\CodeIgniter->run()
#7 A:\xampp\htdocs\app-sip\vendor\codeigniter4\framework\system\Commands\Server\rewrite.php(43): require_once('A:\\xampp\\htdocs...')
#8 {main}
